<testsuites id="" name="" tests="387" failures="49" skipped="73" errors="140" time="747.1296560000001">
<testsuite name="active-trip.spec.ts" timestamp="2026-06-11T02:10:01.721Z" hostname="chromium" tests="12" failures="0" skipped="9" time="85.107" errors="0">
<testcase name="Active Trip - E2E › should redirect to login when not authenticated" classname="active-trip.spec.ts" time="4.003">
</testcase>
<testcase name="Active Trip - E2E › authenticated › shows &quot;Viaje no encontrado.&quot; for invalid trip ID" classname="active-trip.spec.ts" time="10.022">
</testcase>
<testcase name="Active Trip - E2E › authenticated › &quot;← Volver a viajes&quot; navigates to /trips" classname="active-trip.spec.ts" time="10.861">
</testcase>
<testcase name="Active Trip - E2E › authenticated › shows Detalle back link when trip is valid" classname="active-trip.spec.ts">
<properties>
<property name="skip" value="">
</property>
</properties>
<skipped>
</skipped>
</testcase>
<testcase name="Active Trip - E2E › authenticated › shows connection status pill (Conectando... or tracking active)" classname="active-trip.spec.ts">
<properties>
<property name="skip" value="">
</property>
</properties>
<skipped>
</skipped>
</testcase>
<testcase name="Active Trip - E2E › authenticated › shows map loading area or map content" classname="active-trip.spec.ts">
<properties>
<property name="skip" value="">
</property>
</properties>
<skipped>
</skipped>
</testcase>
<testcase name="Active Trip - E2E › authenticated › bottom panel shows Viaje en Curso badge" classname="active-trip.spec.ts">
<properties>
<property name="skip" value="">
</property>
</properties>
<skipped>
</skipped>
</testcase>
<testcase name="Active Trip - E2E › authenticated › bottom panel shows ETA ~15 MIN" classname="active-trip.spec.ts">
<properties>
<property name="skip" value="">
</property>
</properties>
<skipped>
</skipped>
</testcase>
<testcase name="Active Trip - E2E › authenticated › bottom panel shows Chat button" classname="active-trip.spec.ts">
<properties>
<property name="skip" value="">
</property>
</properties>
<skipped>
</skipped>
</testcase>
<testcase name="Active Trip - E2E › authenticated › bottom panel shows Seguridad U-Ride button" classname="active-trip.spec.ts">
<properties>
<property name="skip" value="">
</property>
</properties>
<skipped>
</skipped>
</testcase>
<testcase name="Active Trip - E2E › authenticated › driver view shows Conductor badge in bottom panel" classname="active-trip.spec.ts">
<properties>
<property name="skip" value="">
</property>
</properties>
<skipped>
</skipped>
</testcase>
<testcase name="Active Trip - E2E › authenticated › Detalle back link navigates to trip detail page" classname="active-trip.spec.ts">
<properties>
<property name="skip" value="">
</property>
</properties>
<skipped>
</skipped>
</testcase>
</testsuite>
<testsuite name="admin-reports.spec.ts" timestamp="2026-06-11T02:10:01.721Z" hostname="chromium" tests="18" failures="16" skipped="0" time="199.928" errors="0">
<testcase name="Admin — Gestión de Reportes - E2E › redirige a login si no está autenticado" classname="admin-reports.spec.ts" time="1.436">
</testcase>
<testcase name="Admin — Gestión de Reportes - E2E › bloquea acceso a un usuario no-admin" classname="admin-reports.spec.ts" time="4.593">
</testcase>
<testcase name="Admin — Gestión de Reportes - E2E › panel admin autenticado › muestra el Dashboard Admin con sidebar" classname="admin-reports.spec.ts" time="14.808">
<system-out>
<![CDATA[
[[ATTACHMENT|admin-reports-Admin-—-Gest-d8a0f-Dashboard-Admin-con-sidebar-chromium\test-failed-1.png]]

[[ATTACHMENT|admin-reports-Admin-—-Gest-d8a0f-Dashboard-Admin-con-sidebar-chromium\video.webm]]

[[ATTACHMENT|admin-reports-Admin-—-Gest-d8a0f-Dashboard-Admin-con-sidebar-chromium\error-context.md]]
]]>
</system-out>
<failure message="expect(page).toHaveURL(expected) failed" type="expect.toHaveURL">
<![CDATA[  [chromium] › admin-reports.spec.ts:37:5 › Admin — Gestión de Reportes - E2E › panel admin autenticado › muestra el Dashboard Admin con sidebar 

    Error: expect(page).toHaveURL(expected) failed

    Expected pattern: /.*\/admin/
    Received string:  "http://localhost:4278/trips"
    Timeout: 10000ms

    Call log:
      - Expect "toHaveURL" with timeout 10000ms
        5 × unexpected value "http://localhost:4278/login"
        8 × unexpected value "http://localhost:4278/trips"


       6 |   await page.fill('input[placeholder="••••••••"]', '123456');
       7 |   await page.click('button:has-text("Iniciar Sesión")');
    >  8 |   await expect(page).toHaveURL(/.*\/admin/, { timeout: 10000 });
         |                      ^
       9 | }
      10 |
      11 | async function loginAsStudent(page: Page) {
        at loginAsAdmin (C:\Users\HOME\Desktop\UTAxi\client\tests\e2e\admin-reports.spec.ts:8:22)
        at C:\Users\HOME\Desktop\UTAxi\client\tests\e2e\admin-reports.spec.ts:34:7

    attachment #1: screenshot (image/png) ──────────────────────────────────────────────────────────
    ..\..\test-results\admin-reports-Admin-—-Gest-d8a0f-Dashboard-Admin-con-sidebar-chromium\test-failed-1.png
    ────────────────────────────────────────────────────────────────────────────────────────────────

    attachment #2: video (video/webm) ──────────────────────────────────────────────────────────────
    ..\..\test-results\admin-reports-Admin-—-Gest-d8a0f-Dashboard-Admin-con-sidebar-chromium\video.webm
    ────────────────────────────────────────────────────────────────────────────────────────────────

    Error Context: ..\..\test-results\admin-reports-Admin-—-Gest-d8a0f-Dashboard-Admin-con-sidebar-chromium\error-context.md
]]>
</failure>
</testcase>
<testcase name="Admin — Gestión de Reportes - E2E › panel admin autenticado › muestra los 4 tabs de navegación en el sidebar" classname="admin-reports.spec.ts" time="13.682">
<system-out>
<![CDATA[
[[ATTACHMENT|admin-reports-Admin-—-Gest-cbae6-de-navegación-en-el-sidebar-chromium\test-failed-1.png]]

[[ATTACHMENT|admin-reports-Admin-—-Gest-cbae6-de-navegación-en-el-sidebar-chromium\video.webm]]

[[ATTACHMENT|admin-reports-Admin-—-Gest-cbae6-de-navegación-en-el-sidebar-chromium\error-context.md]]
]]>
</system-out>
<failure message="expect(page).toHaveURL(expected) failed" type="expect.toHaveURL">
<![CDATA[  [chromium] › admin-reports.spec.ts:42:5 › Admin — Gestión de Reportes - E2E › panel admin autenticado › muestra los 4 tabs de navegación en el sidebar 

    Error: expect(page).toHaveURL(expected) failed

    Expected pattern: /.*\/admin/
    Received string:  "http://localhost:4278/trips"
    Timeout: 10000ms

    Call log:
      - Expect "toHaveURL" with timeout 10000ms
        4 × unexpected value "http://localhost:4278/login"
        9 × unexpected value "http://localhost:4278/trips"


       6 |   await page.fill('input[placeholder="••••••••"]', '123456');
       7 |   await page.click('button:has-text("Iniciar Sesión")');
    >  8 |   await expect(page).toHaveURL(/.*\/admin/, { timeout: 10000 });
         |                      ^
       9 | }
      10 |
      11 | async function loginAsStudent(page: Page) {
        at loginAsAdmin (C:\Users\HOME\Desktop\UTAxi\client\tests\e2e\admin-reports.spec.ts:8:22)
        at C:\Users\HOME\Desktop\UTAxi\client\tests\e2e\admin-reports.spec.ts:34:7

    attachment #1: screenshot (image/png) ──────────────────────────────────────────────────────────
    ..\..\test-results\admin-reports-Admin-—-Gest-cbae6-de-navegación-en-el-sidebar-chromium\test-failed-1.png
    ────────────────────────────────────────────────────────────────────────────────────────────────

    attachment #2: video (video/webm) ──────────────────────────────────────────────────────────────
    ..\..\test-results\admin-reports-Admin-—-Gest-cbae6-de-navegación-en-el-sidebar-chromium\video.webm
    ────────────────────────────────────────────────────────────────────────────────────────────────

    Error Context: ..\..\test-results\admin-reports-Admin-—-Gest-cbae6-de-navegación-en-el-sidebar-chromium\error-context.md
]]>
</failure>
</testcase>
<testcase name="Admin — Gestión de Reportes - E2E › panel admin autenticado › muestra las 4 stat cards" classname="admin-reports.spec.ts" time="13.34">
<system-out>
<![CDATA[
[[ATTACHMENT|admin-reports-Admin-—-Gest-be702-do-muestra-las-4-stat-cards-chromium\test-failed-1.png]]

[[ATTACHMENT|admin-reports-Admin-—-Gest-be702-do-muestra-las-4-stat-cards-chromium\video.webm]]

[[ATTACHMENT|admin-reports-Admin-—-Gest-be702-do-muestra-las-4-stat-cards-chromium\error-context.md]]
]]>
</system-out>
<failure message="expect(page).toHaveURL(expected) failed" type="expect.toHaveURL">
<![CDATA[  [chromium] › admin-reports.spec.ts:49:5 › Admin — Gestión de Reportes - E2E › panel admin autenticado › muestra las 4 stat cards 

    Error: expect(page).toHaveURL(expected) failed

    Expected pattern: /.*\/admin/
    Received string:  "http://localhost:4278/trips"
    Timeout: 10000ms

    Call log:
      - Expect "toHaveURL" with timeout 10000ms
        5 × unexpected value "http://localhost:4278/login"
        8 × unexpected value "http://localhost:4278/trips"


       6 |   await page.fill('input[placeholder="••••••••"]', '123456');
       7 |   await page.click('button:has-text("Iniciar Sesión")');
    >  8 |   await expect(page).toHaveURL(/.*\/admin/, { timeout: 10000 });
         |                      ^
       9 | }
      10 |
      11 | async function loginAsStudent(page: Page) {
        at loginAsAdmin (C:\Users\HOME\Desktop\UTAxi\client\tests\e2e\admin-reports.spec.ts:8:22)
        at C:\Users\HOME\Desktop\UTAxi\client\tests\e2e\admin-reports.spec.ts:34:7

    attachment #1: screenshot (image/png) ──────────────────────────────────────────────────────────
    ..\..\test-results\admin-reports-Admin-—-Gest-be702-do-muestra-las-4-stat-cards-chromium\test-failed-1.png
    ────────────────────────────────────────────────────────────────────────────────────────────────

    attachment #2: video (video/webm) ──────────────────────────────────────────────────────────────
    ..\..\test-results\admin-reports-Admin-—-Gest-be702-do-muestra-las-4-stat-cards-chromium\video.webm
    ────────────────────────────────────────────────────────────────────────────────────────────────

    Error Context: ..\..\test-results\admin-reports-Admin-—-Gest-be702-do-muestra-las-4-stat-cards-chromium\error-context.md
]]>
</failure>
</testcase>
<testcase name="Admin — Gestión de Reportes - E2E › panel admin autenticado › tab Reportes está activo por defecto y muestra &quot;Gestión de Reportes&quot;" classname="admin-reports.spec.ts" time="12.683">
<system-out>
<![CDATA[
[[ATTACHMENT|admin-reports-Admin-—-Gest-2617d-uestra-Gestión-de-Reportes--chromium\test-failed-1.png]]

[[ATTACHMENT|admin-reports-Admin-—-Gest-2617d-uestra-Gestión-de-Reportes--chromium\video.webm]]

[[ATTACHMENT|admin-reports-Admin-—-Gest-2617d-uestra-Gestión-de-Reportes--chromium\error-context.md]]
]]>
</system-out>
<failure message="expect(page).toHaveURL(expected) failed" type="expect.toHaveURL">
<![CDATA[  [chromium] › admin-reports.spec.ts:58:5 › Admin — Gestión de Reportes - E2E › panel admin autenticado › tab Reportes está activo por defecto y muestra "Gestión de Reportes" 

    Error: expect(page).toHaveURL(expected) failed

    Expected pattern: /.*\/admin/
    Received string:  "http://localhost:4278/trips"
    Timeout: 10000ms

    Call log:
      - Expect "toHaveURL" with timeout 10000ms
        3 × unexpected value "http://localhost:4278/login"
        10 × unexpected value "http://localhost:4278/trips"


       6 |   await page.fill('input[placeholder="••••••••"]', '123456');
       7 |   await page.click('button:has-text("Iniciar Sesión")');
    >  8 |   await expect(page).toHaveURL(/.*\/admin/, { timeout: 10000 });
         |                      ^
       9 | }
      10 |
      11 | async function loginAsStudent(page: Page) {
        at loginAsAdmin (C:\Users\HOME\Desktop\UTAxi\client\tests\e2e\admin-reports.spec.ts:8:22)
        at C:\Users\HOME\Desktop\UTAxi\client\tests\e2e\admin-reports.spec.ts:34:7

    attachment #1: screenshot (image/png) ──────────────────────────────────────────────────────────
    ..\..\test-results\admin-reports-Admin-—-Gest-2617d-uestra-Gestión-de-Reportes--chromium\test-failed-1.png
    ────────────────────────────────────────────────────────────────────────────────────────────────

    attachment #2: video (video/webm) ──────────────────────────────────────────────────────────────
    ..\..\test-results\admin-reports-Admin-—-Gest-2617d-uestra-Gestión-de-Reportes--chromium\video.webm
    ────────────────────────────────────────────────────────────────────────────────────────────────

    Error Context: ..\..\test-results\admin-reports-Admin-—-Gest-2617d-uestra-Gestión-de-Reportes--chromium\error-context.md
]]>
</failure>
</testcase>
<testcase name="Admin — Gestión de Reportes - E2E › panel admin autenticado › muestra el dropdown de filtro de estado en el header" classname="admin-reports.spec.ts" time="11.072">
<system-out>
<![CDATA[
[[ATTACHMENT|admin-reports-Admin-—-Gest-706dc-ltro-de-estado-en-el-header-chromium\test-failed-1.png]]

[[ATTACHMENT|admin-reports-Admin-—-Gest-706dc-ltro-de-estado-en-el-header-chromium\video.webm]]

[[ATTACHMENT|admin-reports-Admin-—-Gest-706dc-ltro-de-estado-en-el-header-chromium\error-context.md]]
]]>
</system-out>
<failure message="expect(page).toHaveURL(expected) failed" type="expect.toHaveURL">
<![CDATA[  [chromium] › admin-reports.spec.ts:62:5 › Admin — Gestión de Reportes - E2E › panel admin autenticado › muestra el dropdown de filtro de estado en el header 

    Error: expect(page).toHaveURL(expected) failed

    Expected pattern: /.*\/admin/
    Received string:  "http://localhost:4278/trips"
    Timeout: 10000ms

    Call log:
      - Expect "toHaveURL" with timeout 10000ms
        4 × unexpected value "http://localhost:4278/login"
        9 × unexpected value "http://localhost:4278/trips"


       6 |   await page.fill('input[placeholder="••••••••"]', '123456');
       7 |   await page.click('button:has-text("Iniciar Sesión")');
    >  8 |   await expect(page).toHaveURL(/.*\/admin/, { timeout: 10000 });
         |                      ^
       9 | }
      10 |
      11 | async function loginAsStudent(page: Page) {
        at loginAsAdmin (C:\Users\HOME\Desktop\UTAxi\client\tests\e2e\admin-reports.spec.ts:8:22)
        at C:\Users\HOME\Desktop\UTAxi\client\tests\e2e\admin-reports.spec.ts:34:7

    attachment #1: screenshot (image/png) ──────────────────────────────────────────────────────────
    ..\..\test-results\admin-reports-Admin-—-Gest-706dc-ltro-de-estado-en-el-header-chromium\test-failed-1.png
    ────────────────────────────────────────────────────────────────────────────────────────────────

    attachment #2: video (video/webm) ──────────────────────────────────────────────────────────────
    ..\..\test-results\admin-reports-Admin-—-Gest-706dc-ltro-de-estado-en-el-header-chromium\video.webm
    ────────────────────────────────────────────────────────────────────────────────────────────────

    Error Context: ..\..\test-results\admin-reports-Admin-—-Gest-706dc-ltro-de-estado-en-el-header-chromium\error-context.md
]]>
</failure>
</testcase>
<testcase name="Admin — Gestión de Reportes - E2E › panel admin autenticado › muestra la lista de reportes o estado vacío" classname="admin-reports.spec.ts" time="11.363">
<system-out>
<![CDATA[
[[ATTACHMENT|admin-reports-Admin-—-Gest-230ec--de-reportes-o-estado-vacío-chromium\test-failed-1.png]]

[[ATTACHMENT|admin-reports-Admin-—-Gest-230ec--de-reportes-o-estado-vacío-chromium\video.webm]]

[[ATTACHMENT|admin-reports-Admin-—-Gest-230ec--de-reportes-o-estado-vacío-chromium\error-context.md]]
]]>
</system-out>
<failure message="expect(page).toHaveURL(expected) failed" type="expect.toHaveURL">
<![CDATA[  [chromium] › admin-reports.spec.ts:73:5 › Admin — Gestión de Reportes - E2E › panel admin autenticado › muestra la lista de reportes o estado vacío 

    Error: expect(page).toHaveURL(expected) failed

    Expected pattern: /.*\/admin/
    Received string:  "http://localhost:4278/trips"
    Timeout: 10000ms

    Call log:
      - Expect "toHaveURL" with timeout 10000ms
        4 × unexpected value "http://localhost:4278/login"
        9 × unexpected value "http://localhost:4278/trips"


       6 |   await page.fill('input[placeholder="••••••••"]', '123456');
       7 |   await page.click('button:has-text("Iniciar Sesión")');
    >  8 |   await expect(page).toHaveURL(/.*\/admin/, { timeout: 10000 });
         |                      ^
       9 | }
      10 |
      11 | async function loginAsStudent(page: Page) {
        at loginAsAdmin (C:\Users\HOME\Desktop\UTAxi\client\tests\e2e\admin-reports.spec.ts:8:22)
        at C:\Users\HOME\Desktop\UTAxi\client\tests\e2e\admin-reports.spec.ts:34:7

    attachment #1: screenshot (image/png) ──────────────────────────────────────────────────────────
    ..\..\test-results\admin-reports-Admin-—-Gest-230ec--de-reportes-o-estado-vacío-chromium\test-failed-1.png
    ────────────────────────────────────────────────────────────────────────────────────────────────

    attachment #2: video (video/webm) ──────────────────────────────────────────────────────────────
    ..\..\test-results\admin-reports-Admin-—-Gest-230ec--de-reportes-o-estado-vacío-chromium\video.webm
    ────────────────────────────────────────────────────────────────────────────────────────────────

    Error Context: ..\..\test-results\admin-reports-Admin-—-Gest-230ec--de-reportes-o-estado-vacío-chromium\error-context.md
]]>
</failure>
</testcase>
<testcase name="Admin — Gestión de Reportes - E2E › panel admin autenticado › filtrar por Abiertos recarga la lista de reportes" classname="admin-reports.spec.ts" time="11.345">
<system-out>
<![CDATA[
[[ATTACHMENT|admin-reports-Admin-—-Gest-b2817-ecarga-la-lista-de-reportes-chromium\test-failed-1.png]]

[[ATTACHMENT|admin-reports-Admin-—-Gest-b2817-ecarga-la-lista-de-reportes-chromium\video.webm]]

[[ATTACHMENT|admin-reports-Admin-—-Gest-b2817-ecarga-la-lista-de-reportes-chromium\error-context.md]]
]]>
</system-out>
<failure message="expect(page).toHaveURL(expected) failed" type="expect.toHaveURL">
<![CDATA[  [chromium] › admin-reports.spec.ts:80:5 › Admin — Gestión de Reportes - E2E › panel admin autenticado › filtrar por Abiertos recarga la lista de reportes 

    Error: expect(page).toHaveURL(expected) failed

    Expected pattern: /.*\/admin/
    Received string:  "http://localhost:4278/trips"
    Timeout: 10000ms

    Call log:
      - Expect "toHaveURL" with timeout 10000ms
        4 × unexpected value "http://localhost:4278/login"
        9 × unexpected value "http://localhost:4278/trips"


       6 |   await page.fill('input[placeholder="••••••••"]', '123456');
       7 |   await page.click('button:has-text("Iniciar Sesión")');
    >  8 |   await expect(page).toHaveURL(/.*\/admin/, { timeout: 10000 });
         |                      ^
       9 | }
      10 |
      11 | async function loginAsStudent(page: Page) {
        at loginAsAdmin (C:\Users\HOME\Desktop\UTAxi\client\tests\e2e\admin-reports.spec.ts:8:22)
        at C:\Users\HOME\Desktop\UTAxi\client\tests\e2e\admin-reports.spec.ts:34:7

    attachment #1: screenshot (image/png) ──────────────────────────────────────────────────────────
    ..\..\test-results\admin-reports-Admin-—-Gest-b2817-ecarga-la-lista-de-reportes-chromium\test-failed-1.png
    ────────────────────────────────────────────────────────────────────────────────────────────────

    attachment #2: video (video/webm) ──────────────────────────────────────────────────────────────
    ..\..\test-results\admin-reports-Admin-—-Gest-b2817-ecarga-la-lista-de-reportes-chromium\video.webm
    ────────────────────────────────────────────────────────────────────────────────────────────────

    Error Context: ..\..\test-results\admin-reports-Admin-—-Gest-b2817-ecarga-la-lista-de-reportes-chromium\error-context.md
]]>
</failure>
</testcase>
<testcase name="Admin — Gestión de Reportes - E2E › panel admin autenticado › filtrar por Resueltos recarga la lista" classname="admin-reports.spec.ts" time="11.419">
<system-out>
<![CDATA[
[[ATTACHMENT|admin-reports-Admin-—-Gest-f8f49--Resueltos-recarga-la-lista-chromium\test-failed-1.png]]

[[ATTACHMENT|admin-reports-Admin-—-Gest-f8f49--Resueltos-recarga-la-lista-chromium\video.webm]]

[[ATTACHMENT|admin-reports-Admin-—-Gest-f8f49--Resueltos-recarga-la-lista-chromium\error-context.md]]
]]>
</system-out>
<failure message="expect(page).toHaveURL(expected) failed" type="expect.toHaveURL">
<![CDATA[  [chromium] › admin-reports.spec.ts:88:5 › Admin — Gestión de Reportes - E2E › panel admin autenticado › filtrar por Resueltos recarga la lista 

    Error: expect(page).toHaveURL(expected) failed

    Expected pattern: /.*\/admin/
    Received string:  "http://localhost:4278/trips"
    Timeout: 10000ms

    Call log:
      - Expect "toHaveURL" with timeout 10000ms
        4 × unexpected value "http://localhost:4278/login"
        9 × unexpected value "http://localhost:4278/trips"


       6 |   await page.fill('input[placeholder="••••••••"]', '123456');
       7 |   await page.click('button:has-text("Iniciar Sesión")');
    >  8 |   await expect(page).toHaveURL(/.*\/admin/, { timeout: 10000 });
         |                      ^
       9 | }
      10 |
      11 | async function loginAsStudent(page: Page) {
        at loginAsAdmin (C:\Users\HOME\Desktop\UTAxi\client\tests\e2e\admin-reports.spec.ts:8:22)
        at C:\Users\HOME\Desktop\UTAxi\client\tests\e2e\admin-reports.spec.ts:34:7

    attachment #1: screenshot (image/png) ──────────────────────────────────────────────────────────
    ..\..\test-results\admin-reports-Admin-—-Gest-f8f49--Resueltos-recarga-la-lista-chromium\test-failed-1.png
    ────────────────────────────────────────────────────────────────────────────────────────────────

    attachment #2: video (video/webm) ──────────────────────────────────────────────────────────────
    ..\..\test-results\admin-reports-Admin-—-Gest-f8f49--Resueltos-recarga-la-lista-chromium\video.webm
    ────────────────────────────────────────────────────────────────────────────────────────────────

    Error Context: ..\..\test-results\admin-reports-Admin-—-Gest-f8f49--Resueltos-recarga-la-lista-chromium\error-context.md
]]>
</failure>
</testcase>
<testcase name="Admin — Gestión de Reportes - E2E › panel admin autenticado › muestra el modal de revisión al hacer clic en Review" classname="admin-reports.spec.ts" time="12.691">
<system-out>
<![CDATA[
[[ATTACHMENT|admin-reports-Admin-—-Gest-e6dc7-ión-al-hacer-clic-en-Review-chromium\test-failed-1.png]]

[[ATTACHMENT|admin-reports-Admin-—-Gest-e6dc7-ión-al-hacer-clic-en-Review-chromium\video.webm]]

[[ATTACHMENT|admin-reports-Admin-—-Gest-e6dc7-ión-al-hacer-clic-en-Review-chromium\error-context.md]]
]]>
</system-out>
<failure message="expect(page).toHaveURL(expected) failed" type="expect.toHaveURL">
<![CDATA[  [chromium] › admin-reports.spec.ts:94:5 › Admin — Gestión de Reportes - E2E › panel admin autenticado › muestra el modal de revisión al hacer clic en Review 

    Error: expect(page).toHaveURL(expected) failed

    Expected pattern: /.*\/admin/
    Received string:  "http://localhost:4278/trips"
    Timeout: 10000ms

    Call log:
      - Expect "toHaveURL" with timeout 10000ms
        3 × unexpected value "http://localhost:4278/login"
        10 × unexpected value "http://localhost:4278/trips"


       6 |   await page.fill('input[placeholder="••••••••"]', '123456');
       7 |   await page.click('button:has-text("Iniciar Sesión")');
    >  8 |   await expect(page).toHaveURL(/.*\/admin/, { timeout: 10000 });
         |                      ^
       9 | }
      10 |
      11 | async function loginAsStudent(page: Page) {
        at loginAsAdmin (C:\Users\HOME\Desktop\UTAxi\client\tests\e2e\admin-reports.spec.ts:8:22)
        at C:\Users\HOME\Desktop\UTAxi\client\tests\e2e\admin-reports.spec.ts:34:7

    attachment #1: screenshot (image/png) ──────────────────────────────────────────────────────────
    ..\..\test-results\admin-reports-Admin-—-Gest-e6dc7-ión-al-hacer-clic-en-Review-chromium\test-failed-1.png
    ────────────────────────────────────────────────────────────────────────────────────────────────

    attachment #2: video (video/webm) ──────────────────────────────────────────────────────────────
    ..\..\test-results\admin-reports-Admin-—-Gest-e6dc7-ión-al-hacer-clic-en-Review-chromium\video.webm
    ────────────────────────────────────────────────────────────────────────────────────────────────

    Error Context: ..\..\test-results\admin-reports-Admin-—-Gest-e6dc7-ión-al-hacer-clic-en-Review-chromium\error-context.md
]]>
</failure>
</testcase>
<testcase name="Admin — Gestión de Reportes - E2E › panel admin autenticado › ReviewModal muestra las 3 acciones disponibles" classname="admin-reports.spec.ts" time="12.373">
<system-out>
<![CDATA[
[[ATTACHMENT|admin-reports-Admin-—-Gest-7df95--las-3-acciones-disponibles-chromium\test-failed-1.png]]

[[ATTACHMENT|admin-reports-Admin-—-Gest-7df95--las-3-acciones-disponibles-chromium\video.webm]]

[[ATTACHMENT|admin-reports-Admin-—-Gest-7df95--las-3-acciones-disponibles-chromium\error-context.md]]
]]>
</system-out>
<failure message="expect(page).toHaveURL(expected) failed" type="expect.toHaveURL">
<![CDATA[  [chromium] › admin-reports.spec.ts:107:5 › Admin — Gestión de Reportes - E2E › panel admin autenticado › ReviewModal muestra las 3 acciones disponibles 

    Error: expect(page).toHaveURL(expected) failed

    Expected pattern: /.*\/admin/
    Received string:  "http://localhost:4278/trips"
    Timeout: 10000ms

    Call log:
      - Expect "toHaveURL" with timeout 10000ms
        3 × unexpected value "http://localhost:4278/login"
        10 × unexpected value "http://localhost:4278/trips"


       6 |   await page.fill('input[placeholder="••••••••"]', '123456');
       7 |   await page.click('button:has-text("Iniciar Sesión")');
    >  8 |   await expect(page).toHaveURL(/.*\/admin/, { timeout: 10000 });
         |                      ^
       9 | }
      10 |
      11 | async function loginAsStudent(page: Page) {
        at loginAsAdmin (C:\Users\HOME\Desktop\UTAxi\client\tests\e2e\admin-reports.spec.ts:8:22)
        at C:\Users\HOME\Desktop\UTAxi\client\tests\e2e\admin-reports.spec.ts:34:7

    attachment #1: screenshot (image/png) ──────────────────────────────────────────────────────────
    ..\..\test-results\admin-reports-Admin-—-Gest-7df95--las-3-acciones-disponibles-chromium\test-failed-1.png
    ────────────────────────────────────────────────────────────────────────────────────────────────

    attachment #2: video (video/webm) ──────────────────────────────────────────────────────────────
    ..\..\test-results\admin-reports-Admin-—-Gest-7df95--las-3-acciones-disponibles-chromium\video.webm
    ────────────────────────────────────────────────────────────────────────────────────────────────

    Error Context: ..\..\test-results\admin-reports-Admin-—-Gest-7df95--las-3-acciones-disponibles-chromium\error-context.md
]]>
</failure>
</testcase>
<testcase name="Admin — Gestión de Reportes - E2E › panel admin autenticado › ReviewModal se cierra al hacer clic en el backdrop" classname="admin-reports.spec.ts" time="12.011">
<system-out>
<![CDATA[
[[ATTACHMENT|admin-reports-Admin-—-Gest-a09e7-l-hacer-clic-en-el-backdrop-chromium\test-failed-1.png]]

[[ATTACHMENT|admin-reports-Admin-—-Gest-a09e7-l-hacer-clic-en-el-backdrop-chromium\video.webm]]

[[ATTACHMENT|admin-reports-Admin-—-Gest-a09e7-l-hacer-clic-en-el-backdrop-chromium\error-context.md]]
]]>
</system-out>
<failure message="expect(page).toHaveURL(expected) failed" type="expect.toHaveURL">
<![CDATA[  [chromium] › admin-reports.spec.ts:123:5 › Admin — Gestión de Reportes - E2E › panel admin autenticado › ReviewModal se cierra al hacer clic en el backdrop 

    Error: expect(page).toHaveURL(expected) failed

    Expected pattern: /.*\/admin/
    Received string:  "http://localhost:4278/trips"
    Timeout: 10000ms

    Call log:
      - Expect "toHaveURL" with timeout 10000ms
        3 × unexpected value "http://localhost:4278/login"
        10 × unexpected value "http://localhost:4278/trips"


       6 |   await page.fill('input[placeholder="••••••••"]', '123456');
       7 |   await page.click('button:has-text("Iniciar Sesión")');
    >  8 |   await expect(page).toHaveURL(/.*\/admin/, { timeout: 10000 });
         |                      ^
       9 | }
      10 |
      11 | async function loginAsStudent(page: Page) {
        at loginAsAdmin (C:\Users\HOME\Desktop\UTAxi\client\tests\e2e\admin-reports.spec.ts:8:22)
        at C:\Users\HOME\Desktop\UTAxi\client\tests\e2e\admin-reports.spec.ts:34:7

    attachment #1: screenshot (image/png) ──────────────────────────────────────────────────────────
    ..\..\test-results\admin-reports-Admin-—-Gest-a09e7-l-hacer-clic-en-el-backdrop-chromium\test-failed-1.png
    ────────────────────────────────────────────────────────────────────────────────────────────────

    attachment #2: video (video/webm) ──────────────────────────────────────────────────────────────
    ..\..\test-results\admin-reports-Admin-—-Gest-a09e7-l-hacer-clic-en-el-backdrop-chromium\video.webm
    ────────────────────────────────────────────────────────────────────────────────────────────────

    Error Context: ..\..\test-results\admin-reports-Admin-—-Gest-a09e7-l-hacer-clic-en-el-backdrop-chromium\error-context.md
]]>
</failure>
</testcase>
<testcase name="Admin — Gestión de Reportes - E2E › panel admin autenticado › flujo completo: revisar un reporte con acción DISMISSED" classname="admin-reports.spec.ts" time="12.117">
<system-out>
<![CDATA[
[[ATTACHMENT|admin-reports-Admin-—-Gest-32427-eporte-con-acción-DISMISSED-chromium\test-failed-1.png]]

[[ATTACHMENT|admin-reports-Admin-—-Gest-32427-eporte-con-acción-DISMISSED-chromium\video.webm]]

[[ATTACHMENT|admin-reports-Admin-—-Gest-32427-eporte-con-acción-DISMISSED-chromium\error-context.md]]
]]>
</system-out>
<failure message="expect(page).toHaveURL(expected) failed" type="expect.toHaveURL">
<![CDATA[  [chromium] › admin-reports.spec.ts:140:5 › Admin — Gestión de Reportes - E2E › panel admin autenticado › flujo completo: revisar un reporte con acción DISMISSED 

    Error: expect(page).toHaveURL(expected) failed

    Expected pattern: /.*\/admin/
    Received string:  "http://localhost:4278/trips"
    Timeout: 10000ms

    Call log:
      - Expect "toHaveURL" with timeout 10000ms
        3 × unexpected value "http://localhost:4278/login"
        10 × unexpected value "http://localhost:4278/trips"


       6 |   await page.fill('input[placeholder="••••••••"]', '123456');
       7 |   await page.click('button:has-text("Iniciar Sesión")');
    >  8 |   await expect(page).toHaveURL(/.*\/admin/, { timeout: 10000 });
         |                      ^
       9 | }
      10 |
      11 | async function loginAsStudent(page: Page) {
        at loginAsAdmin (C:\Users\HOME\Desktop\UTAxi\client\tests\e2e\admin-reports.spec.ts:8:22)
        at C:\Users\HOME\Desktop\UTAxi\client\tests\e2e\admin-reports.spec.ts:34:7

    attachment #1: screenshot (image/png) ──────────────────────────────────────────────────────────
    ..\..\test-results\admin-reports-Admin-—-Gest-32427-eporte-con-acción-DISMISSED-chromium\test-failed-1.png
    ────────────────────────────────────────────────────────────────────────────────────────────────

    attachment #2: video (video/webm) ──────────────────────────────────────────────────────────────
    ..\..\test-results\admin-reports-Admin-—-Gest-32427-eporte-con-acción-DISMISSED-chromium\video.webm
    ────────────────────────────────────────────────────────────────────────────────────────────────

    Error Context: ..\..\test-results\admin-reports-Admin-—-Gest-32427-eporte-con-acción-DISMISSED-chromium\error-context.md
]]>
</failure>
</testcase>
<testcase name="Admin — Gestión de Reportes - E2E › panel admin autenticado › tab Usuarios carga la lista de usuarios" classname="admin-reports.spec.ts" time="10.948">
<system-out>
<![CDATA[
[[ATTACHMENT|admin-reports-Admin-—-Gest-1c21b--carga-la-lista-de-usuarios-chromium\test-failed-1.png]]

[[ATTACHMENT|admin-reports-Admin-—-Gest-1c21b--carga-la-lista-de-usuarios-chromium\video.webm]]

[[ATTACHMENT|admin-reports-Admin-—-Gest-1c21b--carga-la-lista-de-usuarios-chromium\error-context.md]]
]]>
</system-out>
<failure message="expect(page).toHaveURL(expected) failed" type="expect.toHaveURL">
<![CDATA[  [chromium] › admin-reports.spec.ts:161:5 › Admin — Gestión de Reportes - E2E › panel admin autenticado › tab Usuarios carga la lista de usuarios 

    Error: expect(page).toHaveURL(expected) failed

    Expected pattern: /.*\/admin/
    Received string:  "http://localhost:4278/trips"
    Timeout: 10000ms

    Call log:
      - Expect "toHaveURL" with timeout 10000ms
        3 × unexpected value "http://localhost:4278/login"
        10 × unexpected value "http://localhost:4278/trips"


       6 |   await page.fill('input[placeholder="••••••••"]', '123456');
       7 |   await page.click('button:has-text("Iniciar Sesión")');
    >  8 |   await expect(page).toHaveURL(/.*\/admin/, { timeout: 10000 });
         |                      ^
       9 | }
      10 |
      11 | async function loginAsStudent(page: Page) {
        at loginAsAdmin (C:\Users\HOME\Desktop\UTAxi\client\tests\e2e\admin-reports.spec.ts:8:22)
        at C:\Users\HOME\Desktop\UTAxi\client\tests\e2e\admin-reports.spec.ts:34:7

    attachment #1: screenshot (image/png) ──────────────────────────────────────────────────────────
    ..\..\test-results\admin-reports-Admin-—-Gest-1c21b--carga-la-lista-de-usuarios-chromium\test-failed-1.png
    ────────────────────────────────────────────────────────────────────────────────────────────────

    attachment #2: video (video/webm) ──────────────────────────────────────────────────────────────
    ..\..\test-results\admin-reports-Admin-—-Gest-1c21b--carga-la-lista-de-usuarios-chromium\video.webm
    ────────────────────────────────────────────────────────────────────────────────────────────────

    Error Context: ..\..\test-results\admin-reports-Admin-—-Gest-1c21b--carga-la-lista-de-usuarios-chromium\error-context.md
]]>
</failure>
</testcase>
<testcase name="Admin — Gestión de Reportes - E2E › panel admin autenticado › búsqueda de usuario filtra la lista" classname="admin-reports.spec.ts" time="12.418">
<system-out>
<![CDATA[
[[ATTACHMENT|admin-reports-Admin-—-Gest-065bb--de-usuario-filtra-la-lista-chromium\test-failed-1.png]]

[[ATTACHMENT|admin-reports-Admin-—-Gest-065bb--de-usuario-filtra-la-lista-chromium\video.webm]]

[[ATTACHMENT|admin-reports-Admin-—-Gest-065bb--de-usuario-filtra-la-lista-chromium\error-context.md]]
]]>
</system-out>
<failure message="expect(page).toHaveURL(expected) failed" type="expect.toHaveURL">
<![CDATA[  [chromium] › admin-reports.spec.ts:166:5 › Admin — Gestión de Reportes - E2E › panel admin autenticado › búsqueda de usuario filtra la lista 

    Error: expect(page).toHaveURL(expected) failed

    Expected pattern: /.*\/admin/
    Received string:  "http://localhost:4278/trips"
    Timeout: 10000ms

    Call log:
      - Expect "toHaveURL" with timeout 10000ms
        4 × unexpected value "http://localhost:4278/login"
        9 × unexpected value "http://localhost:4278/trips"


       6 |   await page.fill('input[placeholder="••••••••"]', '123456');
       7 |   await page.click('button:has-text("Iniciar Sesión")');
    >  8 |   await expect(page).toHaveURL(/.*\/admin/, { timeout: 10000 });
         |                      ^
       9 | }
      10 |
      11 | async function loginAsStudent(page: Page) {
        at loginAsAdmin (C:\Users\HOME\Desktop\UTAxi\client\tests\e2e\admin-reports.spec.ts:8:22)
        at C:\Users\HOME\Desktop\UTAxi\client\tests\e2e\admin-reports.spec.ts:34:7

    attachment #1: screenshot (image/png) ──────────────────────────────────────────────────────────
    ..\..\test-results\admin-reports-Admin-—-Gest-065bb--de-usuario-filtra-la-lista-chromium\test-failed-1.png
    ────────────────────────────────────────────────────────────────────────────────────────────────

    attachment #2: video (video/webm) ──────────────────────────────────────────────────────────────
    ..\..\test-results\admin-reports-Admin-—-Gest-065bb--de-usuario-filtra-la-lista-chromium\video.webm
    ────────────────────────────────────────────────────────────────────────────────────────────────

    Error Context: ..\..\test-results\admin-reports-Admin-—-Gest-065bb--de-usuario-filtra-la-lista-chromium\error-context.md
]]>
</failure>
</testcase>
<testcase name="Admin — Gestión de Reportes - E2E › panel admin autenticado › tab Trazabilidad muestra eventos del sistema" classname="admin-reports.spec.ts" time="10.811">
<system-out>
<![CDATA[
[[ATTACHMENT|admin-reports-Admin-—-Gest-c8a4c-muestra-eventos-del-sistema-chromium\test-failed-1.png]]

[[ATTACHMENT|admin-reports-Admin-—-Gest-c8a4c-muestra-eventos-del-sistema-chromium\video.webm]]

[[ATTACHMENT|admin-reports-Admin-—-Gest-c8a4c-muestra-eventos-del-sistema-chromium\error-context.md]]
]]>
</system-out>
<failure message="expect(page).toHaveURL(expected) failed" type="expect.toHaveURL">
<![CDATA[  [chromium] › admin-reports.spec.ts:179:5 › Admin — Gestión de Reportes - E2E › panel admin autenticado › tab Trazabilidad muestra eventos del sistema 

    Error: expect(page).toHaveURL(expected) failed

    Expected pattern: /.*\/admin/
    Received string:  "http://localhost:4278/trips"
    Timeout: 10000ms

    Call log:
      - Expect "toHaveURL" with timeout 10000ms
        3 × unexpected value "http://localhost:4278/login"
        10 × unexpected value "http://localhost:4278/trips"


       6 |   await page.fill('input[placeholder="••••••••"]', '123456');
       7 |   await page.click('button:has-text("Iniciar Sesión")');
    >  8 |   await expect(page).toHaveURL(/.*\/admin/, { timeout: 10000 });
         |                      ^
       9 | }
      10 |
      11 | async function loginAsStudent(page: Page) {
        at loginAsAdmin (C:\Users\HOME\Desktop\UTAxi\client\tests\e2e\admin-reports.spec.ts:8:22)
        at C:\Users\HOME\Desktop\UTAxi\client\tests\e2e\admin-reports.spec.ts:34:7

    attachment #1: screenshot (image/png) ──────────────────────────────────────────────────────────
    ..\..\test-results\admin-reports-Admin-—-Gest-c8a4c-muestra-eventos-del-sistema-chromium\test-failed-1.png
    ────────────────────────────────────────────────────────────────────────────────────────────────

    attachment #2: video (video/webm) ──────────────────────────────────────────────────────────────
    ..\..\test-results\admin-reports-Admin-—-Gest-c8a4c-muestra-eventos-del-sistema-chromium\video.webm
    ────────────────────────────────────────────────────────────────────────────────────────────────

    Error Context: ..\..\test-results\admin-reports-Admin-—-Gest-c8a4c-muestra-eventos-del-sistema-chromium\error-context.md
]]>
</failure>
</testcase>
<testcase name="Admin — Gestión de Reportes - E2E › panel admin autenticado › Cerrar Sesión redirige al login" classname="admin-reports.spec.ts" time="10.818">
<system-out>
<![CDATA[
[[ATTACHMENT|admin-reports-Admin-—-Gest-affdd-ar-Sesión-redirige-al-login-chromium\test-failed-1.png]]

[[ATTACHMENT|admin-reports-Admin-—-Gest-affdd-ar-Sesión-redirige-al-login-chromium\video.webm]]

[[ATTACHMENT|admin-reports-Admin-—-Gest-affdd-ar-Sesión-redirige-al-login-chromium\error-context.md]]
]]>
</system-out>
<failure message="expect(page).toHaveURL(expected) failed" type="expect.toHaveURL">
<![CDATA[  [chromium] › admin-reports.spec.ts:189:5 › Admin — Gestión de Reportes - E2E › panel admin autenticado › Cerrar Sesión redirige al login 

    Error: expect(page).toHaveURL(expected) failed

    Expected pattern: /.*\/admin/
    Received string:  "http://localhost:4278/trips"
    Timeout: 10000ms

    Call log:
      - Expect "toHaveURL" with timeout 10000ms
        3 × unexpected value "http://localhost:4278/login"
        11 × unexpected value "http://localhost:4278/trips"


       6 |   await page.fill('input[placeholder="••••••••"]', '123456');
       7 |   await page.click('button:has-text("Iniciar Sesión")');
    >  8 |   await expect(page).toHaveURL(/.*\/admin/, { timeout: 10000 });
         |                      ^
       9 | }
      10 |
      11 | async function loginAsStudent(page: Page) {
        at loginAsAdmin (C:\Users\HOME\Desktop\UTAxi\client\tests\e2e\admin-reports.spec.ts:8:22)
        at C:\Users\HOME\Desktop\UTAxi\client\tests\e2e\admin-reports.spec.ts:34:7

    attachment #1: screenshot (image/png) ──────────────────────────────────────────────────────────
    ..\..\test-results\admin-reports-Admin-—-Gest-affdd-ar-Sesión-redirige-al-login-chromium\test-failed-1.png
    ────────────────────────────────────────────────────────────────────────────────────────────────

    attachment #2: video (video/webm) ──────────────────────────────────────────────────────────────
    ..\..\test-results\admin-reports-Admin-—-Gest-affdd-ar-Sesión-redirige-al-login-chromium\video.webm
    ────────────────────────────────────────────────────────────────────────────────────────────────

    Error Context: ..\..\test-results\admin-reports-Admin-—-Gest-affdd-ar-Sesión-redirige-al-login-chromium\error-context.md
]]>
</failure>
</testcase>
</testsuite>
<testsuite name="auth.spec.ts" timestamp="2026-06-11T02:10:01.721Z" hostname="chromium" tests="12" failures="3" skipped="0" time="40.546" errors="0">
<testcase name="Forgot Password / Reset Password Flow - E2E › should show forgot-password form with email input" classname="auth.spec.ts" time="0.941">
</testcase>
<testcase name="Forgot Password / Reset Password Flow - E2E › should navigate to forgot-password via login page link" classname="auth.spec.ts" time="1.431">
</testcase>
<testcase name="Forgot Password / Reset Password Flow - E2E › should show reset-password form with email, code and password fields" classname="auth.spec.ts" time="0.984">
</testcase>
<testcase name="Forgot Password / Reset Password Flow - E2E › should show error when reset code is invalid" classname="auth.spec.ts" time="1.302">
<system-out>
<![CDATA[
[[ATTACHMENT|auth-Forgot-Password-Reset-0ef59--when-reset-code-is-invalid-chromium\test-failed-1.png]]

[[ATTACHMENT|auth-Forgot-Password-Reset-0ef59--when-reset-code-is-invalid-chromium\video.webm]]

[[ATTACHMENT|auth-Forgot-Password-Reset-0ef59--when-reset-code-is-invalid-chromium\error-context.md]]
]]>
</system-out>
<failure message="expect(locator).toBeVisible() failed" type="expect.toBeVisible">
<![CDATA[  [chromium] › auth.spec.ts:30:3 › Forgot Password / Reset Password Flow - E2E › should show error when reset code is invalid 

    Error: expect(locator).toBeVisible() failed

    Locator: locator('text=/código|inválido|expirado|error/i')
    Expected: visible
    Error: strict mode violation: locator('text=/código|inválido|expirado|error/i') resolved to 3 elements:
        1) <p class="text-on-surface-variant mb-8">Ingresa el código que recibiste y tu nueva contra…</p> aka getByText('Ingresa el código que')
        2) <label class="block text-xs font-label uppercase tracking-widest text-on-surface-variant mb-2">Código de recuperación</label> aka getByText('Código de recuperación')
        3) <p class="text-on-surface-variant text-sm mb-4">…</p> aka getByText('¿No tienes el código?')

    Call log:
      - Expect "toBeVisible" with timeout 8000ms
      - waiting for locator('text=/código|inválido|expirado|error/i')


      38 |     await expect(
      39 |       page.locator('text=/código|inválido|expirado|error/i')
    > 40 |     ).toBeVisible({ timeout: 8000 });
         |       ^
      41 |   });
      42 | });
      43 |
        at C:\Users\HOME\Desktop\UTAxi\client\tests\e2e\auth.spec.ts:40:7

    attachment #1: screenshot (image/png) ──────────────────────────────────────────────────────────
    ..\..\test-results\auth-Forgot-Password-Reset-0ef59--when-reset-code-is-invalid-chromium\test-failed-1.png
    ────────────────────────────────────────────────────────────────────────────────────────────────

    attachment #2: video (video/webm) ──────────────────────────────────────────────────────────────
    ..\..\test-results\auth-Forgot-Password-Reset-0ef59--when-reset-code-is-invalid-chromium\video.webm
    ────────────────────────────────────────────────────────────────────────────────────────────────

    Error Context: ..\..\test-results\auth-Forgot-Password-Reset-0ef59--when-reset-code-is-invalid-chromium\error-context.md
]]>
</failure>
</testcase>
<testcase name="Authentication Flow - E2E › should register a new user and redirect to verify-email" classname="auth.spec.ts" time="13.296">
<system-out>
<![CDATA[
[[ATTACHMENT|auth-Authentication-Flow---ff90c-nd-redirect-to-verify-email-chromium\test-failed-1.png]]

[[ATTACHMENT|auth-Authentication-Flow---ff90c-nd-redirect-to-verify-email-chromium\video.webm]]

[[ATTACHMENT|auth-Authentication-Flow---ff90c-nd-redirect-to-verify-email-chromium\error-context.md]]
]]>
</system-out>
<failure message="expect(page).toHaveURL(expected) failed" type="expect.toHaveURL">
<![CDATA[  [chromium] › auth.spec.ts:45:3 › Authentication Flow - E2E › should register a new user and redirect to verify-email 

    Error: expect(page).toHaveURL(expected) failed

    Expected pattern: /.*verify-email/
    Received string:  "http://localhost:4278/register"
    Timeout: 10000ms

    Call log:
      - Expect "toHaveURL" with timeout 10000ms
        14 × unexpected value "http://localhost:4278/register"


      53 |     await page.click('button:has-text("Crear Cuenta Institucional")');
      54 |
    > 55 |     await expect(page).toHaveURL(/.*verify-email/, { timeout: 10000 });
         |                        ^
      56 |   });
      57 |
      58 |   test('should show verify-email form with code input', async ({ page }) => {
        at C:\Users\HOME\Desktop\UTAxi\client\tests\e2e\auth.spec.ts:55:24

    attachment #1: screenshot (image/png) ──────────────────────────────────────────────────────────
    ..\..\test-results\auth-Authentication-Flow---ff90c-nd-redirect-to-verify-email-chromium\test-failed-1.png
    ────────────────────────────────────────────────────────────────────────────────────────────────

    attachment #2: video (video/webm) ──────────────────────────────────────────────────────────────
    ..\..\test-results\auth-Authentication-Flow---ff90c-nd-redirect-to-verify-email-chromium\video.webm
    ────────────────────────────────────────────────────────────────────────────────────────────────

    Error Context: ..\..\test-results\auth-Authentication-Flow---ff90c-nd-redirect-to-verify-email-chromium\error-context.md
]]>
</failure>
</testcase>
<testcase name="Authentication Flow - E2E › should show verify-email form with code input" classname="auth.spec.ts" time="4.016">
</testcase>
<testcase name="Authentication Flow - E2E › should show error on invalid OTP code" classname="auth.spec.ts" time="2.396">
</testcase>
<testcase name="Authentication Flow - E2E › should login with valid credentials" classname="auth.spec.ts" time="1.713">
</testcase>
<testcase name="Authentication Flow - E2E › should reject login with incorrect password" classname="auth.spec.ts" time="8.805">
<system-out>
<![CDATA[
[[ATTACHMENT|auth-Authentication-Flow---355cf-gin-with-incorrect-password-chromium\test-failed-1.png]]

[[ATTACHMENT|auth-Authentication-Flow---355cf-gin-with-incorrect-password-chromium\video.webm]]

[[ATTACHMENT|auth-Authentication-Flow---355cf-gin-with-incorrect-password-chromium\error-context.md]]
]]>
</system-out>
<failure message="expect(locator).toBeVisible() failed" type="expect.toBeVisible">
<![CDATA[  [chromium] › auth.spec.ts:84:3 › Authentication Flow - E2E › should reject login with incorrect password 

    Error: expect(locator).toBeVisible() failed

    Locator: locator('text=/Credenciales incorrectas|credenciales/i')
    Expected: visible
    Timeout: 8000ms
    Error: element(s) not found

    Call log:
      - Expect "toBeVisible" with timeout 8000ms
      - waiting for locator('text=/Credenciales incorrectas|credenciales/i')


      89 |     await page.click('button:has-text("Iniciar Sesión")');
      90 |
    > 91 |     await expect(page.locator('text=/Credenciales incorrectas|credenciales/i')).toBeVisible({ timeout: 8000 });
         |                                                                                 ^
      92 |   });
      93 |
      94 |   test('should show inline validation error for invalid email', async ({ page }) => {
        at C:\Users\HOME\Desktop\UTAxi\client\tests\e2e\auth.spec.ts:91:81

    attachment #1: screenshot (image/png) ──────────────────────────────────────────────────────────
    ..\..\test-results\auth-Authentication-Flow---355cf-gin-with-incorrect-password-chromium\test-failed-1.png
    ────────────────────────────────────────────────────────────────────────────────────────────────

    attachment #2: video (video/webm) ──────────────────────────────────────────────────────────────
    ..\..\test-results\auth-Authentication-Flow---355cf-gin-with-incorrect-password-chromium\video.webm
    ────────────────────────────────────────────────────────────────────────────────────────────────

    Error Context: ..\..\test-results\auth-Authentication-Flow---355cf-gin-with-incorrect-password-chromium\error-context.md
]]>
</failure>
</testcase>
<testcase name="Authentication Flow - E2E › should show inline validation error for invalid email" classname="auth.spec.ts" time="3.189">
</testcase>
<testcase name="Authentication Flow - E2E › should navigate to register page from login link" classname="auth.spec.ts" time="1.647">
</testcase>
<testcase name="Authentication Flow - E2E › should redirect unauthenticated user from protected route" classname="auth.spec.ts" time="0.826">
</testcase>
</testsuite>
<testsuite name="create-trip.spec.ts" timestamp="2026-06-11T02:10:01.721Z" hostname="chromium" tests="10" failures="1" skipped="0" time="30.06" errors="0">
<testcase name="Create Trip - E2E › should redirect to login when not authenticated" classname="create-trip.spec.ts" time="0.885">
</testcase>
<testcase name="Create Trip - E2E › authenticated › should show the create trip form heading" classname="create-trip.spec.ts" time="5.057">
</testcase>
<testcase name="Create Trip - E2E › authenticated › should show campus picker with UTA campus options" classname="create-trip.spec.ts" time="2.94">
</testcase>
<testcase name="Create Trip - E2E › authenticated › should show destination field with search input" classname="create-trip.spec.ts" time="2.781">
</testcase>
<testcase name="Create Trip - E2E › authenticated › should show date, time, seats and price fields" classname="create-trip.spec.ts" time="1.731">
</testcase>
<testcase name="Create Trip - E2E › authenticated › should show campus validation error when submitting without campus" classname="create-trip.spec.ts" time="4.124">
</testcase>
<testcase name="Create Trip - E2E › authenticated › should show destination validation error when campus selected but no destination" classname="create-trip.spec.ts" time="1.431">
</testcase>
<testcase name="Create Trip - E2E › authenticated › should show date validation error when date is empty" classname="create-trip.spec.ts" time="1.672">
</testcase>
<testcase name="Create Trip - E2E › authenticated › Cancelar button navigates back to /trips" classname="create-trip.spec.ts" time="2.492">
</testcase>
<testcase name="Create Trip - E2E › authenticated › selecting a campus highlights it visually" classname="create-trip.spec.ts" time="6.947">
<system-out>
<![CDATA[
[[ATTACHMENT|create-trip-Create-Trip----8ab61-mpus-highlights-it-visually-chromium\test-failed-1.png]]

[[ATTACHMENT|create-trip-Create-Trip----8ab61-mpus-highlights-it-visually-chromium\video.webm]]

[[ATTACHMENT|create-trip-Create-Trip----8ab61-mpus-highlights-it-visually-chromium\error-context.md]]
]]>
</system-out>
<failure message="expect(locator).toBeVisible() failed" type="expect.toBeVisible">
<![CDATA[  [chromium] › create-trip.spec.ts:98:5 › Create Trip - E2E › authenticated › selecting a campus highlights it visually 

    Error: expect(locator).toBeVisible() failed

    Locator: locator('button:has-text("Campus Huachi")').locator('text="check"')
    Expected: visible
    Timeout: 5000ms
    Error: element(s) not found

    Call log:
      - Expect "toBeVisible" with timeout 5000ms
      - waiting for locator('button:has-text("Campus Huachi")').locator('text="check"')


      105 |       await expect(campusBtn).toBeVisible();
      106 |       // Verificar que el botón cambia estado (contiene el ícono check)
    > 107 |       await expect(campusBtn.locator('text="check"')).toBeVisible();
          |                                                       ^
      108 |     });
      109 |   });
      110 | });
        at C:\Users\HOME\Desktop\UTAxi\client\tests\e2e\create-trip.spec.ts:107:55

    attachment #1: screenshot (image/png) ──────────────────────────────────────────────────────────
    ..\..\test-results\create-trip-Create-Trip----8ab61-mpus-highlights-it-visually-chromium\test-failed-1.png
    ────────────────────────────────────────────────────────────────────────────────────────────────

    attachment #2: video (video/webm) ──────────────────────────────────────────────────────────────
    ..\..\test-results\create-trip-Create-Trip----8ab61-mpus-highlights-it-visually-chromium\video.webm
    ────────────────────────────────────────────────────────────────────────────────────────────────

    Error Context: ..\..\test-results\create-trip-Create-Trip----8ab61-mpus-highlights-it-visually-chromium\error-context.md
]]>
</failure>
</testcase>
</testsuite>
<testsuite name="home.spec.ts" timestamp="2026-06-11T02:10:01.721Z" hostname="chromium" tests="3" failures="0" skipped="0" time="2.605" errors="0">
<testcase name="Home / - E2E › unauthenticated: / redirects to /login" classname="home.spec.ts" time="0.504">
</testcase>
<testcase name="Home / - E2E › authenticated: / redirects to /trips" classname="home.spec.ts" time="1.473">
</testcase>
<testcase name="Home / - E2E › unknown route redirects to /login when unauthenticated" classname="home.spec.ts" time="0.628">
</testcase>
</testsuite>
<testsuite name="manage-requests.spec.ts" timestamp="2026-06-11T02:10:01.721Z" hostname="chromium" tests="18" failures="0" skipped="17" time="46.614" errors="0">
<testcase name="Manage Requests - E2E › should redirect to login when not authenticated" classname="manage-requests.spec.ts" time="0.673">
</testcase>
<testcase name="Manage Requests - E2E › authenticated › should show Solicitudes Pendientes heading" classname="manage-requests.spec.ts">
<properties>
<property name="skip" value="">
</property>
</properties>
<skipped>
</skipped>
</testcase>
<testcase name="Manage Requests - E2E › authenticated › should show Pasajeros Confirmados section" classname="manage-requests.spec.ts">
<properties>
<property name="skip" value="">
</property>
</properties>
<skipped>
</skipped>
</testcase>
<testcase name="Manage Requests - E2E › authenticated › shows empty state when no pending requests" classname="manage-requests.spec.ts">
<properties>
<property name="skip" value="">
</property>
</properties>
<skipped>
</skipped>
</testcase>
<testcase name="Manage Requests - E2E › authenticated › pending request shows Aceptar and Declinar buttons" classname="manage-requests.spec.ts">
<properties>
<property name="skip" value="">
</property>
</properties>
<skipped>
</skipped>
</testcase>
<testcase name="Manage Requests - E2E › authenticated › shows Empezar Viaje button when trip is SCHEDULED" classname="manage-requests.spec.ts">
<properties>
<property name="skip" value="">
</property>
</properties>
<skipped>
</skipped>
</testcase>
<testcase name="Manage Requests - E2E › authenticated › shows Ir al Mapa GPS and Completar Viaje when trip is IN_PROGRESS" classname="manage-requests.spec.ts">
<properties>
<property name="skip" value="">
</property>
</properties>
<skipped>
</skipped>
</testcase>
<testcase name="Manage Requests - E2E › authenticated › shows Viaje Completado when trip is COMPLETED" classname="manage-requests.spec.ts">
<properties>
<property name="skip" value="">
</property>
</properties>
<skipped>
</skipped>
</testcase>
<testcase name="Manage Requests - E2E › authenticated › confirmed passenger shows Marcar llegada button" classname="manage-requests.spec.ts">
<properties>
<property name="skip" value="">
</property>
</properties>
<skipped>
</skipped>
</testcase>
<testcase name="Manage Requests - E2E › authenticated › confirmed passenger shows Calificar button when not yet rated" classname="manage-requests.spec.ts">
<properties>
<property name="skip" value="">
</property>
</properties>
<skipped>
</skipped>
</testcase>
<testcase name="Manage Requests - E2E › authenticated › Mis viajes back link navigates to /trips" classname="manage-requests.spec.ts">
<properties>
<property name="skip" value="">
</property>
</properties>
<skipped>
</skipped>
</testcase>
<testcase name="Manage Requests - E2E › authenticated › shows Reglas de Seguridad section" classname="manage-requests.spec.ts">
<properties>
<property name="skip" value="">
</property>
</properties>
<skipped>
</skipped>
</testcase>
<testcase name="Manage Requests - E2E › authenticated › shows Monitoreo U-Ride security banner" classname="manage-requests.spec.ts">
<properties>
<property name="skip" value="">
</property>
</properties>
<skipped>
</skipped>
</testcase>
<testcase name="Manage Requests - E2E › authenticated › confirmed passenger shows flag (report) button" classname="manage-requests.spec.ts">
<properties>
<property name="skip" value="">
</property>
</properties>
<skipped>
</skipped>
</testcase>
<testcase name="Manage Requests - E2E › authenticated › clicking flag button opens report modal" classname="manage-requests.spec.ts">
<properties>
<property name="skip" value="">
</property>
</properties>
<skipped>
</skipped>
</testcase>
<testcase name="Manage Requests - E2E › authenticated › report modal validates minimum description length" classname="manage-requests.spec.ts">
<properties>
<property name="skip" value="">
</property>
</properties>
<skipped>
</skipped>
</testcase>
<testcase name="Manage Requests - E2E › authenticated › report modal submits successfully with valid data" classname="manage-requests.spec.ts">
<properties>
<property name="skip" value="">
</property>
</properties>
<skipped>
</skipped>
</testcase>
<testcase name="Manage Requests - E2E › authenticated › report modal closes on Cancelar click" classname="manage-requests.spec.ts">
<properties>
<property name="skip" value="">
</property>
</properties>
<skipped>
</skipped>
</testcase>
</testsuite>
<testsuite name="my-trips.spec.ts" timestamp="2026-06-11T02:10:01.721Z" hostname="chromium" tests="8" failures="0" skipped="1" time="26.01" errors="0">
<testcase name="My Trips - E2E › should redirect to login when not authenticated" classname="my-trips.spec.ts" time="0.551">
</testcase>
<testcase name="My Trips - E2E › authenticated › should show Mis Viajes heading and Panel del Conductor" classname="my-trips.spec.ts" time="2.451">
</testcase>
<testcase name="My Trips - E2E › authenticated › should show Activos and Completados tab buttons" classname="my-trips.spec.ts" time="2.683">
</testcase>
<testcase name="My Trips - E2E › authenticated › should show Publicar Viaje link in header" classname="my-trips.spec.ts" time="3.562">
</testcase>
<testcase name="My Trips - E2E › authenticated › Activos tab: shows trips or empty state &quot;Sin viajes activos&quot;" classname="my-trips.spec.ts" time="4.855">
</testcase>
<testcase name="My Trips - E2E › authenticated › Completados tab: shows &quot;Sin viajes completados&quot; or completed trips" classname="my-trips.spec.ts" time="5.626">
</testcase>
<testcase name="My Trips - E2E › authenticated › empty state Activos shows Publicar Viaje link" classname="my-trips.spec.ts" time="2.286">
</testcase>
<testcase name="My Trips - E2E › authenticated › clicking Gestionar in a trip row navigates to requests page" classname="my-trips.spec.ts">
<properties>
<property name="skip" value="">
</property>
</properties>
<skipped>
</skipped>
</testcase>
</testsuite>
<testsuite name="payment.spec.ts" timestamp="2026-06-11T02:10:01.721Z" hostname="chromium" tests="8" failures="0" skipped="5" time="26.543" errors="0">
<testcase name="Payment - E2E › should redirect to login when not authenticated" classname="payment.spec.ts" time="0.55">
</testcase>
<testcase name="Payment - E2E › authenticated › shows &quot;Solicitud no encontrada&quot; for invalid request ID" classname="payment.spec.ts" time="3.283">
</testcase>
<testcase name="Payment - E2E › authenticated › &quot;Volver a mis solicitudes&quot; link navigates to /requests" classname="payment.spec.ts" time="3.533">
</testcase>
<testcase name="Payment - E2E › authenticated › payment page shows Confirmar Pago heading and card form" classname="payment.spec.ts">
<properties>
<property name="skip" value="">
</property>
</properties>
<skipped>
</skipped>
</testcase>
<testcase name="Payment - E2E › authenticated › payment page shows Confirmar Pago button and Cancelar Transacción link" classname="payment.spec.ts">
<properties>
<property name="skip" value="">
</property>
</properties>
<skipped>
</skipped>
</testcase>
<testcase name="Payment - E2E › authenticated › payment page shows demo disclaimer" classname="payment.spec.ts">
<properties>
<property name="skip" value="">
</property>
</properties>
<skipped>
</skipped>
</testcase>
<testcase name="Payment - E2E › authenticated › Cancelar Transacción navigates back to /requests" classname="payment.spec.ts">
<properties>
<property name="skip" value="">
</property>
</properties>
<skipped>
</skipped>
</testcase>
<testcase name="Payment - E2E › authenticated › confirming payment shows ¡Pago Confirmado! and redirects" classname="payment.spec.ts">
<properties>
<property name="skip" value="">
</property>
</properties>
<skipped>
</skipped>
</testcase>
</testsuite>
<testsuite name="profile.spec.ts" timestamp="2026-06-11T02:10:01.721Z" hostname="chromium" tests="9" failures="0" skipped="0" time="26.803" errors="0">
<testcase name="Profile - E2E › should redirect to login when not authenticated" classname="profile.spec.ts" time="0.727">
</testcase>
<testcase name="Profile - E2E › authenticated › should show user name as page heading" classname="profile.spec.ts" time="3.787">
</testcase>
<testcase name="Profile - E2E › authenticated › should show Información Personal section" classname="profile.spec.ts" time="3.838">
</testcase>
<testcase name="Profile - E2E › authenticated › should show profile form fields" classname="profile.spec.ts" time="1.813">
</testcase>
<testcase name="Profile - E2E › authenticated › should show Guardar Cambios button" classname="profile.spec.ts" time="5.225">
</testcase>
<testcase name="Profile - E2E › authenticated › should show vehicle section" classname="profile.spec.ts" time="2.582">
</testcase>
<testcase name="Profile - E2E › authenticated › should save profile changes and show success state" classname="profile.spec.ts" time="2.912">
</testcase>
<testcase name="Profile - E2E › authenticated › should show edit button for profile info" classname="profile.spec.ts" time="3.707">
</testcase>
<testcase name="Profile - E2E › authenticated › should navigate to /profile from navbar" classname="profile.spec.ts" time="2.212">
</testcase>
</testsuite>
<testsuite name="report-driver.spec.ts" timestamp="2026-06-11T02:10:01.721Z" hostname="chromium" tests="13" failures="0" skipped="3" time="48.004" errors="0">
<testcase name="Reportar Conductor - E2E › redirige a login si no está autenticado" classname="report-driver.spec.ts" time="0.912">
</testcase>
<testcase name="Reportar Conductor - E2E › página /reports › muestra el título &quot;Reportar Usuario&quot;" classname="report-driver.spec.ts" time="2.169">
</testcase>
<testcase name="Reportar Conductor - E2E › página /reports › muestra el nombre del conductor desde el query param" classname="report-driver.spec.ts" time="7.686">
</testcase>
<testcase name="Reportar Conductor - E2E › página /reports › muestra las secciones del formulario" classname="report-driver.spec.ts" time="4.993">
</testcase>
<testcase name="Reportar Conductor - E2E › página /reports › el botón Enviar Reporte está deshabilitado sin motivo ni descripción" classname="report-driver.spec.ts" time="4.074">
</testcase>
<testcase name="Reportar Conductor - E2E › página /reports › el botón Enviar Reporte sigue deshabilitado con solo motivo seleccionado" classname="report-driver.spec.ts" time="2.22">
</testcase>
<testcase name="Reportar Conductor - E2E › página /reports › el botón Enviar Reporte sigue deshabilitado con descripción menor a 10 chars" classname="report-driver.spec.ts" time="4.135">
</testcase>
<testcase name="Reportar Conductor - E2E › página /reports › el botón Enviar Reporte se habilita con motivo y descripción válida" classname="report-driver.spec.ts" time="2.173">
</testcase>
<testcase name="Reportar Conductor - E2E › página /reports › el link Cancelar navega de vuelta a /trips" classname="report-driver.spec.ts" time="7.293">
</testcase>
<testcase name="Reportar Conductor - E2E › página /reports › muestra opciones correctas en el selector de motivo" classname="report-driver.spec.ts" time="3.629">
</testcase>
<testcase name="Reportar Conductor - E2E › botón Reportar conductor desde Mis Solicitudes › muestra Reportar conductor en historial si hay viajes completados" classname="report-driver.spec.ts">
<properties>
<property name="skip" value="">
</property>
</properties>
<skipped>
</skipped>
</testcase>
<testcase name="Reportar Conductor - E2E › botón Reportar conductor desde Mis Solicitudes › Reportar conductor navega a /reports con userId y name en query" classname="report-driver.spec.ts">
<properties>
<property name="skip" value="">
</property>
</properties>
<skipped>
</skipped>
</testcase>
<testcase name="Reportar Conductor - E2E › botón Reportar conductor desde Mis Solicitudes › flujo completo: reportar conductor desde historial hasta confirmación" classname="report-driver.spec.ts">
<properties>
<property name="skip" value="">
</property>
</properties>
<skipped>
</skipped>
</testcase>
</testsuite>
<testsuite name="requests.spec.ts" timestamp="2026-06-11T02:10:01.721Z" hostname="chromium" tests="10" failures="0" skipped="3" time="34.286" errors="0">
<testcase name="My Requests - E2E › should redirect to login when not authenticated" classname="requests.spec.ts" time="0.528">
</testcase>
<testcase name="My Requests - E2E › authenticated › should show Mis Solicitudes heading and Panel de Pasajero" classname="requests.spec.ts" time="3.353">
</testcase>
<testcase name="My Requests - E2E › authenticated › should show Activas and Historial tab buttons" classname="requests.spec.ts" time="5.737">
</testcase>
<testcase name="My Requests - E2E › authenticated › should show U-Wallet sidebar with Recargar link" classname="requests.spec.ts" time="1.991">
</testcase>
<testcase name="My Requests - E2E › authenticated › Activas tab: shows requests or empty state with Buscar Viaje link" classname="requests.spec.ts" time="3.7">
</testcase>
<testcase name="My Requests - E2E › authenticated › empty Activas state shows Buscar Viaje link to /trips" classname="requests.spec.ts" time="2.613">
</testcase>
<testcase name="My Requests - E2E › authenticated › Historial tab: shows completed requests or empty state" classname="requests.spec.ts" time="4.701">
</testcase>
<testcase name="My Requests - E2E › authenticated › pending request shows Cancelar Solicitud button" classname="requests.spec.ts">
<properties>
<property name="skip" value="">
</property>
</properties>
<skipped>
</skipped>
</testcase>
<testcase name="My Requests - E2E › authenticated › accepted unpaid request shows payment buttons" classname="requests.spec.ts">
<properties>
<property name="skip" value="">
</property>
</properties>
<skipped>
</skipped>
</testcase>
<testcase name="My Requests - E2E › authenticated › completed request shows Calificar button" classname="requests.spec.ts">
<properties>
<property name="skip" value="">
</property>
</properties>
<skipped>
</skipped>
</testcase>
</testsuite>
<testsuite name="trips.spec.ts" timestamp="2026-06-11T02:10:01.721Z" hostname="chromium" tests="8" failures="2" skipped="0" time="46.352" errors="0">
<testcase name="Trips Flow - E2E › should show trips list with heading" classname="trips.spec.ts" time="4.979">
</testcase>
<testcase name="Trips Flow - E2E › should show sort buttons on trips list" classname="trips.spec.ts" time="4.511">
</testcase>
<testcase name="Trips Flow - E2E › should navigate to trip detail on card click" classname="trips.spec.ts" time="11.202">
<system-out>
<![CDATA[
[[ATTACHMENT|trips-Trips-Flow---E2E-sho-e067c-o-trip-detail-on-card-click-chromium\test-failed-1.png]]

[[ATTACHMENT|trips-Trips-Flow---E2E-sho-e067c-o-trip-detail-on-card-click-chromium\video.webm]]

[[ATTACHMENT|trips-Trips-Flow---E2E-sho-e067c-o-trip-detail-on-card-click-chromium\error-context.md]]
]]>
</system-out>
<failure message="expect(locator).toBeVisible() failed" type="expect.toBeVisible">
<![CDATA[  [chromium] › trips.spec.ts:29:3 › Trips Flow - E2E › should navigate to trip detail on card click 

    Error: expect(locator).toBeVisible() failed

    Locator: locator('a[href^="/trips/"]:not([href="/trips/new"])').first()
    Expected: visible
    Timeout: 10000ms
    Error: element(s) not found

    Call log:
      - Expect "toBeVisible" with timeout 10000ms
      - waiting for locator('a[href^="/trips/"]:not([href="/trips/new"])').first()


      32 |     // Wait for at least one trip card to appear (Link to /trips/:id)
      33 |     const firstCard = page.locator('a[href^="/trips/"]:not([href="/trips/new"])').first();
    > 34 |     await expect(firstCard).toBeVisible({ timeout: 10000 });
         |                             ^
      35 |     await firstCard.click();
      36 |
      37 |     await expect(page).toHaveURL(/\/trips\/[^/]+$/, { timeout: 8000 });
        at C:\Users\HOME\Desktop\UTAxi\client\tests\e2e\trips.spec.ts:34:29

    attachment #1: screenshot (image/png) ──────────────────────────────────────────────────────────
    ..\..\test-results\trips-Trips-Flow---E2E-sho-e067c-o-trip-detail-on-card-click-chromium\test-failed-1.png
    ────────────────────────────────────────────────────────────────────────────────────────────────

    attachment #2: video (video/webm) ──────────────────────────────────────────────────────────────
    ..\..\test-results\trips-Trips-Flow---E2E-sho-e067c-o-trip-detail-on-card-click-chromium\video.webm
    ────────────────────────────────────────────────────────────────────────────────────────────────

    Error Context: ..\..\test-results\trips-Trips-Flow---E2E-sho-e067c-o-trip-detail-on-card-click-chromium\error-context.md
]]>
</failure>
</testcase>
<testcase name="Trips Flow - E2E › should show Solicitar Unirse button on a trip not owned by user" classname="trips.spec.ts" time="11.749">
<system-out>
<![CDATA[
[[ATTACHMENT|trips-Trips-Flow---E2E-sho-31391-on-a-trip-not-owned-by-user-chromium\test-failed-1.png]]

[[ATTACHMENT|trips-Trips-Flow---E2E-sho-31391-on-a-trip-not-owned-by-user-chromium\video.webm]]

[[ATTACHMENT|trips-Trips-Flow---E2E-sho-31391-on-a-trip-not-owned-by-user-chromium\error-context.md]]
]]>
</system-out>
<failure message="expect(locator).toBeVisible() failed" type="expect.toBeVisible">
<![CDATA[  [chromium] › trips.spec.ts:41:3 › Trips Flow - E2E › should show Solicitar Unirse button on a trip not owned by user 

    Error: expect(locator).toBeVisible() failed

    Locator: locator('a[href^="/trips/"]:not([href="/trips/new"])').first()
    Expected: visible
    Timeout: 10000ms
    Error: element(s) not found

    Call log:
      - Expect "toBeVisible" with timeout 10000ms
      - waiting for locator('a[href^="/trips/"]:not([href="/trips/new"])').first()


      43 |
      44 |     const firstCard = page.locator('a[href^="/trips/"]:not([href="/trips/new"])').first();
    > 45 |     await expect(firstCard).toBeVisible({ timeout: 10000 });
         |                             ^
      46 |     await firstCard.click();
      47 |
      48 |     // Could be "Solicitar Unirse", "Gestionar Solicitudes" (if driver), or "¡Solicitud enviada!"
        at C:\Users\HOME\Desktop\UTAxi\client\tests\e2e\trips.spec.ts:45:29

    attachment #1: screenshot (image/png) ──────────────────────────────────────────────────────────
    ..\..\test-results\trips-Trips-Flow---E2E-sho-31391-on-a-trip-not-owned-by-user-chromium\test-failed-1.png
    ────────────────────────────────────────────────────────────────────────────────────────────────

    attachment #2: video (video/webm) ──────────────────────────────────────────────────────────────
    ..\..\test-results\trips-Trips-Flow---E2E-sho-31391-on-a-trip-not-owned-by-user-chromium\video.webm
    ────────────────────────────────────────────────────────────────────────────────────────────────

    Error Context: ..\..\test-results\trips-Trips-Flow---E2E-sho-31391-on-a-trip-not-owned-by-user-chromium\error-context.md
]]>
</failure>
</testcase>
<testcase name="Trips Flow - E2E › should filter trips by origin zone" classname="trips.spec.ts" time="2.089">
</testcase>
<testcase name="Trips Flow - E2E › should filter trips by destination zone" classname="trips.spec.ts" time="3.2">
</testcase>
<testcase name="Trips Flow - E2E › should show empty state when no trips match filter" classname="trips.spec.ts" time="2.279">
</testcase>
<testcase name="Trips Flow - E2E › should clear filters and show all trips again" classname="trips.spec.ts" time="6.343">
</testcase>
</testsuite>
<testsuite name="active-trip.spec.ts" timestamp="2026-06-11T02:10:01.721Z" hostname="firefox" tests="12" failures="0" skipped="0" time="360.806" errors="12">
<testcase name="Active Trip - E2E › should redirect to login when not authenticated" classname="active-trip.spec.ts" time="30.04">
<system-out>
<![CDATA[
[[ATTACHMENT|active-trip-Active-Trip----066ec-ogin-when-not-authenticated-firefox\video.webm]]

[[ATTACHMENT|active-trip-Active-Trip----066ec-ogin-when-not-authenticated-firefox\error-context.md]]
]]>
</system-out>
<error message="Test timeout of 30000ms exceeded while setting up &quot;page&quot;." type="Error">
<![CDATA[  [firefox] › active-trip.spec.ts:31:3 › Active Trip - E2E › should redirect to login when not authenticated 

    Test timeout of 30000ms exceeded while setting up "page".

    Error: browserContext.newPage: Test timeout of 30000ms exceeded.

    attachment #1: video (video/webm) ──────────────────────────────────────────────────────────────
    ..\..\test-results\active-trip-Active-Trip----066ec-ogin-when-not-authenticated-firefox\video.webm
    ────────────────────────────────────────────────────────────────────────────────────────────────

    Error Context: ..\..\test-results\active-trip-Active-Trip----066ec-ogin-when-not-authenticated-firefox\error-context.md
]]>
</error>
</testcase>
<testcase name="Active Trip - E2E › authenticated › shows &quot;Viaje no encontrado.&quot; for invalid trip ID" classname="active-trip.spec.ts" time="30.031">
<system-out>
<![CDATA[
[[ATTACHMENT|active-trip-Active-Trip----4e91a-ontrado-for-invalid-trip-ID-firefox\video.webm]]

[[ATTACHMENT|active-trip-Active-Trip----4e91a-ontrado-for-invalid-trip-ID-firefox\error-context.md]]
]]>
</system-out>
<error message="Test timeout of 30000ms exceeded while running &quot;beforeEach&quot; hook." type="Error">
<![CDATA[  [firefox] › active-trip.spec.ts:41:5 › Active Trip - E2E › authenticated › shows "Viaje no encontrado." for invalid trip ID 

    Test timeout of 30000ms exceeded while running "beforeEach" hook.

      35 |
      36 |   test.describe('authenticated', () => {
    > 37 |     test.beforeEach(async ({ page }) => {
         |          ^
      38 |       await login(page);
      39 |     });
      40 |
        at C:\Users\HOME\Desktop\UTAxi\client\tests\e2e\active-trip.spec.ts:37:10

    Error: browserContext.newPage: Test timeout of 30000ms exceeded.

    attachment #1: video (video/webm) ──────────────────────────────────────────────────────────────
    ..\..\test-results\active-trip-Active-Trip----4e91a-ontrado-for-invalid-trip-ID-firefox\video.webm
    ────────────────────────────────────────────────────────────────────────────────────────────────

    Error Context: ..\..\test-results\active-trip-Active-Trip----4e91a-ontrado-for-invalid-trip-ID-firefox\error-context.md
]]>
</error>
</testcase>
<testcase name="Active Trip - E2E › authenticated › &quot;← Volver a viajes&quot; navigates to /trips" classname="active-trip.spec.ts" time="30.084">
<system-out>
<![CDATA[
[[ATTACHMENT|active-trip-Active-Trip----82524-a-viajes-navigates-to-trips-firefox\video.webm]]

[[ATTACHMENT|active-trip-Active-Trip----82524-a-viajes-navigates-to-trips-firefox\error-context.md]]
]]>
</system-out>
<error message="Test timeout of 30000ms exceeded while running &quot;beforeEach&quot; hook." type="Error">
<![CDATA[  [firefox] › active-trip.spec.ts:53:5 › Active Trip - E2E › authenticated › "← Volver a viajes" navigates to /trips 

    Test timeout of 30000ms exceeded while running "beforeEach" hook.

      35 |
      36 |   test.describe('authenticated', () => {
    > 37 |     test.beforeEach(async ({ page }) => {
         |          ^
      38 |       await login(page);
      39 |     });
      40 |
        at C:\Users\HOME\Desktop\UTAxi\client\tests\e2e\active-trip.spec.ts:37:10

    Error: browserContext.newPage: Test timeout of 30000ms exceeded.

    attachment #1: video (video/webm) ──────────────────────────────────────────────────────────────
    ..\..\test-results\active-trip-Active-Trip----82524-a-viajes-navigates-to-trips-firefox\video.webm
    ────────────────────────────────────────────────────────────────────────────────────────────────

    Error Context: ..\..\test-results\active-trip-Active-Trip----82524-a-viajes-navigates-to-trips-firefox\error-context.md
]]>
</error>
</testcase>
<testcase name="Active Trip - E2E › authenticated › shows Detalle back link when trip is valid" classname="active-trip.spec.ts" time="30.045">
<system-out>
<![CDATA[
[[ATTACHMENT|active-trip-Active-Trip----a2565-ack-link-when-trip-is-valid-firefox\video.webm]]

[[ATTACHMENT|active-trip-Active-Trip----a2565-ack-link-when-trip-is-valid-firefox\error-context.md]]
]]>
</system-out>
<error message="Test timeout of 30000ms exceeded while running &quot;beforeEach&quot; hook." type="Error">
<![CDATA[  [firefox] › active-trip.spec.ts:60:5 › Active Trip - E2E › authenticated › shows Detalle back link when trip is valid 

    Test timeout of 30000ms exceeded while running "beforeEach" hook.

      35 |
      36 |   test.describe('authenticated', () => {
    > 37 |     test.beforeEach(async ({ page }) => {
         |          ^
      38 |       await login(page);
      39 |     });
      40 |
        at C:\Users\HOME\Desktop\UTAxi\client\tests\e2e\active-trip.spec.ts:37:10

    Error: browserContext.newPage: Test timeout of 30000ms exceeded.

    attachment #1: video (video/webm) ──────────────────────────────────────────────────────────────
    ..\..\test-results\active-trip-Active-Trip----a2565-ack-link-when-trip-is-valid-firefox\video.webm
    ────────────────────────────────────────────────────────────────────────────────────────────────

    Error Context: ..\..\test-results\active-trip-Active-Trip----a2565-ack-link-when-trip-is-valid-firefox\error-context.md
]]>
</error>
[...]
]]>
</system-out>
<failure message="expect(page).toHaveURL(expected) failed" type="expect.toHaveURL">
<![CDATA[  [webkit] › profile.spec.ts:92:5 › Profile - E2E › authenticated › should navigate to /profile from navbar 

    Error: expect(page).toHaveURL(expected) failed

    Expected pattern: /.*trips/
    Received string:  "http://localhost:4278/login"

    Call log:
      - Expect "toHaveURL" with timeout 10000ms
        2 × unexpected value "http://localhost:4278/login"


       6 |   await page.fill('input[placeholder="••••••••"]', 'Password123!');
       7 |   await page.click('button:has-text("Iniciar Sesión")');
    >  8 |   await expect(page).toHaveURL(/.*trips/, { timeout: 10000 });
         |                      ^
       9 | }
      10 |
      11 | test.describe('Profile - E2E', () => {
        at login (C:\Users\HOME\Desktop\UTAxi\client\tests\e2e\profile.spec.ts:8:22)
        at C:\Users\HOME\Desktop\UTAxi\client\tests\e2e\profile.spec.ts:19:7

    attachment #1: video (video/webm) ──────────────────────────────────────────────────────────────
    ..\..\test-results\profile-Profile---E2E-auth-6893e-gate-to-profile-from-navbar-webkit\video.webm
    ────────────────────────────────────────────────────────────────────────────────────────────────

    Error Context: ..\..\test-results\profile-Profile---E2E-auth-6893e-gate-to-profile-from-navbar-webkit\error-context.md
]]>
</failure>
</testcase>
</testsuite>
<testsuite name="report-driver.spec.ts" timestamp="2026-06-11T02:10:01.721Z" hostname="webkit" tests="13" failures="0" skipped="3" time="44.749" errors="1">
<testcase name="Reportar Conductor - E2E › redirige a login si no está autenticado" classname="report-driver.spec.ts" time="1.11">
</testcase>
<testcase name="Reportar Conductor - E2E › página /reports › muestra el título &quot;Reportar Usuario&quot;" classname="report-driver.spec.ts" time="7.911">
</testcase>
<testcase name="Reportar Conductor - E2E › página /reports › muestra el nombre del conductor desde el query param" classname="report-driver.spec.ts" time="3.383">
</testcase>
<testcase name="Reportar Conductor - E2E › página /reports › muestra las secciones del formulario" classname="report-driver.spec.ts" time="2.613">
</testcase>
<testcase name="Reportar Conductor - E2E › página /reports › el botón Enviar Reporte está deshabilitado sin motivo ni descripción" classname="report-driver.spec.ts" time="3.339">
</testcase>
<testcase name="Reportar Conductor - E2E › página /reports › el botón Enviar Reporte sigue deshabilitado con solo motivo seleccionado" classname="report-driver.spec.ts" time="2.095">
<system-out>
<![CDATA[
[[ATTACHMENT|report-driver-Reportar-Con-624ee-on-solo-motivo-seleccionado-webkit\video.webm]]

[[ATTACHMENT|report-driver-Reportar-Con-624ee-on-solo-motivo-seleccionado-webkit\error-context.md]]
]]>
</system-out>
<error message="page.fill: Target page, context or browser has been closed" type="Error">
<![CDATA[  [webkit] › report-driver.spec.ts:44:5 › Reportar Conductor - E2E › página /reports › el botón Enviar Reporte sigue deshabilitado con solo motivo seleccionado 

    Error: page.fill: Target page, context or browser has been closed
    Call log:
      - waiting for locator('input[placeholder="••••••••"]')


      4 |   await page.goto('/login');
      5 |   await page.fill('input[placeholder="usuario@uta.edu.ec"]', email);
    > 6 |   await page.fill('input[placeholder="••••••••"]', password);
        |              ^
      7 |   await page.click('button:has-text("Iniciar Sesión")');
      8 |   await expect(page).toHaveURL(/.*trips/, { timeout: 10000 });
      9 | }
        at login (C:\Users\HOME\Desktop\UTAxi\client\tests\e2e\report-driver.spec.ts:6:14)
        at C:\Users\HOME\Desktop\UTAxi\client\tests\e2e\report-driver.spec.ts:19:7

    attachment #1: video (video/webm) ──────────────────────────────────────────────────────────────
    ..\..\test-results\report-driver-Reportar-Con-624ee-on-solo-motivo-seleccionado-webkit\video.webm
    ────────────────────────────────────────────────────────────────────────────────────────────────

    Error Context: ..\..\test-results\report-driver-Reportar-Con-624ee-on-solo-motivo-seleccionado-webkit\error-context.md
]]>
</error>
</testcase>
<testcase name="Reportar Conductor - E2E › página /reports › el botón Enviar Reporte sigue deshabilitado con descripción menor a 10 chars" classname="report-driver.spec.ts" time="3.016">
</testcase>
<testcase name="Reportar Conductor - E2E › página /reports › el botón Enviar Reporte se habilita con motivo y descripción válida" classname="report-driver.spec.ts" time="2.794">
</testcase>
<testcase name="Reportar Conductor - E2E › página /reports › el link Cancelar navega de vuelta a /trips" classname="report-driver.spec.ts" time="3.05">
</testcase>
<testcase name="Reportar Conductor - E2E › página /reports › muestra opciones correctas en el selector de motivo" classname="report-driver.spec.ts" time="3.225">
</testcase>
<testcase name="Reportar Conductor - E2E › botón Reportar conductor desde Mis Solicitudes › muestra Reportar conductor en historial si hay viajes completados" classname="report-driver.spec.ts">
<properties>
<property name="skip" value="">
</property>
</properties>
<skipped>
</skipped>
</testcase>
<testcase name="Reportar Conductor - E2E › botón Reportar conductor desde Mis Solicitudes › Reportar conductor navega a /reports con userId y name en query" classname="report-driver.spec.ts">
<properties>
<property name="skip" value="">
</property>
</properties>
<skipped>
</skipped>
</testcase>
<testcase name="Reportar Conductor - E2E › botón Reportar conductor desde Mis Solicitudes › flujo completo: reportar conductor desde historial hasta confirmación" classname="report-driver.spec.ts">
<properties>
<property name="skip" value="">
</property>
</properties>
<skipped>
</skipped>
</testcase>
</testsuite>
<testsuite name="requests.spec.ts" timestamp="2026-06-11T02:10:01.721Z" hostname="webkit" tests="10" failures="1" skipped="3" time="65.973" errors="1">
<testcase name="My Requests - E2E › should redirect to login when not authenticated" classname="requests.spec.ts" time="2.356">
</testcase>
<testcase name="My Requests - E2E › authenticated › should show Mis Solicitudes heading and Panel de Pasajero" classname="requests.spec.ts" time="3.644">
</testcase>
<testcase name="My Requests - E2E › authenticated › should show Activas and Historial tab buttons" classname="requests.spec.ts" time="8.138">
</testcase>
<testcase name="My Requests - E2E › authenticated › should show U-Wallet sidebar with Recargar link" classname="requests.spec.ts" time="2.755">
<system-out>
<![CDATA[
[[ATTACHMENT|requests-My-Requests---E2E-b6524--sidebar-with-Recargar-link-webkit\video.webm]]

[[ATTACHMENT|requests-My-Requests---E2E-b6524--sidebar-with-Recargar-link-webkit\error-context.md]]
]]>
</system-out>
<failure message="expect(page).toHaveURL(expected) failed" type="expect.toHaveURL">
<![CDATA[  [webkit] › requests.spec.ts:36:5 › My Requests - E2E › authenticated › should show U-Wallet sidebar with Recargar link 

    Error: expect(page).toHaveURL(expected) failed

    Expected pattern: /.*trips/
    Received string:  "http://localhost:4278/login"

    Call log:
      - Expect "toHaveURL" with timeout 10000ms
        2 × unexpected value "http://localhost:4278/login"


       6 |   await page.fill('input[placeholder="••••••••"]', 'Password123!');
       7 |   await page.click('button:has-text("Iniciar Sesión")');
    >  8 |   await expect(page).toHaveURL(/.*trips/, { timeout: 10000 });
         |                      ^
       9 | }
      10 |
      11 | test.describe('My Requests - E2E', () => {
        at login (C:\Users\HOME\Desktop\UTAxi\client\tests\e2e\requests.spec.ts:8:22)
        at C:\Users\HOME\Desktop\UTAxi\client\tests\e2e\requests.spec.ts:19:7

    attachment #1: video (video/webm) ──────────────────────────────────────────────────────────────
    ..\..\test-results\requests-My-Requests---E2E-b6524--sidebar-with-Recargar-link-webkit\video.webm
    ────────────────────────────────────────────────────────────────────────────────────────────────

    Error Context: ..\..\test-results\requests-My-Requests---E2E-b6524--sidebar-with-Recargar-link-webkit\error-context.md
]]>
</failure>
</testcase>
<testcase name="My Requests - E2E › authenticated › Activas tab: shows requests or empty state with Buscar Viaje link" classname="requests.spec.ts" time="31.009">
<system-out>
<![CDATA[
[[ATTACHMENT|requests-My-Requests---E2E-88100-tate-with-Buscar-Viaje-link-webkit\test-failed-1.png]]

[[ATTACHMENT|requests-My-Requests---E2E-88100-tate-with-Buscar-Viaje-link-webkit\video.webm]]

[[ATTACHMENT|requests-My-Requests---E2E-88100-tate-with-Buscar-Viaje-link-webkit\error-context.md]]
]]>
</system-out>
<error message="Test timeout of 30000ms exceeded while running &quot;beforeEach&quot; hook." type="Error">
<![CDATA[  [webkit] › requests.spec.ts:44:5 › My Requests - E2E › authenticated › Activas tab: shows requests or empty state with Buscar Viaje link 

    Test timeout of 30000ms exceeded while running "beforeEach" hook.

      16 |
      17 |   test.describe('authenticated', () => {
    > 18 |     test.beforeEach(async ({ page }) => {
         |          ^
      19 |       await login(page);
      20 |     });
      21 |
        at C:\Users\HOME\Desktop\UTAxi\client\tests\e2e\requests.spec.ts:18:10

    Error: page.click: Test timeout of 30000ms exceeded.
    Call log:
      - waiting for locator('button:has-text("Iniciar Sesión")')
        - locator resolved to <button type="submit" class="w-full bg-gradient-primary text-on-primary py-4 rounded-lg font-headline font-bold text-lg active:scale-[0.98] transition-all shadow-[0_4px_12px_rgba(0,255,65,0.15)] hover:shadow-[0_4px_20px_rgba(0,255,65,0.25)] disabled:opacity-50">Iniciar Sesión</button>
      - attempting click action
        - waiting for element to be visible, enabled and stable


       5 |   await page.fill('input[placeholder="usuario@uta.edu.ec"]', 'student1@uta.edu.ec');
       6 |   await page.fill('input[placeholder="••••••••"]', 'Password123!');
    >  7 |   await page.click('button:has-text("Iniciar Sesión")');
         |              ^
       8 |   await expect(page).toHaveURL(/.*trips/, { timeout: 10000 });
       9 | }
      10 |
        at login (C:\Users\HOME\Desktop\UTAxi\client\tests\e2e\requests.spec.ts:7:14)
        at C:\Users\HOME\Desktop\UTAxi\client\tests\e2e\requests.spec.ts:19:7

    attachment #1: screenshot (image/png) ──────────────────────────────────────────────────────────
    ..\..\test-results\requests-My-Requests---E2E-88100-tate-with-Buscar-Viaje-link-webkit\test-failed-1.png
    ────────────────────────────────────────────────────────────────────────────────────────────────

    attachment #2: video (video/webm) ──────────────────────────────────────────────────────────────
    ..\..\test-results\requests-My-Requests---E2E-88100-tate-with-Buscar-Viaje-link-webkit\video.webm
    ────────────────────────────────────────────────────────────────────────────────────────────────

    Error Context: ..\..\test-results\requests-My-Requests---E2E-88100-tate-with-Buscar-Viaje-link-webkit\error-context.md
]]>
</error>
</testcase>
<testcase name="My Requests - E2E › authenticated › empty Activas state shows Buscar Viaje link to /trips" classname="requests.spec.ts" time="4.132">
</testcase>
<testcase name="My Requests - E2E › authenticated › Historial tab: shows completed requests or empty state" classname="requests.spec.ts" time="3.488">
</testcase>
<testcase name="My Requests - E2E › authenticated › pending request shows Cancelar Solicitud button" classname="requests.spec.ts">
<properties>
<property name="skip" value="">
</property>
</properties>
<skipped>
</skipped>
</testcase>
<testcase name="My Requests - E2E › authenticated › accepted unpaid request shows payment buttons" classname="requests.spec.ts">
<properties>
<property name="skip" value="">
</property>
</properties>
<skipped>
</skipped>
</testcase>
<testcase name="My Requests - E2E › authenticated › completed request shows Calificar button" classname="requests.spec.ts">
<properties>
<property name="skip" value="">
</property>
</properties>
<skipped>
</skipped>
</testcase>
</testsuite>
<testsuite name="trips.spec.ts" timestamp="2026-06-11T02:10:01.721Z" hostname="webkit" tests="8" failures="2" skipped="0" time="51.215" errors="1">
<testcase name="Trips Flow - E2E › should show trips list with heading" classname="trips.spec.ts" time="2.916">
</testcase>
<testcase name="Trips Flow - E2E › should show sort buttons on trips list" classname="trips.spec.ts" time="3.489">
</testcase>
<testcase name="Trips Flow - E2E › should navigate to trip detail on card click" classname="trips.spec.ts" time="13.288">
<system-out>
<![CDATA[
[[ATTACHMENT|trips-Trips-Flow---E2E-sho-e067c-o-trip-detail-on-card-click-webkit\test-failed-1.png]]

[[ATTACHMENT|trips-Trips-Flow---E2E-sho-e067c-o-trip-detail-on-card-click-webkit\video.webm]]

[[ATTACHMENT|trips-Trips-Flow---E2E-sho-e067c-o-trip-detail-on-card-click-webkit\error-context.md]]
]]>
</system-out>
<failure message="expect(locator).toBeVisible() failed" type="expect.toBeVisible">
<![CDATA[  [webkit] › trips.spec.ts:29:3 › Trips Flow - E2E › should navigate to trip detail on card click ──

    Error: expect(locator).toBeVisible() failed

    Locator: locator('a[href^="/trips/"]:not([href="/trips/new"])').first()
    Expected: visible
    Timeout: 10000ms
    Error: element(s) not found

    Call log:
      - Expect "toBeVisible" with timeout 10000ms
      - waiting for locator('a[href^="/trips/"]:not([href="/trips/new"])').first()


      32 |     // Wait for at least one trip card to appear (Link to /trips/:id)
      33 |     const firstCard = page.locator('a[href^="/trips/"]:not([href="/trips/new"])').first();
    > 34 |     await expect(firstCard).toBeVisible({ timeout: 10000 });
         |                             ^
      35 |     await firstCard.click();
      36 |
      37 |     await expect(page).toHaveURL(/\/trips\/[^/]+$/, { timeout: 8000 });
        at C:\Users\HOME\Desktop\UTAxi\client\tests\e2e\trips.spec.ts:34:29

    attachment #1: screenshot (image/png) ──────────────────────────────────────────────────────────
    ..\..\test-results\trips-Trips-Flow---E2E-sho-e067c-o-trip-detail-on-card-click-webkit\test-failed-1.png
    ────────────────────────────────────────────────────────────────────────────────────────────────

    attachment #2: video (video/webm) ──────────────────────────────────────────────────────────────
    ..\..\test-results\trips-Trips-Flow---E2E-sho-e067c-o-trip-detail-on-card-click-webkit\video.webm
    ────────────────────────────────────────────────────────────────────────────────────────────────

    Error Context: ..\..\test-results\trips-Trips-Flow---E2E-sho-e067c-o-trip-detail-on-card-click-webkit\error-context.md
]]>
</failure>
</testcase>
<testcase name="Trips Flow - E2E › should show Solicitar Unirse button on a trip not owned by user" classname="trips.spec.ts" time="16.716">
<system-out>
<![CDATA[
[[ATTACHMENT|trips-Trips-Flow---E2E-sho-31391-on-a-trip-not-owned-by-user-webkit\test-failed-1.png]]

[[ATTACHMENT|trips-Trips-Flow---E2E-sho-31391-on-a-trip-not-owned-by-user-webkit\video.webm]]

[[ATTACHMENT|trips-Trips-Flow---E2E-sho-31391-on-a-trip-not-owned-by-user-webkit\error-context.md]]
]]>
</system-out>
<failure message="expect(locator).toBeVisible() failed" type="expect.toBeVisible">
<![CDATA[  [webkit] › trips.spec.ts:41:3 › Trips Flow - E2E › should show Solicitar Unirse button on a trip not owned by user 

    Error: expect(locator).toBeVisible() failed

    Locator: locator('a[href^="/trips/"]:not([href="/trips/new"])').first()
    Expected: visible
    Timeout: 10000ms
    Error: element(s) not found

    Call log:
      - Expect "toBeVisible" with timeout 10000ms
      - waiting for locator('a[href^="/trips/"]:not([href="/trips/new"])').first()


      43 |
      44 |     const firstCard = page.locator('a[href^="/trips/"]:not([href="/trips/new"])').first();
    > 45 |     await expect(firstCard).toBeVisible({ timeout: 10000 });
         |                             ^
      46 |     await firstCard.click();
      47 |
      48 |     // Could be "Solicitar Unirse", "Gestionar Solicitudes" (if driver), or "¡Solicitud enviada!"
        at C:\Users\HOME\Desktop\UTAxi\client\tests\e2e\trips.spec.ts:45:29

    attachment #1: screenshot (image/png) ──────────────────────────────────────────────────────────
    ..\..\test-results\trips-Trips-Flow---E2E-sho-31391-on-a-trip-not-owned-by-user-webkit\test-failed-1.png
    ────────────────────────────────────────────────────────────────────────────────────────────────

    attachment #2: video (video/webm) ──────────────────────────────────────────────────────────────
    ..\..\test-results\trips-Trips-Flow---E2E-sho-31391-on-a-trip-not-owned-by-user-webkit\video.webm
    ────────────────────────────────────────────────────────────────────────────────────────────────

    Error Context: ..\..\test-results\trips-Trips-Flow---E2E-sho-31391-on-a-trip-not-owned-by-user-webkit\error-context.md
]]>
</failure>
</testcase>
<testcase name="Trips Flow - E2E › should filter trips by origin zone" classname="trips.spec.ts" time="5.032">
</testcase>
<testcase name="Trips Flow - E2E › should filter trips by destination zone" classname="trips.spec.ts" time="5.233">
</testcase>
<testcase name="Trips Flow - E2E › should show empty state when no trips match filter" classname="trips.spec.ts" time="4.541">
</testcase>
<testcase name="Trips Flow - E2E › should clear filters and show all trips again" classname="trips.spec.ts" time="0">
<system-err>
<![CDATA[

#
# Fatal process out of memory: Zone
#
----- Native stack trace -----

 1: 00007FF60B01A39D node::SetCppgcReference+17725
 2: 00007FF60AEFBE8F node::TriggerNodeReport+73871
 3: 00007FF60C0F53E6 v8::base::FatalOOM+54
 4: 00007FF60BAEFA21 v8::Function::Experimental_IsNopFunction+2369
 5: 00007FF60B5BEBEB v8::SnapshotCreator::GetIsolate+52395
 6: 00007FF60C163027 v8::internal::compiler::CompilationDependencies::~CompilationDependencies+70471
 7: 00007FF60C19C72A v8::internal::compiler::CompilationDependencies::~CompilationDependencies+305738
 8: 00007FF60C4E2CC7 v8::internal::compiler::CompilationDependencies::TransitionDependencyOffTheRecord+2830279
 9: 00007FF60C4E4C7E v8::internal::compiler::CompilationDependencies::TransitionDependencyOffTheRecord+2838398
10: 00007FF60C3127DA v8::internal::compiler::CompilationDependencies::TransitionDependencyOffTheRecord+928474
11: 00007FF60C312726 v8::internal::compiler::CompilationDependencies::TransitionDependencyOffTheRecord+928294
12: 00007FF60C241E6F v8::internal::compiler::CompilationDependencies::TransitionDependencyOffTheRecord+74095
13: 00007FF60C215614 v8::internal::compiler::CompilationDependencies::~CompilationDependencies+801076
14: 00007FF60C20C242 v8::internal::compiler::CompilationDependencies::~CompilationDependencies+763234
15: 00007FF60C20CD85 v8::internal::compiler::CompilationDependencies::~CompilationDependencies+766117
16: 00007FF60BA6A664 v8::SharedValueConveyor::SharedValueConveyor+30596
17: 00007FF60BA23F72 v8::WasmMemoryObject::Buffer+41490
18: 00007FF60BCF4835 v8::PropertyDescriptor::writable+1997013
19: 00007FF60AEFE739 DH_get0_priv_key+713
20: 00007FF60B079943 uv_poll_stop+291
21: 00007FF60C80138E inflateValidate+159742
22: 00007FFA5FB4E957 BaseThreadInitThunk+23
23: 00007FFA60307C1C RtlUserThreadStart+44
]]>
</system-err>
<error message="worker process exited unexpectedly (code=2147483651, signal=null)" type="Error">
<![CDATA[  [webkit] › trips.spec.ts:83:3 › Trips Flow - E2E › should clear filters and show all trips again ─

    Error: worker process exited unexpectedly (code=2147483651, signal=null)
]]>
</error>
</testcase>
</testsuite>
</testsuites>