{"C:\\Users\\HOME\\Desktop\\UTAxi\\client\\src\\api\\auth.api.ts": {"path":"C:\\Users\\HOME\\Desktop\\UTAxi\\client\\src\\api\\auth.api.ts","statementMap":{"0":{"start":{"line":31,"column":23},"end":{"line":55,"column":null}},"1":{"start":{"line":33,"column":4},"end":{"line":33,"column":null}},"2":{"start":{"line":36,"column":4},"end":{"line":36,"column":null}},"3":{"start":{"line":39,"column":4},"end":{"line":39,"column":null}},"4":{"start":{"line":42,"column":4},"end":{"line":42,"column":null}},"5":{"start":{"line":45,"column":4},"end":{"line":45,"column":null}},"6":{"start":{"line":48,"column":4},"end":{"line":48,"column":null}},"7":{"start":{"line":51,"column":4},"end":{"line":51,"column":null}},"8":{"start":{"line":54,"column":4},"end":{"line":54,"column":null}}},"fnMap":{"0":{"name":"(anonymous_0)","decl":{"start":{"line":32,"column":12},"end":{"line":32,"column":13}},"loc":{"start":{"line":33,"column":4},"end":{"line":33,"column":null}},"line":33},"1":{"name":"(anonymous_1)","decl":{"start":{"line":35,"column":15},"end":{"line":35,"column":16}},"loc":{"start":{"line":36,"column":4},"end":{"line":36,"column":null}},"line":36},"2":{"name":"(anonymous_2)","decl":{"start":{"line":38,"column":14},"end":{"line":38,"column":15}},"loc":{"start":{"line":39,"column":4},"end":{"line":39,"column":null}},"line":39},"3":{"name":"(anonymous_3)","decl":{"start":{"line":41,"column":9},"end":{"line":41,"column":10}},"loc":{"start":{"line":42,"column":4},"end":{"line":42,"column":null}},"line":42},"4":{"name":"(anonymous_4)","decl":{"start":{"line":44,"column":11},"end":{"line":44,"column":null}},"loc":{"start":{"line":45,"column":4},"end":{"line":45,"column":null}},"line":45},"5":{"name":"(anonymous_5)","decl":{"start":{"line":47,"column":10},"end":{"line":47,"column":null}},"loc":{"start":{"line":48,"column":4},"end":{"line":48,"column":null}},"line":48},"6":{"name":"(anonymous_6)","decl":{"start":{"line":50,"column":18},"end":{"line":50,"column":19}},"loc":{"start":{"line":51,"column":4},"end":{"line":51,"column":null}},"line":51},"7":{"name":"(anonymous_7)","decl":{"start":{"line":53,"column":17},"end":{"line":53,"column":18}},"loc":{"start":{"line":54,"column":4},"end":{"line":54,"column":null}},"line":54}},"branchMap":{},"s":{"0":1,"1":2,"2":2,"3":1,"4":2,"5":1,"6":1,"7":1,"8":2},"f":{"0":2,"1":2,"2":1,"3":2,"4":1,"5":1,"6":1,"7":2},"b":{},"meta":{"lastBranch":0,"lastFunction":8,"lastStatement":9,"seen":{"s:31:23:55:Infinity":0,"f:32:12:32:13":0,"s:33:4:33:Infinity":1,"f:35:15:35:16":1,"s:36:4:36:Infinity":2,"f:38:14:38:15":2,"s:39:4:39:Infinity":3,"f:41:9:41:10":3,"s:42:4:42:Infinity":4,"f:44:11:44:Infinity":4,"s:45:4:45:Infinity":5,"f:47:10:47:Infinity":5,"s:48:4:48:Infinity":6,"f:50:18:50:19":6,"s:51:4:51:Infinity":7,"f:53:17:53:18":7,"s:54:4:54:Infinity":8},"fnNames":{}}}
,"C:\\Users\\HOME\\Desktop\\UTAxi\\client\\src\\api\\client.ts": {"path":"C:\\Users\\HOME\\Desktop\\UTAxi\\client\\src\\api\\client.ts","statementMap":{"0":{"start":{"line":5,"column":21},"end":{"line":5,"column":null}},"1":{"start":{"line":7,"column":25},"end":{"line":10,"column":null}},"2":{"start":{"line":13,"column":0},"end":{"line":19,"column":null}},"3":{"start":{"line":14,"column":16},"end":{"line":14,"column":null}},"4":{"start":{"line":15,"column":2},"end":{"line":17,"column":null}},"5":{"start":{"line":16,"column":4},"end":{"line":16,"column":null}},"6":{"start":{"line":18,"column":2},"end":{"line":18,"column":null}},"7":{"start":{"line":22,"column":19},"end":{"line":22,"column":null}},"8":{"start":{"line":23,"column":51},"end":{"line":23,"column":null}},"9":{"start":{"line":25,"column":0},"end":{"line":66,"column":null}},"10":{"start":{"line":26,"column":16},"end":{"line":26,"column":null}},"11":{"start":{"line":28,"column":21},"end":{"line":28,"column":null}},"12":{"start":{"line":30,"column":4},"end":{"line":62,"column":null}},"13":{"start":{"line":31,"column":6},"end":{"line":31,"column":null}},"14":{"start":{"line":33,"column":6},"end":{"line":40,"column":null}},"15":{"start":{"line":34,"column":8},"end":{"line":39,"column":null}},"16":{"start":{"line":35,"column":10},"end":{"line":38,"column":null}},"17":{"start":{"line":36,"column":12},"end":{"line":36,"column":null}},"18":{"start":{"line":37,"column":12},"end":{"line":37,"column":null}},"19":{"start":{"line":42,"column":6},"end":{"line":42,"column":null}},"20":{"start":{"line":44,"column":6},"end":{"line":61,"column":null}},"21":{"start":{"line":45,"column":27},"end":{"line":45,"column":null}},"22":{"start":{"line":46,"column":25},"end":{"line":46,"column":null}},"23":{"start":{"line":47,"column":33},"end":{"line":47,"column":null}},"24":{"start":{"line":49,"column":8},"end":{"line":49,"column":null}},"25":{"start":{"line":50,"column":8},"end":{"line":50,"column":null}},"26":{"start":{"line":50,"column":37},"end":{"line":50,"column":49}},"27":{"start":{"line":51,"column":8},"end":{"line":51,"column":null}},"28":{"start":{"line":53,"column":8},"end":{"line":53,"column":null}},"29":{"start":{"line":54,"column":8},"end":{"line":54,"column":null}},"30":{"start":{"line":56,"column":8},"end":{"line":56,"column":null}},"31":{"start":{"line":57,"column":8},"end":{"line":57,"column":null}},"32":{"start":{"line":58,"column":8},"end":{"line":58,"column":null}},"33":{"start":{"line":60,"column":8},"end":{"line":60,"column":null}},"34":{"start":{"line":64,"column":4},"end":{"line":64,"column":null}}},"fnMap":{"0":{"name":"(anonymous_0)","decl":{"start":{"line":13,"column":35},"end":{"line":13,"column":36}},"loc":{"start":{"line":13,"column":47},"end":{"line":19,"column":1}},"line":13},"1":{"name":"(anonymous_1)","decl":{"start":{"line":26,"column":2},"end":{"line":26,"column":3}},"loc":{"start":{"line":26,"column":16},"end":{"line":26,"column":null}},"line":26},"2":{"name":"(anonymous_2)","decl":{"start":{"line":27,"column":2},"end":{"line":27,"column":9}},"loc":{"start":{"line":27,"column":19},"end":{"line":65,"column":null}},"line":27},"3":{"name":"(anonymous_3)","decl":{"start":{"line":34,"column":27},"end":{"line":34,"column":28}},"loc":{"start":{"line":34,"column":40},"end":{"line":39,"column":9}},"line":34},"4":{"name":"(anonymous_4)","decl":{"start":{"line":35,"column":28},"end":{"line":35,"column":29}},"loc":{"start":{"line":35,"column":39},"end":{"line":38,"column":11}},"line":35},"5":{"name":"(anonymous_5)","decl":{"start":{"line":50,"column":29},"end":{"line":50,"column":30}},"loc":{"start":{"line":50,"column":37},"end":{"line":50,"column":49}},"line":50}},"branchMap":{"0":{"loc":{"start":{"line":5,"column":21},"end":{"line":5,"column":null}},"type":"cond-expr","locations":[{"start":{"line":5,"column":43},"end":{"line":5,"column":53}},{"start":{"line":5,"column":53},"end":{"line":5,"column":null}}],"line":5},"1":{"loc":{"start":{"line":5,"column":53},"end":{"line":5,"column":null}},"type":"binary-expr","locations":[{"start":{"line":5,"column":53},"end":{"line":5,"column":85}},{"start":{"line":5,"column":85},"end":{"line":5,"column":null}}],"line":5},"2":{"loc":{"start":{"line":15,"column":2},"end":{"line":17,"column":null}},"type":"if","locations":[{"start":{"line":15,"column":2},"end":{"line":17,"column":null}},{"start":{},"end":{}}],"line":15},"3":{"loc":{"start":{"line":30,"column":4},"end":{"line":62,"column":null}},"type":"if","locations":[{"start":{"line":30,"column":4},"end":{"line":62,"column":null}},{"start":{},"end":{}}],"line":30},"4":{"loc":{"start":{"line":30,"column":8},"end":{"line":30,"column":60}},"type":"binary-expr","locations":[{"start":{"line":30,"column":8},"end":{"line":30,"column":42}},{"start":{"line":30,"column":42},"end":{"line":30,"column":60}}],"line":30},"5":{"loc":{"start":{"line":33,"column":6},"end":{"line":40,"column":null}},"type":"if","locations":[{"start":{"line":33,"column":6},"end":{"line":40,"column":null}},{"start":{},"end":{}}],"line":33},"6":{"loc":{"start":{"line":45,"column":27},"end":{"line":45,"column":null}},"type":"cond-expr","locations":[{"start":{"line":45,"column":49},"end":{"line":45,"column":71}},{"start":{"line":45,"column":71},"end":{"line":45,"column":null}}],"line":45}},"s":{"0":2,"1":2,"2":2,"3":3,"4":3,"5":1,"6":3,"7":2,"8":2,"9":2,"10":1,"11":5,"12":5,"13":3,"14":3,"15":0,"16":0,"17":0,"18":0,"19":3,"20":3,"21":3,"22":3,"23":2,"24":2,"25":2,"26":0,"27":2,"28":2,"29":2,"30":1,"31":1,"32":1,"33":3,"34":2},"f":{"0":3,"1":1,"2":5,"3":0,"4":0,"5":0},"b":{"0":[2,0],"1":[0,0],"2":[1,2],"3":[3,2],"4":[5,4],"5":[0,3],"6":[3,0]},"meta":{"lastBranch":7,"lastFunction":6,"lastStatement":35,"seen":{"s:5:21:5:Infinity":0,"b:5:43:5:53:5:53:5:Infinity":0,"b:5:53:5:85:5:85:5:Infinity":1,"s:7:25:10:Infinity":1,"s:13:0:19:Infinity":2,"f:13:35:13:36":0,"s:14:16:14:Infinity":3,"b:15:2:17:Infinity:undefined:undefined:undefined:undefined":2,"s:15:2:17:Infinity":4,"s:16:4:16:Infinity":5,"s:18:2:18:Infinity":6,"s:22:19:22:Infinity":7,"s:23:51:23:Infinity":8,"s:25:0:66:Infinity":9,"f:26:2:26:3":1,"s:26:16:26:Infinity":10,"f:27:2:27:9":2,"s:28:21:28:Infinity":11,"b:30:4:62:Infinity:undefined:undefined:undefined:undefined":3,"s:30:4:62:Infinity":12,"b:30:8:30:42:30:42:30:60":4,"s:31:6:31:Infinity":13,"b:33:6:40:Infinity:undefined:undefined:undefined:undefined":5,"s:33:6:40:Infinity":14,"s:34:8:39:Infinity":15,"f:34:27:34:28":3,"s:35:10:38:Infinity":16,"f:35:28:35:29":4,"s:36:12:36:Infinity":17,"s:37:12:37:Infinity":18,"s:42:6:42:Infinity":19,"s:44:6:61:Infinity":20,"s:45:27:45:Infinity":21,"b:45:49:45:71:45:71:45:Infinity":6,"s:46:25:46:Infinity":22,"s:47:33:47:Infinity":23,"s:49:8:49:Infinity":24,"s:50:8:50:Infinity":25,"f:50:29:50:30":5,"s:50:37:50:49":26,"s:51:8:51:Infinity":27,"s:53:8:53:Infinity":28,"s:54:8:54:Infinity":29,"s:56:8:56:Infinity":30,"s:57:8:57:Infinity":31,"s:58:8:58:Infinity":32,"s:60:8:60:Infinity":33,"s:64:4:64:Infinity":34},"fnNames":{}}}
,"C:\\Users\\HOME\\Desktop\\UTAxi\\client\\src\\api\\payments.api.ts": {"path":"C:\\Users\\HOME\\Desktop\\UTAxi\\client\\src\\api\\payments.api.ts","statementMap":{"0":{"start":{"line":35,"column":27},"end":{"line":69,"column":null}},"1":{"start":{"line":37,"column":4},"end":{"line":39,"column":null}},"2":{"start":{"line":42,"column":4},"end":{"line":44,"column":null}},"3":{"start":{"line":47,"column":4},"end":{"line":47,"column":null}},"4":{"start":{"line":50,"column":4},"end":{"line":50,"column":null}},"5":{"start":{"line":53,"column":4},"end":{"line":53,"column":null}},"6":{"start":{"line":56,"column":4},"end":{"line":56,"column":null}},"7":{"start":{"line":59,"column":4},"end":{"line":59,"column":null}},"8":{"start":{"line":62,"column":4},"end":{"line":62,"column":null}},"9":{"start":{"line":65,"column":4},"end":{"line":65,"column":null}},"10":{"start":{"line":68,"column":4},"end":{"line":68,"column":null}}},"fnMap":{"0":{"name":"(anonymous_0)","decl":{"start":{"line":36,"column":16},"end":{"line":36,"column":17}},"loc":{"start":{"line":37,"column":4},"end":{"line":39,"column":null}},"line":37},"1":{"name":"(anonymous_1)","decl":{"start":{"line":41,"column":19},"end":{"line":41,"column":20}},"loc":{"start":{"line":42,"column":4},"end":{"line":44,"column":null}},"line":42},"2":{"name":"(anonymous_2)","decl":{"start":{"line":46,"column":14},"end":{"line":46,"column":15}},"loc":{"start":{"line":47,"column":4},"end":{"line":47,"column":null}},"line":47},"3":{"name":"(anonymous_3)","decl":{"start":{"line":49,"column":13},"end":{"line":49,"column":null}},"loc":{"start":{"line":50,"column":4},"end":{"line":50,"column":null}},"line":50},"4":{"name":"(anonymous_4)","decl":{"start":{"line":52,"column":9},"end":{"line":52,"column":10}},"loc":{"start":{"line":53,"column":4},"end":{"line":53,"column":null}},"line":53},"5":{"name":"(anonymous_5)","decl":{"start":{"line":55,"column":22},"end":{"line":55,"column":23}},"loc":{"start":{"line":56,"column":4},"end":{"line":56,"column":null}},"line":56},"6":{"name":"(anonymous_6)","decl":{"start":{"line":58,"column":17},"end":{"line":58,"column":18}},"loc":{"start":{"line":59,"column":4},"end":{"line":59,"column":null}},"line":59},"7":{"name":"(anonymous_7)","decl":{"start":{"line":61,"column":14},"end":{"line":61,"column":15}},"loc":{"start":{"line":62,"column":4},"end":{"line":62,"column":null}},"line":62},"8":{"name":"(anonymous_8)","decl":{"start":{"line":64,"column":22},"end":{"line":64,"column":23}},"loc":{"start":{"line":65,"column":4},"end":{"line":65,"column":null}},"line":65},"9":{"name":"(anonymous_9)","decl":{"start":{"line":67,"column":24},"end":{"line":67,"column":25}},"loc":{"start":{"line":68,"column":4},"end":{"line":68,"column":null}},"line":68}},"branchMap":{},"s":{"0":2,"1":3,"2":2,"3":3,"4":0,"5":0,"6":0,"7":0,"8":0,"9":0,"10":0},"f":{"0":3,"1":2,"2":3,"3":0,"4":0,"5":0,"6":0,"7":0,"8":0,"9":0},"b":{},"meta":{"lastBranch":0,"lastFunction":10,"lastStatement":11,"seen":{"s:35:27:69:Infinity":0,"f:36:16:36:17":0,"s:37:4:39:Infinity":1,"f:41:19:41:20":1,"s:42:4:44:Infinity":2,"f:46:14:46:15":2,"s:47:4:47:Infinity":3,"f:49:13:49:Infinity":3,"s:50:4:50:Infinity":4,"f:52:9:52:10":4,"s:53:4:53:Infinity":5,"f:55:22:55:23":5,"s:56:4:56:Infinity":6,"f:58:17:58:18":6,"s:59:4:59:Infinity":7,"f:61:14:61:15":7,"s:62:4:62:Infinity":8,"f:64:22:64:23":8,"s:65:4:65:Infinity":9,"f:67:24:67:25":9,"s:68:4:68:Infinity":10},"fnNames":{}}}
,"C:\\Users\\HOME\\Desktop\\UTAxi\\client\\src\\api\\ratings.api.ts": {"path":"C:\\Users\\HOME\\Desktop\\UTAxi\\client\\src\\api\\ratings.api.ts","statementMap":{"0":{"start":{"line":14,"column":26},"end":{"line":22,"column":null}},"1":{"start":{"line":16,"column":4},"end":{"line":16,"column":null}},"2":{"start":{"line":19,"column":4},"end":{"line":21,"column":null}}},"fnMap":{"0":{"name":"(anonymous_0)","decl":{"start":{"line":15,"column":16},"end":{"line":15,"column":17}},"loc":{"start":{"line":16,"column":4},"end":{"line":16,"column":null}},"line":16},"1":{"name":"(anonymous_1)","decl":{"start":{"line":18,"column":18},"end":{"line":18,"column":19}},"loc":{"start":{"line":19,"column":4},"end":{"line":21,"column":null}},"line":19}},"branchMap":{"0":{"loc":{"start":{"line":18,"column":35},"end":{"line":18,"column":45}},"type":"default-arg","locations":[{"start":{"line":18,"column":42},"end":{"line":18,"column":45}}],"line":18},"1":{"loc":{"start":{"line":18,"column":45},"end":{"line":18,"column":null}},"type":"default-arg","locations":[{"start":{"line":18,"column":53},"end":{"line":18,"column":null}}],"line":18}},"s":{"0":1,"1":4,"2":4},"f":{"0":4,"1":4},"b":{"0":[4],"1":[4]},"meta":{"lastBranch":2,"lastFunction":2,"lastStatement":3,"seen":{"s:14:26:22:Infinity":0,"f:15:16:15:17":0,"s:16:4:16:Infinity":1,"f:18:18:18:19":1,"s:19:4:21:Infinity":2,"b:18:42:18:45":0,"b:18:53:18:Infinity":1},"fnNames":{}}}
,"C:\\Users\\HOME\\Desktop\\UTAxi\\client\\src\\api\\requests.api.ts": {"path":"C:\\Users\\HOME\\Desktop\\UTAxi\\client\\src\\api\\requests.api.ts","statementMap":{"0":{"start":{"line":46,"column":27},"end":{"line":64,"column":null}},"1":{"start":{"line":48,"column":4},"end":{"line":48,"column":null}},"2":{"start":{"line":51,"column":4},"end":{"line":51,"column":null}},"3":{"start":{"line":54,"column":4},"end":{"line":54,"column":null}},"4":{"start":{"line":57,"column":4},"end":{"line":57,"column":null}},"5":{"start":{"line":60,"column":4},"end":{"line":60,"column":null}},"6":{"start":{"line":63,"column":4},"end":{"line":63,"column":null}}},"fnMap":{"0":{"name":"(anonymous_0)","decl":{"start":{"line":47,"column":21},"end":{"line":47,"column":22}},"loc":{"start":{"line":48,"column":4},"end":{"line":48,"column":null}},"line":48},"1":{"name":"(anonymous_1)","decl":{"start":{"line":50,"column":17},"end":{"line":50,"column":18}},"loc":{"start":{"line":51,"column":4},"end":{"line":51,"column":null}},"line":51},"2":{"name":"(anonymous_2)","decl":{"start":{"line":53,"column":20},"end":{"line":53,"column":21}},"loc":{"start":{"line":54,"column":4},"end":{"line":54,"column":null}},"line":54},"3":{"name":"(anonymous_3)","decl":{"start":{"line":56,"column":15},"end":{"line":56,"column":16}},"loc":{"start":{"line":57,"column":4},"end":{"line":57,"column":null}},"line":57},"4":{"name":"(anonymous_4)","decl":{"start":{"line":59,"column":17},"end":{"line":59,"column":18}},"loc":{"start":{"line":60,"column":4},"end":{"line":60,"column":null}},"line":60},"5":{"name":"(anonymous_5)","decl":{"start":{"line":62,"column":17},"end":{"line":62,"column":null}},"loc":{"start":{"line":63,"column":4},"end":{"line":63,"column":null}},"line":63}},"branchMap":{},"s":{"0":1,"1":2,"2":3,"3":3,"4":2,"5":2,"6":2},"f":{"0":2,"1":3,"2":3,"3":2,"4":2,"5":2},"b":{},"meta":{"lastBranch":0,"lastFunction":6,"lastStatement":7,"seen":{"s:46:27:64:Infinity":0,"f:47:21:47:22":0,"s:48:4:48:Infinity":1,"f:50:17:50:18":1,"s:51:4:51:Infinity":2,"f:53:20:53:21":2,"s:54:4:54:Infinity":3,"f:56:15:56:16":3,"s:57:4:57:Infinity":4,"f:59:17:59:18":4,"s:60:4:60:Infinity":5,"f:62:17:62:Infinity":5,"s:63:4:63:Infinity":6},"fnNames":{}}}
,"C:\\Users\\HOME\\Desktop\\UTAxi\\client\\src\\api\\trips.api.ts": {"path":"C:\\Users\\HOME\\Desktop\\UTAxi\\client\\src\\api\\trips.api.ts","statementMap":{"0":{"start":{"line":67,"column":24},"end":{"line":94,"column":null}},"1":{"start":{"line":69,"column":4},"end":{"line":69,"column":null}},"2":{"start":{"line":72,"column":4},"end":{"line":72,"column":null}},"3":{"start":{"line":75,"column":4},"end":{"line":75,"column":null}},"4":{"start":{"line":78,"column":4},"end":{"line":78,"column":null}},"5":{"start":{"line":81,"column":4},"end":{"line":81,"column":null}},"6":{"start":{"line":84,"column":4},"end":{"line":84,"column":null}},"7":{"start":{"line":87,"column":4},"end":{"line":87,"column":null}},"8":{"start":{"line":90,"column":4},"end":{"line":90,"column":null}},"9":{"start":{"line":93,"column":4},"end":{"line":93,"column":null}}},"fnMap":{"0":{"name":"(anonymous_0)","decl":{"start":{"line":68,"column":12},"end":{"line":68,"column":13}},"loc":{"start":{"line":69,"column":4},"end":{"line":69,"column":null}},"line":69},"1":{"name":"(anonymous_1)","decl":{"start":{"line":71,"column":15},"end":{"line":71,"column":16}},"loc":{"start":{"line":72,"column":4},"end":{"line":72,"column":null}},"line":72},"2":{"name":"(anonymous_2)","decl":{"start":{"line":74,"column":14},"end":{"line":74,"column":15}},"loc":{"start":{"line":75,"column":4},"end":{"line":75,"column":null}},"line":75},"3":{"name":"(anonymous_3)","decl":{"start":{"line":77,"column":14},"end":{"line":77,"column":15}},"loc":{"start":{"line":78,"column":4},"end":{"line":78,"column":null}},"line":78},"4":{"name":"(anonymous_4)","decl":{"start":{"line":80,"column":20},"end":{"line":80,"column":21}},"loc":{"start":{"line":81,"column":4},"end":{"line":81,"column":null}},"line":81},"5":{"name":"(anonymous_5)","decl":{"start":{"line":83,"column":14},"end":{"line":83,"column":15}},"loc":{"start":{"line":84,"column":4},"end":{"line":84,"column":null}},"line":84},"6":{"name":"(anonymous_6)","decl":{"start":{"line":86,"column":13},"end":{"line":86,"column":14}},"loc":{"start":{"line":87,"column":4},"end":{"line":87,"column":null}},"line":87},"7":{"name":"(anonymous_7)","decl":{"start":{"line":89,"column":14},"end":{"line":89,"column":15}},"loc":{"start":{"line":90,"column":4},"end":{"line":90,"column":null}},"line":90},"8":{"name":"(anonymous_8)","decl":{"start":{"line":92,"column":13},"end":{"line":92,"column":14}},"loc":{"start":{"line":93,"column":4},"end":{"line":93,"column":null}},"line":93}},"branchMap":{"0":{"loc":{"start":{"line":68,"column":13},"end":{"line":68,"column":null}},"type":"default-arg","locations":[{"start":{"line":68,"column":40},"end":{"line":68,"column":null}}],"line":68}},"s":{"0":1,"1":3,"2":2,"3":2,"4":2,"5":1,"6":2,"7":0,"8":1,"9":0},"f":{"0":3,"1":2,"2":2,"3":2,"4":1,"5":2,"6":0,"7":1,"8":0},"b":{"0":[3]},"meta":{"lastBranch":1,"lastFunction":9,"lastStatement":10,"seen":{"s:67:24:94:Infinity":0,"f:68:12:68:13":0,"s:69:4:69:Infinity":1,"b:68:40:68:Infinity":0,"f:71:15:71:16":1,"s:72:4:72:Infinity":2,"f:74:14:74:15":2,"s:75:4:75:Infinity":3,"f:77:14:77:15":3,"s:78:4:78:Infinity":4,"f:80:20:80:21":4,"s:81:4:81:Infinity":5,"f:83:14:83:15":5,"s:84:4:84:Infinity":6,"f:86:13:86:14":6,"s:87:4:87:Infinity":7,"f:89:14:89:15":7,"s:90:4:90:Infinity":8,"f:92:13:92:14":8,"s:93:4:93:Infinity":9},"fnNames":{}}}
,"C:\\Users\\HOME\\Desktop\\UTAxi\\client\\src\\api\\users.api.ts": {"path":"C:\\Users\\HOME\\Desktop\\UTAxi\\client\\src\\api\\users.api.ts","statementMap":{"0":{"start":{"line":49,"column":24},"end":{"line":71,"column":null}},"1":{"start":{"line":50,"column":15},"end":{"line":50,"column":null}},"2":{"start":{"line":53,"column":4},"end":{"line":53,"column":null}},"3":{"start":{"line":56,"column":4},"end":{"line":56,"column":null}},"4":{"start":{"line":59,"column":4},"end":{"line":59,"column":null}},"5":{"start":{"line":62,"column":17},"end":{"line":62,"column":null}},"6":{"start":{"line":63,"column":4},"end":{"line":63,"column":null}},"7":{"start":{"line":64,"column":4},"end":{"line":66,"column":null}},"8":{"start":{"line":70,"column":4},"end":{"line":70,"column":null}}},"fnMap":{"0":{"name":"(anonymous_0)","decl":{"start":{"line":50,"column":9},"end":{"line":50,"column":15}},"loc":{"start":{"line":50,"column":15},"end":{"line":50,"column":null}},"line":50},"1":{"name":"(anonymous_1)","decl":{"start":{"line":52,"column":12},"end":{"line":52,"column":13}},"loc":{"start":{"line":53,"column":4},"end":{"line":53,"column":null}},"line":53},"2":{"name":"(anonymous_2)","decl":{"start":{"line":55,"column":17},"end":{"line":55,"column":18}},"loc":{"start":{"line":56,"column":4},"end":{"line":56,"column":null}},"line":56},"3":{"name":"(anonymous_3)","decl":{"start":{"line":58,"column":17},"end":{"line":58,"column":18}},"loc":{"start":{"line":59,"column":4},"end":{"line":59,"column":null}},"line":59},"4":{"name":"(anonymous_4)","decl":{"start":{"line":61,"column":22},"end":{"line":61,"column":23}},"loc":{"start":{"line":61,"column":38},"end":{"line":67,"column":null}},"line":61},"5":{"name":"(anonymous_5)","decl":{"start":{"line":69,"column":17},"end":{"line":69,"column":null}},"loc":{"start":{"line":70,"column":4},"end":{"line":70,"column":null}},"line":70}},"branchMap":{},"s":{"0":1,"1":2,"2":2,"3":2,"4":2,"5":0,"6":0,"7":0,"8":0},"f":{"0":2,"1":2,"2":2,"3":2,"4":0,"5":0},"b":{},"meta":{"lastBranch":0,"lastFunction":6,"lastStatement":9,"seen":{"s:49:24:71:Infinity":0,"f:50:9:50:15":0,"s:50:15:50:Infinity":1,"f:52:12:52:13":1,"s:53:4:53:Infinity":2,"f:55:17:55:18":2,"s:56:4:56:Infinity":3,"f:58:17:58:18":3,"s:59:4:59:Infinity":4,"f:61:22:61:23":4,"s:62:17:62:Infinity":5,"s:63:4:63:Infinity":6,"s:64:4:66:Infinity":7,"f:69:17:69:Infinity":5,"s:70:4:70:Infinity":8},"fnNames":{}}}
,"C:\\Users\\HOME\\Desktop\\UTAxi\\client\\src\\components\\CampusPicker.tsx": {"path":"C:\\Users\\HOME\\Desktop\\UTAxi\\client\\src\\components\\CampusPicker.tsx","statementMap":{"0":{"start":{"line":10,"column":2},"end":{"line":53,"column":null}},"1":{"start":{"line":13,"column":25},"end":{"line":13,"column":null}},"2":{"start":{"line":14,"column":8},"end":{"line":49,"column":null}},"3":{"start":{"line":18,"column":27},"end":{"line":18,"column":null}}},"fnMap":{"0":{"name":"CampusPicker","decl":{"start":{"line":9,"column":24},"end":{"line":9,"column":37}},"loc":{"start":{"line":9,"column":72},"end":{"line":55,"column":null}},"line":9},"1":{"name":"(anonymous_1)","decl":{"start":{"line":12,"column":20},"end":{"line":12,"column":21}},"loc":{"start":{"line":12,"column":32},"end":{"line":51,"column":7}},"line":12},"2":{"name":"(anonymous_2)","decl":{"start":{"line":18,"column":21},"end":{"line":18,"column":27}},"loc":{"start":{"line":18,"column":27},"end":{"line":18,"column":null}},"line":18}},"branchMap":{"0":{"loc":{"start":{"line":20,"column":14},"end":{"line":22,"column":null}},"type":"cond-expr","locations":[{"start":{"line":21,"column":18},"end":{"line":21,"column":null}},{"start":{"line":22,"column":18},"end":{"line":22,"column":null}}],"line":20},"1":{"loc":{"start":{"line":27,"column":16},"end":{"line":27,"column":null}},"type":"cond-expr","locations":[{"start":{"line":27,"column":27},"end":{"line":27,"column":42}},{"start":{"line":27,"column":42},"end":{"line":27,"column":null}}],"line":27},"2":{"loc":{"start":{"line":32,"column":18},"end":{"line":32,"column":null}},"type":"cond-expr","locations":[{"start":{"line":32,"column":29},"end":{"line":32,"column":49}},{"start":{"line":32,"column":49},"end":{"line":32,"column":null}}],"line":32},"3":{"loc":{"start":{"line":39,"column":58},"end":{"line":39,"column":109}},"type":"cond-expr","locations":[{"start":{"line":39,"column":69},"end":{"line":39,"column":84}},{"start":{"line":39,"column":84},"end":{"line":39,"column":109}}],"line":39},"4":{"loc":{"start":{"line":44,"column":13},"end":{"line":47,"column":null}},"type":"binary-expr","locations":[{"start":{"line":44,"column":13},"end":{"line":44,"column":null}},{"start":{"line":45,"column":14},"end":{"line":47,"column":null}}],"line":44},"5":{"loc":{"start":{"line":52,"column":7},"end":{"line":52,"column":null}},"type":"binary-expr","locations":[{"start":{"line":52,"column":7},"end":{"line":52,"column":16}},{"start":{"line":52,"column":16},"end":{"line":52,"column":null}}],"line":52}},"s":{"0":10,"1":30,"2":30,"3":3},"f":{"0":10,"1":30,"2":3},"b":{"0":[2,28],"1":[2,28],"2":[2,28],"3":[2,28],"4":[30,2],"5":[10,1]},"meta":{"lastBranch":6,"lastFunction":3,"lastStatement":4,"seen":{"f:9:24:9:37":0,"s:10:2:53:Infinity":0,"f:12:20:12:21":1,"s:13:25:13:Infinity":1,"s:14:8:49:Infinity":2,"f:18:21:18:27":2,"s:18:27:18:Infinity":3,"b:21:18:21:Infinity:22:18:22:Infinity":0,"b:27:27:27:42:27:42:27:Infinity":1,"b:32:29:32:49:32:49:32:Infinity":2,"b:39:69:39:84:39:84:39:109":3,"b:44:13:44:Infinity:45:14:47:Infinity":4,"b:52:7:52:16:52:16:52:Infinity":5},"fnNames":{}}}
,"C:\\Users\\HOME\\Desktop\\UTAxi\\client\\src\\components\\layout\\Navbar.tsx": {"path":"C:\\Users\\HOME\\Desktop\\UTAxi\\client\\src\\components\\layout\\Navbar.tsx","statementMap":{"0":{"start":{"line":7,"column":32},"end":{"line":7,"column":null}},"1":{"start":{"line":8,"column":8},"end":{"line":8,"column":null}},"2":{"start":{"line":9,"column":8},"end":{"line":9,"column":null}},"3":{"start":{"line":11,"column":28},"end":{"line":16,"column":null}},"4":{"start":{"line":13,"column":19},"end":{"line":13,"column":null}},"5":{"start":{"line":13,"column":48},"end":{"line":13,"column":54}},"6":{"start":{"line":17,"column":21},"end":{"line":17,"column":null}},"7":{"start":{"line":19,"column":23},"end":{"line":22,"column":null}},"8":{"start":{"line":20,"column":4},"end":{"line":20,"column":null}},"9":{"start":{"line":21,"column":4},"end":{"line":21,"column":null}},"10":{"start":{"line":24,"column":19},"end":{"line":24,"column":null}},"11":{"start":{"line":24,"column":37},"end":{"line":24,"column":null}},"12":{"start":{"line":26,"column":2},"end":{"line":217,"column":null}}},"fnMap":{"0":{"name":"Navbar","decl":{"start":{"line":6,"column":24},"end":{"line":6,"column":33}},"loc":{"start":{"line":6,"column":33},"end":{"line":219,"column":null}},"line":6},"1":{"name":"(anonymous_1)","decl":{"start":{"line":13,"column":13},"end":{"line":13,"column":19}},"loc":{"start":{"line":13,"column":19},"end":{"line":13,"column":null}},"line":13},"2":{"name":"(anonymous_2)","decl":{"start":{"line":13,"column":41},"end":{"line":13,"column":42}},"loc":{"start":{"line":13,"column":48},"end":{"line":13,"column":54}},"line":13},"3":{"name":"(anonymous_3)","decl":{"start":{"line":19,"column":23},"end":{"line":19,"column":35}},"loc":{"start":{"line":19,"column":35},"end":{"line":22,"column":null}},"line":19},"4":{"name":"(anonymous_4)","decl":{"start":{"line":24,"column":19},"end":{"line":24,"column":20}},"loc":{"start":{"line":24,"column":37},"end":{"line":24,"column":null}},"line":24}},"branchMap":{"0":{"loc":{"start":{"line":38,"column":11},"end":{"line":130,"column":null}},"type":"binary-expr","locations":[{"start":{"line":38,"column":11},"end":{"line":38,"column":null}},{"start":{"line":39,"column":12},"end":{"line":130,"column":null}}],"line":38},"1":{"loc":{"start":{"line":43,"column":18},"end":{"line":45,"column":null}},"type":"cond-expr","locations":[{"start":{"line":44,"column":22},"end":{"line":44,"column":null}},{"start":{"line":45,"column":22},"end":{"line":45,"column":null}}],"line":43},"2":{"loc":{"start":{"line":50,"column":15},"end":{"line":60,"column":null}},"type":"binary-expr","locations":[{"start":{"line":50,"column":15},"end":{"line":50,"column":null}},{"start":{"line":51,"column":16},"end":{"line":60,"column":null}}],"line":50},"3":{"loc":{"start":{"line":54,"column":20},"end":{"line":56,"column":null}},"type":"cond-expr","locations":[{"start":{"line":55,"column":24},"end":{"line":55,"column":null}},{"start":{"line":56,"column":24},"end":{"line":56,"column":null}}],"line":54},"4":{"loc":{"start":{"line":65,"column":18},"end":{"line":67,"column":null}},"type":"cond-expr","locations":[{"start":{"line":66,"column":22},"end":{"line":66,"column":null}},{"start":{"line":67,"column":22},"end":{"line":67,"column":null}}],"line":65},"5":{"loc":{"start":{"line":72,"column":15},"end":{"line":82,"column":null}},"type":"binary-expr","locations":[{"start":{"line":72,"column":15},"end":{"line":72,"column":null}},{"start":{"line":73,"column":16},"end":{"line":82,"column":null}}],"line":72},"6":{"loc":{"start":{"line":76,"column":20},"end":{"line":78,"column":null}},"type":"cond-expr","locations":[{"start":{"line":77,"column":24},"end":{"line":77,"column":null}},{"start":{"line":78,"column":24},"end":{"line":78,"column":null}}],"line":76},"7":{"loc":{"start":{"line":87,"column":18},"end":{"line":89,"column":null}},"type":"cond-expr","locations":[{"start":{"line":88,"column":22},"end":{"line":88,"column":null}},{"start":{"line":89,"column":22},"end":{"line":89,"column":null}}],"line":87},"8":{"loc":{"start":{"line":94,"column":15},"end":{"line":104,"column":null}},"type":"binary-expr","locations":[{"start":{"line":94,"column":15},"end":{"line":94,"column":null}},{"start":{"line":95,"column":16},"end":{"line":104,"column":null}}],"line":94},"9":{"loc":{"start":{"line":98,"column":20},"end":{"line":100,"column":null}},"type":"cond-expr","locations":[{"start":{"line":99,"column":24},"end":{"line":99,"column":null}},{"start":{"line":100,"column":24},"end":{"line":100,"column":null}}],"line":98},"10":{"loc":{"start":{"line":109,"column":20},"end":{"line":111,"column":null}},"type":"cond-expr","locations":[{"start":{"line":110,"column":24},"end":{"line":110,"column":null}},{"start":{"line":111,"column":24},"end":{"line":111,"column":null}}],"line":109},"11":{"loc":{"start":{"line":114,"column":19},"end":{"line":114,"column":null}},"type":"cond-expr","locations":[{"start":{"line":114,"column":32},"end":{"line":114,"column":57}},{"start":{"line":114,"column":57},"end":{"line":114,"column":null}}],"line":114},"12":{"loc":{"start":{"line":114,"column":57},"end":{"line":114,"column":null}},"type":"cond-expr","locations":[{"start":{"line":114,"column":86},"end":{"line":114,"column":111}},{"start":{"line":114,"column":111},"end":{"line":114,"column":null}}],"line":114},"13":{"loc":{"start":{"line":133,"column":11},"end":{"line":147,"column":null}},"type":"binary-expr","locations":[{"start":{"line":133,"column":11},"end":{"line":133,"column":null}},{"start":{"line":134,"column":12},"end":{"line":147,"column":null}}],"line":133},"14":{"loc":{"start":{"line":153,"column":7},"end":{"line":215,"column":null}},"type":"binary-expr","locations":[{"start":{"line":153,"column":7},"end":{"line":153,"column":null}},{"start":{"line":154,"column":8},"end":{"line":215,"column":null}}],"line":153},"15":{"loc":{"start":{"line":159,"column":16},"end":{"line":159,"column":null}},"type":"cond-expr","locations":[{"start":{"line":159,"column":37},"end":{"line":159,"column":54}},{"start":{"line":159,"column":54},"end":{"line":159,"column":null}}],"line":159},"16":{"loc":{"start":{"line":165,"column":13},"end":{"line":174,"column":null}},"type":"binary-expr","locations":[{"start":{"line":165,"column":13},"end":{"line":165,"column":null}},{"start":{"line":166,"column":14},"end":{"line":174,"column":null}}],"line":165},"17":{"loc":{"start":{"line":169,"column":18},"end":{"line":169,"column":null}},"type":"cond-expr","locations":[{"start":{"line":169,"column":43},"end":{"line":169,"column":60}},{"start":{"line":169,"column":60},"end":{"line":169,"column":null}}],"line":169},"18":{"loc":{"start":{"line":179,"column":16},"end":{"line":179,"column":null}},"type":"cond-expr","locations":[{"start":{"line":179,"column":40},"end":{"line":179,"column":57}},{"start":{"line":179,"column":57},"end":{"line":179,"column":null}}],"line":179},"19":{"loc":{"start":{"line":185,"column":13},"end":{"line":194,"column":null}},"type":"binary-expr","locations":[{"start":{"line":185,"column":13},"end":{"line":185,"column":null}},{"start":{"line":186,"column":14},"end":{"line":194,"column":null}}],"line":185},"20":{"loc":{"start":{"line":189,"column":18},"end":{"line":189,"column":null}},"type":"cond-expr","locations":[{"start":{"line":189,"column":42},"end":{"line":189,"column":59}},{"start":{"line":189,"column":59},"end":{"line":189,"column":null}}],"line":189},"21":{"loc":{"start":{"line":199,"column":16},"end":{"line":199,"column":null}},"type":"cond-expr","locations":[{"start":{"line":199,"column":38},"end":{"line":199,"column":55}},{"start":{"line":199,"column":55},"end":{"line":199,"column":null}}],"line":199},"22":{"loc":{"start":{"line":208,"column":16},"end":{"line":208,"column":null}},"type":"cond-expr","locations":[{"start":{"line":208,"column":39},"end":{"line":208,"column":56}},{"start":{"line":208,"column":56},"end":{"line":208,"column":null}}],"line":208}},"s":{"0":13,"1":13,"2":13,"3":13,"4":7,"5":7,"6":13,"7":13,"8":1,"9":1,"10":13,"11":83,"12":13},"f":{"0":13,"1":7,"2":7,"3":1,"4":83},"b":{"0":[13,10],"1":[0,10],"2":[10,3],"3":[0,3],"4":[0,10],"5":[10,3],"6":[0,3],"7":[0,10],"8":[10,1],"9":[0,1],"10":[3,7],"11":[3,7],"12":[0,7],"13":[13,3],"14":[13,10],"15":[0,10],"16":[10,3],"17":[0,3],"18":[0,10],"19":[10,3],"20":[0,3],"21":[0,10],"22":[0,10]},"meta":{"lastBranch":23,"lastFunction":5,"lastStatement":13,"seen":{"f:6:24:6:33":0,"s:7:32:7:Infinity":0,"s:8:8:8:Infinity":1,"s:9:8:9:Infinity":2,"s:11:28:16:Infinity":3,"f:13:13:13:19":1,"s:13:19:13:Infinity":4,"f:13:41:13:42":2,"s:13:48:13:54":5,"s:17:21:17:Infinity":6,"s:19:23:22:Infinity":7,"f:19:23:19:35":3,"s:20:4:20:Infinity":8,"s:21:4:21:Infinity":9,"s:24:19:24:Infinity":10,"f:24:19:24:20":4,"s:24:37:24:Infinity":11,"s:26:2:217:Infinity":12,"b:38:11:38:Infinity:39:12:130:Infinity":0,"b:44:22:44:Infinity:45:22:45:Infinity":1,"b:50:15:50:Infinity:51:16:60:Infinity":2,"b:55:24:55:Infinity:56:24:56:Infinity":3,"b:66:22:66:Infinity:67:22:67:Infinity":4,"b:72:15:72:Infinity:73:16:82:Infinity":5,"b:77:24:77:Infinity:78:24:78:Infinity":6,"b:88:22:88:Infinity:89:22:89:Infinity":7,"b:94:15:94:Infinity:95:16:104:Infinity":8,"b:99:24:99:Infinity:100:24:100:Infinity":9,"b:110:24:110:Infinity:111:24:111:Infinity":10,"b:114:32:114:57:114:57:114:Infinity":11,"b:114:86:114:111:114:111:114:Infinity":12,"b:133:11:133:Infinity:134:12:147:Infinity":13,"b:153:7:153:Infinity:154:8:215:Infinity":14,"b:159:37:159:54:159:54:159:Infinity":15,"b:165:13:165:Infinity:166:14:174:Infinity":16,"b:169:43:169:60:169:60:169:Infinity":17,"b:179:40:179:57:179:57:179:Infinity":18,"b:185:13:185:Infinity:186:14:194:Infinity":19,"b:189:42:189:59:189:59:189:Infinity":20,"b:199:38:199:55:199:55:199:Infinity":21,"b:208:39:208:56:208:56:208:Infinity":22},"fnNames":{}}}
,"C:\\Users\\HOME\\Desktop\\UTAxi\\client\\src\\components\\layout\\ProtectedRoute.tsx": {"path":"C:\\Users\\HOME\\Desktop\\UTAxi\\client\\src\\components\\layout\\ProtectedRoute.tsx","statementMap":{"0":{"start":{"line":9,"column":8},"end":{"line":9,"column":null}},"1":{"start":{"line":9,"column":35},"end":{"line":9,"column":41}},"2":{"start":{"line":11,"column":2},"end":{"line":13,"column":null}},"3":{"start":{"line":12,"column":4},"end":{"line":12,"column":null}},"4":{"start":{"line":15,"column":2},"end":{"line":17,"column":null}},"5":{"start":{"line":16,"column":4},"end":{"line":16,"column":null}},"6":{"start":{"line":19,"column":2},"end":{"line":19,"column":null}}},"fnMap":{"0":{"name":"ProtectedRoute","decl":{"start":{"line":8,"column":24},"end":{"line":8,"column":39}},"loc":{"start":{"line":8,"column":72},"end":{"line":20,"column":null}},"line":8},"1":{"name":"(anonymous_1)","decl":{"start":{"line":9,"column":28},"end":{"line":9,"column":29}},"loc":{"start":{"line":9,"column":35},"end":{"line":9,"column":41}},"line":9}},"branchMap":{"0":{"loc":{"start":{"line":8,"column":41},"end":{"line":8,"column":62}},"type":"default-arg","locations":[{"start":{"line":8,"column":56},"end":{"line":8,"column":62}}],"line":8},"1":{"loc":{"start":{"line":11,"column":2},"end":{"line":13,"column":null}},"type":"if","locations":[{"start":{"line":11,"column":2},"end":{"line":13,"column":null}},{"start":{},"end":{}}],"line":11},"2":{"loc":{"start":{"line":15,"column":2},"end":{"line":17,"column":null}},"type":"if","locations":[{"start":{"line":15,"column":2},"end":{"line":17,"column":null}},{"start":{},"end":{}}],"line":15},"3":{"loc":{"start":{"line":15,"column":6},"end":{"line":15,"column":45}},"type":"binary-expr","locations":[{"start":{"line":15,"column":6},"end":{"line":15,"column":22}},{"start":{"line":15,"column":22},"end":{"line":15,"column":45}}],"line":15}},"s":{"0":4,"1":4,"2":4,"3":1,"4":3,"5":1,"6":2},"f":{"0":4,"1":4},"b":{"0":[4],"1":[1,3],"2":[1,2],"3":[3,2]},"meta":{"lastBranch":4,"lastFunction":2,"lastStatement":7,"seen":{"f:8:24:8:39":0,"b:8:56:8:62":0,"s:9:8:9:Infinity":0,"f:9:28:9:29":1,"s:9:35:9:41":1,"b:11:2:13:Infinity:undefined:undefined:undefined:undefined":1,"s:11:2:13:Infinity":2,"s:12:4:12:Infinity":3,"b:15:2:17:Infinity:undefined:undefined:undefined:undefined":2,"s:15:2:17:Infinity":4,"b:15:6:15:22:15:22:15:45":3,"s:16:4:16:Infinity":5,"s:19:2:19:Infinity":6},"fnNames":{}}}
,"C:\\Users\\HOME\\Desktop\\UTAxi\\client\\src\\components\\ratings\\RatingModal.tsx": {"path":"C:\\Users\\HOME\\Desktop\\UTAxi\\client\\src\\components\\ratings\\RatingModal.tsx","statementMap":{"0":{"start":{"line":12,"column":24},"end":{"line":12,"column":null}},"1":{"start":{"line":13,"column":28},"end":{"line":13,"column":null}},"2":{"start":{"line":14,"column":28},"end":{"line":14,"column":null}},"3":{"start":{"line":15,"column":36},"end":{"line":15,"column":null}},"4":{"start":{"line":16,"column":8},"end":{"line":16,"column":null}},"5":{"start":{"line":18,"column":8},"end":{"line":30,"column":null}},"6":{"start":{"line":19,"column":22},"end":{"line":19,"column":null}},"7":{"start":{"line":21,"column":6},"end":{"line":21,"column":null}},"8":{"start":{"line":22,"column":6},"end":{"line":22,"column":null}},"9":{"start":{"line":26,"column":9},"end":{"line":27,"column":null}},"10":{"start":{"line":28,"column":6},"end":{"line":28,"column":null}},"11":{"start":{"line":32,"column":23},"end":{"line":32,"column":null}},"12":{"start":{"line":34,"column":2},"end":{"line":132,"column":null}},"13":{"start":{"line":38,"column":24},"end":{"line":38,"column":68}},"14":{"start":{"line":38,"column":58},"end":{"line":38,"column":68}},"15":{"start":{"line":70,"column":16},"end":{"line":87,"column":null}},"16":{"start":{"line":73,"column":33},"end":{"line":73,"column":null}},"17":{"start":{"line":74,"column":38},"end":{"line":74,"column":null}},"18":{"start":{"line":75,"column":38},"end":{"line":75,"column":null}},"19":{"start":{"line":99,"column":31},"end":{"line":99,"column":null}},"20":{"start":{"line":117,"column":29},"end":{"line":117,"column":null}}},"fnMap":{"0":{"name":"RatingModal","decl":{"start":{"line":11,"column":24},"end":{"line":11,"column":36}},"loc":{"start":{"line":11,"column":94},"end":{"line":134,"column":null}},"line":11},"1":{"name":"(anonymous_1)","decl":{"start":{"line":19,"column":16},"end":{"line":19,"column":22}},"loc":{"start":{"line":19,"column":22},"end":{"line":19,"column":null}},"line":19},"2":{"name":"(anonymous_2)","decl":{"start":{"line":20,"column":15},"end":{"line":20,"column":21}},"loc":{"start":{"line":20,"column":21},"end":{"line":23,"column":null}},"line":20},"3":{"name":"(anonymous_3)","decl":{"start":{"line":24,"column":13},"end":{"line":24,"column":14}},"loc":{"start":{"line":24,"column":31},"end":{"line":29,"column":null}},"line":24},"4":{"name":"(anonymous_4)","decl":{"start":{"line":38,"column":15},"end":{"line":38,"column":16}},"loc":{"start":{"line":38,"column":22},"end":{"line":38,"column":null}},"line":38},"5":{"name":"(anonymous_5)","decl":{"start":{"line":69,"column":35},"end":{"line":69,"column":36}},"loc":{"start":{"line":70,"column":16},"end":{"line":87,"column":null}},"line":70},"6":{"name":"(anonymous_6)","decl":{"start":{"line":73,"column":27},"end":{"line":73,"column":33}},"loc":{"start":{"line":73,"column":33},"end":{"line":73,"column":null}},"line":73},"7":{"name":"(anonymous_7)","decl":{"start":{"line":74,"column":32},"end":{"line":74,"column":38}},"loc":{"start":{"line":74,"column":38},"end":{"line":74,"column":null}},"line":74},"8":{"name":"(anonymous_8)","decl":{"start":{"line":75,"column":32},"end":{"line":75,"column":38}},"loc":{"start":{"line":75,"column":38},"end":{"line":75,"column":null}},"line":75},"9":{"name":"(anonymous_9)","decl":{"start":{"line":99,"column":24},"end":{"line":99,"column":25}},"loc":{"start":{"line":99,"column":31},"end":{"line":99,"column":null}},"line":99},"10":{"name":"(anonymous_10)","decl":{"start":{"line":117,"column":23},"end":{"line":117,"column":29}},"loc":{"start":{"line":117,"column":29},"end":{"line":117,"column":null}},"line":117}},"branchMap":{"0":{"loc":{"start":{"line":19,"column":79},"end":{"line":19,"column":100}},"type":"binary-expr","locations":[{"start":{"line":19,"column":79},"end":{"line":19,"column":90}},{"start":{"line":19,"column":90},"end":{"line":19,"column":100}}],"line":19},"1":{"loc":{"start":{"line":26,"column":9},"end":{"line":27,"column":null}},"type":"binary-expr","locations":[{"start":{"line":26,"column":9},"end":{"line":26,"column":null}},{"start":{"line":27,"column":8},"end":{"line":27,"column":null}}],"line":26},"2":{"loc":{"start":{"line":32,"column":23},"end":{"line":32,"column":null}},"type":"binary-expr","locations":[{"start":{"line":32,"column":23},"end":{"line":32,"column":34}},{"start":{"line":32,"column":34},"end":{"line":32,"column":null}}],"line":32},"3":{"loc":{"start":{"line":38,"column":24},"end":{"line":38,"column":68}},"type":"if","locations":[{"start":{"line":38,"column":24},"end":{"line":38,"column":68}},{"start":{},"end":{}}],"line":38},"4":{"loc":{"start":{"line":60,"column":15},"end":{"line":66,"column":null}},"type":"cond-expr","locations":[{"start":{"line":61,"column":18},"end":{"line":61,"column":null}},{"start":{"line":62,"column":18},"end":{"line":66,"column":null}}],"line":60},"5":{"loc":{"start":{"line":62,"column":18},"end":{"line":66,"column":null}},"type":"cond-expr","locations":[{"start":{"line":62,"column":39},"end":{"line":62,"column":null}},{"start":{"line":63,"column":18},"end":{"line":66,"column":null}}],"line":62},"6":{"loc":{"start":{"line":63,"column":18},"end":{"line":66,"column":null}},"type":"cond-expr","locations":[{"start":{"line":63,"column":39},"end":{"line":63,"column":null}},{"start":{"line":64,"column":18},"end":{"line":66,"column":null}}],"line":63},"7":{"loc":{"start":{"line":64,"column":18},"end":{"line":66,"column":null}},"type":"cond-expr","locations":[{"start":{"line":64,"column":39},"end":{"line":64,"column":null}},{"start":{"line":65,"column":18},"end":{"line":66,"column":null}}],"line":64},"8":{"loc":{"start":{"line":65,"column":18},"end":{"line":66,"column":null}},"type":"cond-expr","locations":[{"start":{"line":65,"column":39},"end":{"line":65,"column":null}},{"start":{"line":66,"column":18},"end":{"line":66,"column":null}}],"line":65},"9":{"loc":{"start":{"line":80,"column":22},"end":{"line":82,"column":null}},"type":"cond-expr","locations":[{"start":{"line":81,"column":26},"end":{"line":81,"column":null}},{"start":{"line":82,"column":26},"end":{"line":82,"column":null}}],"line":80},"10":{"loc":{"start":{"line":107,"column":11},"end":{"line":111,"column":null}},"type":"binary-expr","locations":[{"start":{"line":107,"column":11},"end":{"line":107,"column":null}},{"start":{"line":108,"column":12},"end":{"line":111,"column":null}}],"line":107},"11":{"loc":{"start":{"line":118,"column":24},"end":{"line":118,"column":null}},"type":"binary-expr","locations":[{"start":{"line":118,"column":24},"end":{"line":118,"column":39}},{"start":{"line":118,"column":39},"end":{"line":118,"column":null}}],"line":118},"12":{"loc":{"start":{"line":121,"column":15},"end":{"line":121,"column":null}},"type":"cond-expr","locations":[{"start":{"line":121,"column":36},"end":{"line":121,"column":52}},{"start":{"line":121,"column":52},"end":{"line":121,"column":null}}],"line":121}},"s":{"0":45,"1":45,"2":45,"3":45,"4":45,"5":45,"6":4,"7":3,"8":3,"9":1,"10":1,"11":45,"12":45,"13":14,"14":0,"15":225,"16":7,"17":7,"18":4,"19":11,"20":4},"f":{"0":45,"1":4,"2":3,"3":1,"4":14,"5":225,"6":7,"7":7,"8":4,"9":11,"10":4},"b":{"0":[4,3],"1":[1,0],"2":[45,31],"3":[0,14],"4":[12,33],"5":[6,27],"6":[0,27],"7":[2,25],"8":[4,21],"9":[133,92],"10":[45,1],"11":[45,26],"12":[0,45]},"meta":{"lastBranch":13,"lastFunction":11,"lastStatement":21,"seen":{"f:11:24:11:36":0,"s:12:24:12:Infinity":0,"s:13:28:13:Infinity":1,"s:14:28:14:Infinity":2,"s:15:36:15:Infinity":3,"s:16:8:16:Infinity":4,"s:18:8:30:Infinity":5,"f:19:16:19:22":1,"s:19:22:19:Infinity":6,"b:19:79:19:90:19:90:19:100":0,"f:20:15:20:21":2,"s:21:6:21:Infinity":7,"s:22:6:22:Infinity":8,"f:24:13:24:14":3,"s:26:9:27:Infinity":9,"b:26:9:26:Infinity:27:8:27:Infinity":1,"s:28:6:28:Infinity":10,"s:32:23:32:Infinity":11,"b:32:23:32:34:32:34:32:Infinity":2,"s:34:2:132:Infinity":12,"f:38:15:38:16":4,"b:38:24:38:68:undefined:undefined:undefined:undefined":3,"s:38:24:38:68":13,"s:38:58:38:68":14,"b:61:18:61:Infinity:62:18:66:Infinity":4,"b:62:39:62:Infinity:63:18:66:Infinity":5,"b:63:39:63:Infinity:64:18:66:Infinity":6,"b:64:39:64:Infinity:65:18:66:Infinity":7,"b:65:39:65:Infinity:66:18:66:Infinity":8,"f:69:35:69:36":5,"s:70:16:87:Infinity":15,"f:73:27:73:33":6,"s:73:33:73:Infinity":16,"f:74:32:74:38":7,"s:74:38:74:Infinity":17,"f:75:32:75:38":8,"s:75:38:75:Infinity":18,"b:81:26:81:Infinity:82:26:82:Infinity":9,"f:99:24:99:25":9,"s:99:31:99:Infinity":19,"b:107:11:107:Infinity:108:12:111:Infinity":10,"f:117:23:117:29":10,"s:117:29:117:Infinity":20,"b:118:24:118:39:118:39:118:Infinity":11,"b:121:36:121:52:121:52:121:Infinity":12},"fnNames":{}}}
,"C:\\Users\\HOME\\Desktop\\UTAxi\\client\\src\\components\\trips\\TripCard.tsx": {"path":"C:\\Users\\HOME\\Desktop\\UTAxi\\client\\src\\components\\trips\\TripCard.tsx","statementMap":{"0":{"start":{"line":9,"column":2},"end":{"line":9,"column":null}},"1":{"start":{"line":9,"column":23},"end":{"line":9,"column":null}},"2":{"start":{"line":10,"column":2},"end":{"line":10,"column":null}},"3":{"start":{"line":10,"column":32},"end":{"line":10,"column":null}},"4":{"start":{"line":11,"column":2},"end":{"line":11,"column":null}},"5":{"start":{"line":15,"column":16},"end":{"line":15,"column":null}},"6":{"start":{"line":16,"column":18},"end":{"line":16,"column":null}},"7":{"start":{"line":17,"column":18},"end":{"line":17,"column":null}},"8":{"start":{"line":18,"column":29},"end":{"line":18,"column":null}},"9":{"start":{"line":20,"column":25},"end":{"line":24,"column":null}},"10":{"start":{"line":23,"column":16},"end":{"line":23,"column":20}},"11":{"start":{"line":26,"column":2},"end":{"line":91,"column":null}}},"fnMap":{"0":{"name":"seatBadge","decl":{"start":{"line":8,"column":9},"end":{"line":8,"column":19}},"loc":{"start":{"line":8,"column":53},"end":{"line":12,"column":null}},"line":8},"1":{"name":"TripCard","decl":{"start":{"line":14,"column":24},"end":{"line":14,"column":33}},"loc":{"start":{"line":14,"column":58},"end":{"line":93,"column":null}},"line":14},"2":{"name":"(anonymous_2)","decl":{"start":{"line":23,"column":9},"end":{"line":23,"column":10}},"loc":{"start":{"line":23,"column":16},"end":{"line":23,"column":20}},"line":23}},"branchMap":{"0":{"loc":{"start":{"line":9,"column":2},"end":{"line":9,"column":null}},"type":"if","locations":[{"start":{"line":9,"column":2},"end":{"line":9,"column":null}},{"start":{},"end":{}}],"line":9},"1":{"loc":{"start":{"line":10,"column":2},"end":{"line":10,"column":null}},"type":"if","locations":[{"start":{"line":10,"column":2},"end":{"line":10,"column":null}},{"start":{},"end":{}}],"line":10},"2":{"loc":{"start":{"line":51,"column":17},"end":{"line":54,"column":null}},"type":"binary-expr","locations":[{"start":{"line":51,"column":17},"end":{"line":51,"column":null}},{"start":{"line":52,"column":18},"end":{"line":54,"column":null}}],"line":51}},"s":{"0":26,"1":1,"2":25,"3":25,"4":24,"5":26,"6":26,"7":26,"8":26,"9":26,"10":52,"11":26},"f":{"0":26,"1":26,"2":52},"b":{"0":[1,25],"1":[1,24],"2":[26,26]},"meta":{"lastBranch":3,"lastFunction":3,"lastStatement":12,"seen":{"f:8:9:8:19":0,"b:9:2:9:Infinity:undefined:undefined:undefined:undefined":0,"s:9:2:9:Infinity":0,"s:9:23:9:Infinity":1,"b:10:2:10:Infinity:undefined:undefined:undefined:undefined":1,"s:10:2:10:Infinity":2,"s:10:32:10:Infinity":3,"s:11:2:11:Infinity":4,"f:14:24:14:33":1,"s:15:16:15:Infinity":5,"s:16:18:16:Infinity":6,"s:17:18:17:Infinity":7,"s:18:29:18:Infinity":8,"s:20:25:24:Infinity":9,"f:23:9:23:10":2,"s:23:16:23:20":10,"s:26:2:91:Infinity":11,"b:51:17:51:Infinity:52:18:54:Infinity":2},"fnNames":{}}}
,"C:\\Users\\HOME\\Desktop\\UTAxi\\client\\src\\constants\\campuses.ts": {"path":"C:\\Users\\HOME\\Desktop\\UTAxi\\client\\src\\constants\\campuses.ts","statementMap":{"0":{"start":{"line":10,"column":34},"end":{"line":35,"column":null}},"1":{"start":{"line":38,"column":2},"end":{"line":38,"column":null}},"2":{"start":{"line":38,"column":30},"end":{"line":38,"column":41}},"3":{"start":{"line":42,"column":2},"end":{"line":42,"column":null}},"4":{"start":{"line":42,"column":30},"end":{"line":42,"column":73}}},"fnMap":{"0":{"name":"findCampusById","decl":{"start":{"line":37,"column":16},"end":{"line":37,"column":31}},"loc":{"start":{"line":37,"column":63},"end":{"line":39,"column":null}},"line":37},"1":{"name":"(anonymous_1)","decl":{"start":{"line":38,"column":23},"end":{"line":38,"column":24}},"loc":{"start":{"line":38,"column":30},"end":{"line":38,"column":41}},"line":38},"2":{"name":"findCampusByLabel","decl":{"start":{"line":41,"column":16},"end":{"line":41,"column":34}},"loc":{"start":{"line":41,"column":69},"end":{"line":43,"column":null}},"line":41},"3":{"name":"(anonymous_3)","decl":{"start":{"line":42,"column":23},"end":{"line":42,"column":24}},"loc":{"start":{"line":42,"column":30},"end":{"line":42,"column":73}},"line":42}},"branchMap":{"0":{"loc":{"start":{"line":42,"column":30},"end":{"line":42,"column":73}},"type":"binary-expr","locations":[{"start":{"line":42,"column":30},"end":{"line":42,"column":51}},{"start":{"line":42,"column":51},"end":{"line":42,"column":73}}],"line":42}},"s":{"0":2,"1":6,"2":13,"3":8,"4":19},"f":{"0":6,"1":13,"2":8,"3":19},"b":{"0":[19,17]},"meta":{"lastBranch":1,"lastFunction":4,"lastStatement":5,"seen":{"s:10:34:35:Infinity":0,"f:37:16:37:31":0,"s:38:2:38:Infinity":1,"f:38:23:38:24":1,"s:38:30:38:41":2,"f:41:16:41:34":2,"s:42:2:42:Infinity":3,"f:42:23:42:24":3,"s:42:30:42:73":4,"b:42:30:42:51:42:51:42:73":0},"fnNames":{}}}
,"C:\\Users\\HOME\\Desktop\\UTAxi\\client\\src\\hooks\\useAuth.ts": {"path":"C:\\Users\\HOME\\Desktop\\UTAxi\\client\\src\\hooks\\useAuth.ts","statementMap":{"0":{"start":{"line":6,"column":8},"end":{"line":6,"column":null}},"1":{"start":{"line":6,"column":35},"end":{"line":6,"column":41}},"2":{"start":{"line":7,"column":8},"end":{"line":7,"column":null}},"3":{"start":{"line":7,"column":40},"end":{"line":7,"column":51}},"4":{"start":{"line":9,"column":17},"end":{"line":16,"column":null}},"5":{"start":{"line":10,"column":4},"end":{"line":15,"column":null}},"6":{"start":{"line":11,"column":6},"end":{"line":11,"column":null}},"7":{"start":{"line":13,"column":6},"end":{"line":13,"column":null}},"8":{"start":{"line":14,"column":6},"end":{"line":14,"column":null}},"9":{"start":{"line":18,"column":2},"end":{"line":18,"column":null}}},"fnMap":{"0":{"name":"useAuth","decl":{"start":{"line":5,"column":16},"end":{"line":5,"column":26}},"loc":{"start":{"line":5,"column":26},"end":{"line":19,"column":null}},"line":5},"1":{"name":"(anonymous_1)","decl":{"start":{"line":6,"column":28},"end":{"line":6,"column":29}},"loc":{"start":{"line":6,"column":35},"end":{"line":6,"column":41}},"line":6},"2":{"name":"(anonymous_2)","decl":{"start":{"line":7,"column":33},"end":{"line":7,"column":34}},"loc":{"start":{"line":7,"column":40},"end":{"line":7,"column":51}},"line":7},"3":{"name":"(anonymous_3)","decl":{"start":{"line":9,"column":17},"end":{"line":9,"column":29}},"loc":{"start":{"line":9,"column":29},"end":{"line":16,"column":null}},"line":9}},"branchMap":{},"s":{"0":11,"1":15,"2":11,"3":15,"4":11,"5":4,"6":4,"7":4,"8":4,"9":11},"f":{"0":11,"1":15,"2":15,"3":4},"b":{},"meta":{"lastBranch":0,"lastFunction":4,"lastStatement":10,"seen":{"f:5:16:5:26":0,"s:6:8:6:Infinity":0,"f:6:28:6:29":1,"s:6:35:6:41":1,"s:7:8:7:Infinity":2,"f:7:33:7:34":2,"s:7:40:7:51":3,"s:9:17:16:Infinity":4,"f:9:17:9:29":3,"s:10:4:15:Infinity":5,"s:11:6:11:Infinity":6,"s:13:6:13:Infinity":7,"s:14:6:14:Infinity":8,"s:18:2:18:Infinity":9},"fnNames":{}}}
,"C:\\Users\\HOME\\Desktop\\UTAxi\\client\\src\\hooks\\useNotifications.ts": {"path":"C:\\Users\\HOME\\Desktop\\UTAxi\\client\\src\\hooks\\useNotifications.ts","statementMap":{"0":{"start":{"line":85,"column":8},"end":{"line":85,"column":null}},"1":{"start":{"line":85,"column":42},"end":{"line":85,"column":55}},"2":{"start":{"line":86,"column":8},"end":{"line":86,"column":null}},"3":{"start":{"line":89,"column":8},"end":{"line":89,"column":null}},"4":{"start":{"line":90,"column":8},"end":{"line":90,"column":null}},"5":{"start":{"line":91,"column":8},"end":{"line":91,"column":null}},"6":{"start":{"line":92,"column":8},"end":{"line":92,"column":null}},"7":{"start":{"line":93,"column":8},"end":{"line":93,"column":null}},"8":{"start":{"line":94,"column":8},"end":{"line":94,"column":null}},"9":{"start":{"line":95,"column":8},"end":{"line":95,"column":null}},"10":{"start":{"line":96,"column":8},"end":{"line":96,"column":null}},"11":{"start":{"line":98,"column":2},"end":{"line":98,"column":null}},"12":{"start":{"line":99,"column":2},"end":{"line":99,"column":null}},"13":{"start":{"line":100,"column":2},"end":{"line":100,"column":null}},"14":{"start":{"line":101,"column":2},"end":{"line":101,"column":null}},"15":{"start":{"line":102,"column":2},"end":{"line":102,"column":null}},"16":{"start":{"line":103,"column":2},"end":{"line":103,"column":null}},"17":{"start":{"line":104,"column":2},"end":{"line":104,"column":null}},"18":{"start":{"line":105,"column":2},"end":{"line":105,"column":null}},"19":{"start":{"line":107,"column":2},"end":{"line":135,"column":null}},"20":{"start":{"line":108,"column":4},"end":{"line":108,"column":null}},"21":{"start":{"line":108,"column":22},"end":{"line":108,"column":null}},"22":{"start":{"line":110,"column":23},"end":{"line":110,"column":null}},"23":{"start":{"line":111,"column":10},"end":{"line":114,"column":null}},"24":{"start":{"line":115,"column":4},"end":{"line":115,"column":null}},"25":{"start":{"line":117,"column":4},"end":{"line":117,"column":null}},"26":{"start":{"line":117,"column":61},"end":{"line":117,"column":92}},"27":{"start":{"line":118,"column":4},"end":{"line":118,"column":null}},"28":{"start":{"line":118,"column":55},"end":{"line":118,"column":83}},"29":{"start":{"line":119,"column":4},"end":{"line":119,"column":null}},"30":{"start":{"line":119,"column":57},"end":{"line":119,"column":86}},"31":{"start":{"line":120,"column":4},"end":{"line":126,"column":null}},"32":{"start":{"line":121,"column":6},"end":{"line":125,"column":null}},"33":{"start":{"line":122,"column":8},"end":{"line":122,"column":null}},"34":{"start":{"line":124,"column":8},"end":{"line":124,"column":null}},"35":{"start":{"line":127,"column":4},"end":{"line":127,"column":null}},"36":{"start":{"line":127,"column":65},"end":{"line":127,"column":89}},"37":{"start":{"line":128,"column":4},"end":{"line":128,"column":null}},"38":{"start":{"line":128,"column":70},"end":{"line":128,"column":103}},"39":{"start":{"line":129,"column":4},"end":{"line":129,"column":null}},"40":{"start":{"line":129,"column":79},"end":{"line":129,"column":118}},"41":{"start":{"line":131,"column":4},"end":{"line":134,"column":null}},"42":{"start":{"line":132,"column":6},"end":{"line":132,"column":null}},"43":{"start":{"line":133,"column":6},"end":{"line":133,"column":null}},"44":{"start":{"line":137,"column":2},"end":{"line":137,"column":null}}},"fnMap":{"0":{"name":"useNotifications","decl":{"start":{"line":75,"column":16},"end":{"line":75,"column":33}},"loc":{"start":{"line":84,"column":33},"end":{"line":138,"column":null}},"line":84},"1":{"name":"(anonymous_1)","decl":{"start":{"line":85,"column":35},"end":{"line":85,"column":36}},"loc":{"start":{"line":85,"column":42},"end":{"line":85,"column":55}},"line":85},"2":{"name":"(anonymous_2)","decl":{"start":{"line":107,"column":12},"end":{"line":107,"column":18}},"loc":{"start":{"line":107,"column":18},"end":{"line":135,"column":5}},"line":107},"3":{"name":"(anonymous_3)","decl":{"start":{"line":117,"column":32},"end":{"line":117,"column":33}},"loc":{"start":{"line":117,"column":61},"end":{"line":117,"column":92}},"line":117},"4":{"name":"(anonymous_4)","decl":{"start":{"line":118,"column":29},"end":{"line":118,"column":30}},"loc":{"start":{"line":118,"column":55},"end":{"line":118,"column":83}},"line":118},"5":{"name":"(anonymous_5)","decl":{"start":{"line":119,"column":30},"end":{"line":119,"column":31}},"loc":{"start":{"line":119,"column":57},"end":{"line":119,"column":86}},"line":119},"6":{"name":"(anonymous_6)","decl":{"start":{"line":120,"column":32},"end":{"line":120,"column":33}},"loc":{"start":{"line":120,"column":99},"end":{"line":126,"column":5}},"line":120},"7":{"name":"(anonymous_7)","decl":{"start":{"line":127,"column":43},"end":{"line":127,"column":44}},"loc":{"start":{"line":127,"column":65},"end":{"line":127,"column":89}},"line":127},"8":{"name":"(anonymous_8)","decl":{"start":{"line":128,"column":39},"end":{"line":128,"column":40}},"loc":{"start":{"line":128,"column":70},"end":{"line":128,"column":103}},"line":128},"9":{"name":"(anonymous_9)","decl":{"start":{"line":129,"column":42},"end":{"line":129,"column":43}},"loc":{"start":{"line":129,"column":79},"end":{"line":129,"column":118}},"line":129},"10":{"name":"(anonymous_10)","decl":{"start":{"line":131,"column":11},"end":{"line":131,"column":17}},"loc":{"start":{"line":131,"column":17},"end":{"line":134,"column":null}},"line":131}},"branchMap":{"0":{"loc":{"start":{"line":75,"column":33},"end":{"line":84,"column":33}},"type":"default-arg","locations":[{"start":{"line":84,"column":29},"end":{"line":84,"column":33}}],"line":75},"1":{"loc":{"start":{"line":108,"column":4},"end":{"line":108,"column":null}},"type":"if","locations":[{"start":{"line":108,"column":4},"end":{"line":108,"column":null}},{"start":{},"end":{}}],"line":108},"2":{"loc":{"start":{"line":110,"column":23},"end":{"line":110,"column":null}},"type":"cond-expr","locations":[{"start":{"line":110,"column":45},"end":{"line":110,"column":52}},{"start":{"line":110,"column":52},"end":{"line":110,"column":null}}],"line":110},"3":{"loc":{"start":{"line":110,"column":52},"end":{"line":110,"column":null}},"type":"binary-expr","locations":[{"start":{"line":110,"column":52},"end":{"line":110,"column":105}},{"start":{"line":110,"column":105},"end":{"line":110,"column":null}}],"line":110},"4":{"loc":{"start":{"line":121,"column":6},"end":{"line":125,"column":null}},"type":"if","locations":[{"start":{"line":121,"column":6},"end":{"line":125,"column":null}},{"start":{"line":123,"column":13},"end":{"line":125,"column":null}}],"line":121}},"s":{"0":7,"1":8,"2":7,"3":7,"4":7,"5":7,"6":7,"7":7,"8":7,"9":7,"10":7,"11":7,"12":7,"13":7,"14":7,"15":7,"16":7,"17":7,"18":7,"19":7,"20":7,"21":1,"22":6,"23":7,"24":7,"25":7,"26":1,"27":7,"28":1,"29":7,"30":0,"31":7,"32":0,"33":0,"34":0,"35":7,"36":0,"37":7,"38":0,"39":7,"40":0,"41":7,"42":6,"43":6,"44":7},"f":{"0":7,"1":8,"2":7,"3":1,"4":1,"5":0,"6":0,"7":0,"8":0,"9":0,"10":6},"b":{"0":[7],"1":[1,6],"2":[6,0],"3":[0,0],"4":[0,0]},"meta":{"lastBranch":5,"lastFunction":11,"lastStatement":45,"seen":{"f:75:16:75:33":0,"b:84:29:84:33":0,"s:85:8:85:Infinity":0,"f:85:35:85:36":1,"s:85:42:85:55":1,"s:86:8:86:Infinity":2,"s:89:8:89:Infinity":3,"s:90:8:90:Infinity":4,"s:91:8:91:Infinity":5,"s:92:8:92:Infinity":6,"s:93:8:93:Infinity":7,"s:94:8:94:Infinity":8,"s:95:8:95:Infinity":9,"s:96:8:96:Infinity":10,"s:98:2:98:Infinity":11,"s:99:2:99:Infinity":12,"s:100:2:100:Infinity":13,"s:101:2:101:Infinity":14,"s:102:2:102:Infinity":15,"s:103:2:103:Infinity":16,"s:104:2:104:Infinity":17,"s:105:2:105:Infinity":18,"s:107:2:135:Infinity":19,"f:107:12:107:18":2,"b:108:4:108:Infinity:undefined:undefined:undefined:undefined":1,"s:108:4:108:Infinity":20,"s:108:22:108:Infinity":21,"s:110:23:110:Infinity":22,"b:110:45:110:52:110:52:110:Infinity":2,"b:110:52:110:105:110:105:110:Infinity":3,"s:111:10:114:Infinity":23,"s:115:4:115:Infinity":24,"s:117:4:117:Infinity":25,"f:117:32:117:33":3,"s:117:61:117:92":26,"s:118:4:118:Infinity":27,"f:118:29:118:30":4,"s:118:55:118:83":28,"s:119:4:119:Infinity":29,"f:119:30:119:31":5,"s:119:57:119:86":30,"s:120:4:126:Infinity":31,"f:120:32:120:33":6,"b:121:6:125:Infinity:123:13:125:Infinity":4,"s:121:6:125:Infinity":32,"s:122:8:122:Infinity":33,"s:124:8:124:Infinity":34,"s:127:4:127:Infinity":35,"f:127:43:127:44":7,"s:127:65:127:89":36,"s:128:4:128:Infinity":37,"f:128:39:128:40":8,"s:128:70:128:103":38,"s:129:4:129:Infinity":39,"f:129:42:129:43":9,"s:129:79:129:118":40,"s:131:4:134:Infinity":41,"f:131:11:131:17":10,"s:132:6:132:Infinity":42,"s:133:6:133:Infinity":43,"s:137:2:137:Infinity":44},"fnNames":{}}}
,"C:\\Users\\HOME\\Desktop\\UTAxi\\client\\src\\hooks\\useTracking.ts": {"path":"C:\\Users\\HOME\\Desktop\\UTAxi\\client\\src\\hooks\\useTracking.ts","statementMap":{"0":{"start":{"line":18,"column":8},"end":{"line":18,"column":null}},"1":{"start":{"line":18,"column":42},"end":{"line":18,"column":55}},"2":{"start":{"line":19,"column":8},"end":{"line":19,"column":null}},"3":{"start":{"line":20,"column":8},"end":{"line":20,"column":null}},"4":{"start":{"line":21,"column":42},"end":{"line":21,"column":null}},"5":{"start":{"line":22,"column":32},"end":{"line":22,"column":null}},"6":{"start":{"line":23,"column":24},"end":{"line":23,"column":null}},"7":{"start":{"line":25,"column":8},"end":{"line":32,"column":null}},"8":{"start":{"line":27,"column":6},"end":{"line":29,"column":null}},"9":{"start":{"line":28,"column":8},"end":{"line":28,"column":null}},"10":{"start":{"line":34,"column":2},"end":{"line":69,"column":null}},"11":{"start":{"line":35,"column":4},"end":{"line":35,"column":null}},"12":{"start":{"line":35,"column":33},"end":{"line":35,"column":null}},"13":{"start":{"line":37,"column":23},"end":{"line":37,"column":null}},"14":{"start":{"line":38,"column":10},"end":{"line":41,"column":null}},"15":{"start":{"line":42,"column":4},"end":{"line":42,"column":null}},"16":{"start":{"line":44,"column":4},"end":{"line":47,"column":null}},"17":{"start":{"line":45,"column":6},"end":{"line":45,"column":null}},"18":{"start":{"line":46,"column":6},"end":{"line":46,"column":null}},"19":{"start":{"line":49,"column":4},"end":{"line":51,"column":null}},"20":{"start":{"line":50,"column":6},"end":{"line":50,"column":null}},"21":{"start":{"line":53,"column":4},"end":{"line":55,"column":null}},"22":{"start":{"line":54,"column":6},"end":{"line":54,"column":null}},"23":{"start":{"line":58,"column":4},"end":{"line":62,"column":null}},"24":{"start":{"line":59,"column":6},"end":{"line":61,"column":null}},"25":{"start":{"line":60,"column":8},"end":{"line":60,"column":null}},"26":{"start":{"line":64,"column":4},"end":{"line":68,"column":null}},"27":{"start":{"line":65,"column":6},"end":{"line":65,"column":null}},"28":{"start":{"line":66,"column":6},"end":{"line":66,"column":null}},"29":{"start":{"line":67,"column":6},"end":{"line":67,"column":null}},"30":{"start":{"line":72,"column":2},"end":{"line":96,"column":null}},"31":{"start":{"line":73,"column":4},"end":{"line":73,"column":null}},"32":{"start":{"line":73,"column":33},"end":{"line":73,"column":null}},"33":{"start":{"line":75,"column":4},"end":{"line":78,"column":null}},"34":{"start":{"line":76,"column":6},"end":{"line":76,"column":null}},"35":{"start":{"line":77,"column":6},"end":{"line":77,"column":null}},"36":{"start":{"line":80,"column":4},"end":{"line":88,"column":null}},"37":{"start":{"line":82,"column":8},"end":{"line":82,"column":null}},"38":{"start":{"line":85,"column":8},"end":{"line":85,"column":null}},"39":{"start":{"line":90,"column":4},"end":{"line":95,"column":null}},"40":{"start":{"line":91,"column":6},"end":{"line":94,"column":null}},"41":{"start":{"line":92,"column":8},"end":{"line":92,"column":null}},"42":{"start":{"line":93,"column":8},"end":{"line":93,"column":null}},"43":{"start":{"line":98,"column":2},"end":{"line":98,"column":null}}},"fnMap":{"0":{"name":"useTracking","decl":{"start":{"line":17,"column":16},"end":{"line":17,"column":28}},"loc":{"start":{"line":17,"column":70},"end":{"line":99,"column":null}},"line":17},"1":{"name":"(anonymous_1)","decl":{"start":{"line":18,"column":35},"end":{"line":18,"column":36}},"loc":{"start":{"line":18,"column":42},"end":{"line":18,"column":55}},"line":18},"2":{"name":"(anonymous_2)","decl":{"start":{"line":26,"column":4},"end":{"line":26,"column":5}},"loc":{"start":{"line":26,"column":34},"end":{"line":30,"column":null}},"line":26},"3":{"name":"(anonymous_3)","decl":{"start":{"line":34,"column":12},"end":{"line":34,"column":18}},"loc":{"start":{"line":34,"column":18},"end":{"line":69,"column":5}},"line":34},"4":{"name":"(anonymous_4)","decl":{"start":{"line":44,"column":25},"end":{"line":44,"column":31}},"loc":{"start":{"line":44,"column":31},"end":{"line":47,"column":5}},"line":44},"5":{"name":"(anonymous_5)","decl":{"start":{"line":49,"column":28},"end":{"line":49,"column":34}},"loc":{"start":{"line":49,"column":34},"end":{"line":51,"column":5}},"line":49},"6":{"name":"(anonymous_6)","decl":{"start":{"line":53,"column":31},"end":{"line":53,"column":32}},"loc":{"start":{"line":53,"column":40},"end":{"line":55,"column":5}},"line":53},"7":{"name":"(anonymous_7)","decl":{"start":{"line":59,"column":35},"end":{"line":59,"column":36}},"loc":{"start":{"line":59,"column":61},"end":{"line":61,"column":7}},"line":59},"8":{"name":"(anonymous_8)","decl":{"start":{"line":64,"column":11},"end":{"line":64,"column":17}},"loc":{"start":{"line":64,"column":17},"end":{"line":68,"column":null}},"line":64},"9":{"name":"(anonymous_9)","decl":{"start":{"line":72,"column":12},"end":{"line":72,"column":18}},"loc":{"start":{"line":72,"column":18},"end":{"line":96,"column":5}},"line":72},"10":{"name":"(anonymous_10)","decl":{"start":{"line":81,"column":6},"end":{"line":81,"column":7}},"loc":{"start":{"line":81,"column":15},"end":{"line":83,"column":null}},"line":81},"11":{"name":"(anonymous_11)","decl":{"start":{"line":84,"column":6},"end":{"line":84,"column":7}},"loc":{"start":{"line":84,"column":15},"end":{"line":86,"column":null}},"line":84},"12":{"name":"(anonymous_12)","decl":{"start":{"line":90,"column":11},"end":{"line":90,"column":17}},"loc":{"start":{"line":90,"column":17},"end":{"line":95,"column":null}},"line":90}},"branchMap":{"0":{"loc":{"start":{"line":27,"column":6},"end":{"line":29,"column":null}},"type":"if","locations":[{"start":{"line":27,"column":6},"end":{"line":29,"column":null}},{"start":{},"end":{}}],"line":27},"1":{"loc":{"start":{"line":35,"column":4},"end":{"line":35,"column":null}},"type":"if","locations":[{"start":{"line":35,"column":4},"end":{"line":35,"column":null}},{"start":{},"end":{}}],"line":35},"2":{"loc":{"start":{"line":35,"column":8},"end":{"line":35,"column":33}},"type":"binary-expr","locations":[{"start":{"line":35,"column":8},"end":{"line":35,"column":24}},{"start":{"line":35,"column":24},"end":{"line":35,"column":33}}],"line":35},"3":{"loc":{"start":{"line":37,"column":23},"end":{"line":37,"column":null}},"type":"cond-expr","locations":[{"start":{"line":37,"column":45},"end":{"line":37,"column":52}},{"start":{"line":37,"column":52},"end":{"line":37,"column":null}}],"line":37},"4":{"loc":{"start":{"line":37,"column":52},"end":{"line":37,"column":null}},"type":"binary-expr","locations":[{"start":{"line":37,"column":52},"end":{"line":37,"column":105}},{"start":{"line":37,"column":105},"end":{"line":37,"column":null}}],"line":37},"5":{"loc":{"start":{"line":58,"column":4},"end":{"line":62,"column":null}},"type":"if","locations":[{"start":{"line":58,"column":4},"end":{"line":62,"column":null}},{"start":{},"end":{}}],"line":58},"6":{"loc":{"start":{"line":73,"column":4},"end":{"line":73,"column":null}},"type":"if","locations":[{"start":{"line":73,"column":4},"end":{"line":73,"column":null}},{"start":{},"end":{}}],"line":73},"7":{"loc":{"start":{"line":73,"column":8},"end":{"line":73,"column":33}},"type":"binary-expr","locations":[{"start":{"line":73,"column":8},"end":{"line":73,"column":21}},{"start":{"line":73,"column":21},"end":{"line":73,"column":33}}],"line":73},"8":{"loc":{"start":{"line":75,"column":4},"end":{"line":78,"column":null}},"type":"if","locations":[{"start":{"line":75,"column":4},"end":{"line":78,"column":null}},{"start":{},"end":{}}],"line":75},"9":{"loc":{"start":{"line":91,"column":6},"end":{"line":94,"column":null}},"type":"if","locations":[{"start":{"line":91,"column":6},"end":{"line":94,"column":null}},{"start":{},"end":{}}],"line":91}},"s":{"0":25,"1":25,"2":25,"3":25,"4":25,"5":25,"6":25,"7":25,"8":1,"9":1,"10":25,"11":14,"12":2,"13":12,"14":14,"15":14,"16":14,"17":7,"18":7,"19":14,"20":1,"21":14,"22":1,"23":14,"24":7,"25":1,"26":12,"27":12,"28":12,"29":12,"30":25,"31":22,"32":18,"33":4,"34":1,"35":1,"36":3,"37":1,"38":0,"39":3,"40":3,"41":3,"42":3,"43":25},"f":{"0":25,"1":25,"2":1,"3":14,"4":7,"5":1,"6":1,"7":1,"8":12,"9":22,"10":1,"11":0,"12":3},"b":{"0":[1,0],"1":[2,12],"2":[14,13],"3":[12,0],"4":[0,0],"5":[7,7],"6":[18,4],"7":[22,9],"8":[1,3],"9":[3,0]},"meta":{"lastBranch":10,"lastFunction":13,"lastStatement":44,"seen":{"f:17:16:17:28":0,"s:18:8:18:Infinity":0,"f:18:35:18:36":1,"s:18:42:18:55":1,"s:19:8:19:Infinity":2,"s:20:8:20:Infinity":3,"s:21:42:21:Infinity":4,"s:22:32:22:Infinity":5,"s:23:24:23:Infinity":6,"s:25:8:32:Infinity":7,"f:26:4:26:5":2,"b:27:6:29:Infinity:undefined:undefined:undefined:undefined":0,"s:27:6:29:Infinity":8,"s:28:8:28:Infinity":9,"s:34:2:69:Infinity":10,"f:34:12:34:18":3,"b:35:4:35:Infinity:undefined:undefined:undefined:undefined":1,"s:35:4:35:Infinity":11,"b:35:8:35:24:35:24:35:33":2,"s:35:33:35:Infinity":12,"s:37:23:37:Infinity":13,"b:37:45:37:52:37:52:37:Infinity":3,"b:37:52:37:105:37:105:37:Infinity":4,"s:38:10:41:Infinity":14,"s:42:4:42:Infinity":15,"s:44:4:47:Infinity":16,"f:44:25:44:31":4,"s:45:6:45:Infinity":17,"s:46:6:46:Infinity":18,"s:49:4:51:Infinity":19,"f:49:28:49:34":5,"s:50:6:50:Infinity":20,"s:53:4:55:Infinity":21,"f:53:31:53:32":6,"s:54:6:54:Infinity":22,"b:58:4:62:Infinity:undefined:undefined:undefined:undefined":5,"s:58:4:62:Infinity":23,"s:59:6:61:Infinity":24,"f:59:35:59:36":7,"s:60:8:60:Infinity":25,"s:64:4:68:Infinity":26,"f:64:11:64:17":8,"s:65:6:65:Infinity":27,"s:66:6:66:Infinity":28,"s:67:6:67:Infinity":29,"s:72:2:96:Infinity":30,"f:72:12:72:18":9,"b:73:4:73:Infinity:undefined:undefined:undefined:undefined":6,"s:73:4:73:Infinity":31,"b:73:8:73:21:73:21:73:33":7,"s:73:33:73:Infinity":32,"b:75:4:78:Infinity:undefined:undefined:undefined:undefined":8,"s:75:4:78:Infinity":33,"s:76:6:76:Infinity":34,"s:77:6:77:Infinity":35,"s:80:4:88:Infinity":36,"f:81:6:81:7":10,"s:82:8:82:Infinity":37,"f:84:6:84:7":11,"s:85:8:85:Infinity":38,"s:90:4:95:Infinity":39,"f:90:11:90:17":12,"b:91:6:94:Infinity:undefined:undefined:undefined:undefined":9,"s:91:6:94:Infinity":40,"s:92:8:92:Infinity":41,"s:93:8:93:Infinity":42,"s:98:2:98:Infinity":43},"fnNames":{}}}
,"C:\\Users\\HOME\\Desktop\\UTAxi\\client\\src\\lib\\utils.ts": {"path":"C:\\Users\\HOME\\Desktop\\UTAxi\\client\\src\\lib\\utils.ts","statementMap":{"0":{"start":{"line":5,"column":2},"end":{"line":5,"column":null}}},"fnMap":{"0":{"name":"cn","decl":{"start":{"line":4,"column":16},"end":{"line":4,"column":22}},"loc":{"start":{"line":4,"column":44},"end":{"line":6,"column":null}},"line":4}},"branchMap":{},"s":{"0":10},"f":{"0":10},"b":{},"meta":{"lastBranch":0,"lastFunction":1,"lastStatement":1,"seen":{"f:4:16:4:22":0,"s:5:2:5:Infinity":0},"fnNames":{}}}
,"C:\\Users\\HOME\\Desktop\\UTAxi\\client\\src\\pages\\admin\\AdminDashboard.tsx": {"path":"C:\\Users\\HOME\\Desktop\\UTAxi\\client\\src\\pages\\admin\\AdminDashboard.tsx","statementMap":{"0":{"start":{"line":9,"column":76},"end":{"line":13,"column":null}},"1":{"start":{"line":15,"column":74},"end":{"line":19,"column":null}},"2":{"start":{"line":21,"column":45},"end":{"line":28,"column":null}},"3":{"start":{"line":30,"column":90},"end":{"line":41,"column":null}},"4":{"start":{"line":44,"column":2},"end":{"line":44,"column":null}},"5":{"start":{"line":44,"column":48},"end":{"line":44,"column":52}},"6":{"start":{"line":48,"column":26},"end":{"line":48,"column":null}},"7":{"start":{"line":49,"column":24},"end":{"line":49,"column":null}},"8":{"start":{"line":50,"column":8},"end":{"line":50,"column":null}},"9":{"start":{"line":52,"column":8},"end":{"line":59,"column":null}},"10":{"start":{"line":53,"column":22},"end":{"line":53,"column":null}},"11":{"start":{"line":55,"column":6},"end":{"line":55,"column":null}},"12":{"start":{"line":56,"column":6},"end":{"line":56,"column":null}},"13":{"start":{"line":57,"column":6},"end":{"line":57,"column":null}},"14":{"start":{"line":61,"column":2},"end":{"line":136,"column":null}},"15":{"start":{"line":64,"column":24},"end":{"line":64,"column":68}},"16":{"start":{"line":64,"column":58},"end":{"line":64,"column":68}},"17":{"start":{"line":96,"column":16},"end":{"line":110,"column":null}},"18":{"start":{"line":98,"column":33},"end":{"line":98,"column":null}},"19":{"start":{"line":119,"column":31},"end":{"line":119,"column":null}},"20":{"start":{"line":128,"column":27},"end":{"line":128,"column":null}},"21":{"start":{"line":142,"column":24},"end":{"line":142,"column":null}},"22":{"start":{"line":143,"column":8},"end":{"line":143,"column":null}},"23":{"start":{"line":144,"column":8},"end":{"line":144,"column":null}},"24":{"start":{"line":146,"column":8},"end":{"line":154,"column":null}},"25":{"start":{"line":148,"column":6},"end":{"line":148,"column":null}},"26":{"start":{"line":150,"column":6},"end":{"line":150,"column":null}},"27":{"start":{"line":151,"column":6},"end":{"line":151,"column":null}},"28":{"start":{"line":152,"column":6},"end":{"line":152,"column":null}},"29":{"start":{"line":156,"column":2},"end":{"line":204,"column":null}},"30":{"start":{"line":159,"column":24},"end":{"line":159,"column":68}},"31":{"start":{"line":159,"column":58},"end":{"line":159,"column":68}},"32":{"start":{"line":175,"column":29},"end":{"line":175,"column":null}},"33":{"start":{"line":196,"column":27},"end":{"line":196,"column":null}},"34":{"start":{"line":210,"column":26},"end":{"line":213,"column":null}},"35":{"start":{"line":212,"column":19},"end":{"line":212,"column":null}},"36":{"start":{"line":212,"column":62},"end":{"line":212,"column":73}},"37":{"start":{"line":215,"column":47},"end":{"line":222,"column":null}},"38":{"start":{"line":224,"column":52},"end":{"line":227,"column":null}},"39":{"start":{"line":229,"column":2},"end":{"line":370,"column":null}},"40":{"start":{"line":232,"column":24},"end":{"line":232,"column":68}},"41":{"start":{"line":232,"column":58},"end":{"line":232,"column":68}},"42":{"start":{"line":245,"column":14},"end":{"line":245,"column":null}},"43":{"start":{"line":253,"column":73},"end":{"line":253,"column":77}},"44":{"start":{"line":289,"column":16},"end":{"line":292,"column":null}},"45":{"start":{"line":302,"column":20},"end":{"line":305,"column":null}},"46":{"start":{"line":322,"column":34},"end":{"line":322,"column":null}},"47":{"start":{"line":323,"column":36},"end":{"line":323,"column":null}},"48":{"start":{"line":324,"column":37},"end":{"line":324,"column":null}},"49":{"start":{"line":325,"column":20},"end":{"line":338,"column":null}},"50":{"start":{"line":351,"column":20},"end":{"line":362,"column":null}},"51":{"start":{"line":375,"column":20},"end":{"line":375,"column":null}},"52":{"start":{"line":376,"column":38},"end":{"line":376,"column":null}},"53":{"start":{"line":377,"column":50},"end":{"line":377,"column":null}},"54":{"start":{"line":378,"column":34},"end":{"line":378,"column":null}},"55":{"start":{"line":379,"column":44},"end":{"line":379,"column":null}},"56":{"start":{"line":380,"column":42},"end":{"line":380,"column":null}},"57":{"start":{"line":381,"column":40},"end":{"line":381,"column":null}},"58":{"start":{"line":382,"column":46},"end":{"line":382,"column":null}},"59":{"start":{"line":383,"column":46},"end":{"line":383,"column":null}},"60":{"start":{"line":384,"column":52},"end":{"line":384,"column":null}},"61":{"start":{"line":385,"column":38},"end":{"line":385,"column":null}},"62":{"start":{"line":386,"column":36},"end":{"line":386,"column":null}},"63":{"start":{"line":387,"column":40},"end":{"line":387,"column":null}},"64":{"start":{"line":388,"column":36},"end":{"line":388,"column":null}},"65":{"start":{"line":389,"column":22},"end":{"line":389,"column":null}},"66":{"start":{"line":390,"column":20},"end":{"line":390,"column":null}},"67":{"start":{"line":391,"column":8},"end":{"line":391,"column":null}},"68":{"start":{"line":392,"column":8},"end":{"line":392,"column":null}},"69":{"start":{"line":393,"column":8},"end":{"line":393,"column":null}},"70":{"start":{"line":395,"column":23},"end":{"line":395,"column":null}},"71":{"start":{"line":395,"column":42},"end":{"line":395,"column":63}},"72":{"start":{"line":395,"column":63},"end":{"line":395,"column":75}},"73":{"start":{"line":395,"column":75},"end":{"line":395,"column":98}},"74":{"start":{"line":396,"column":24},"end":{"line":396,"column":null}},"75":{"start":{"line":396,"column":30},"end":{"line":396,"column":null}},"76":{"start":{"line":398,"column":8},"end":{"line":401,"column":null}},"77":{"start":{"line":399,"column":4},"end":{"line":399,"column":null}},"78":{"start":{"line":400,"column":4},"end":{"line":400,"column":null}},"79":{"start":{"line":400,"column":19},"end":{"line":400,"column":65}},"80":{"start":{"line":403,"column":8},"end":{"line":407,"column":null}},"81":{"start":{"line":404,"column":4},"end":{"line":404,"column":null}},"82":{"start":{"line":404,"column":19},"end":{"line":404,"column":null}},"83":{"start":{"line":405,"column":4},"end":{"line":405,"column":null}},"84":{"start":{"line":406,"column":4},"end":{"line":406,"column":null}},"85":{"start":{"line":409,"column":8},"end":{"line":415,"column":null}},"86":{"start":{"line":410,"column":4},"end":{"line":410,"column":null}},"87":{"start":{"line":410,"column":29},"end":{"line":410,"column":null}},"88":{"start":{"line":411,"column":15},"end":{"line":411,"column":null}},"89":{"start":{"line":412,"column":15},"end":{"line":412,"column":null}},"90":{"start":{"line":413,"column":4},"end":{"line":413,"column":null}},"91":{"start":{"line":414,"column":4},"end":{"line":414,"column":null}},"92":{"start":{"line":417,"column":8},"end":{"line":417,"column":null}},"93":{"start":{"line":417,"column":40},"end":{"line":417,"column":67}},"94":{"start":{"line":418,"column":38},"end":{"line":418,"column":null}},"95":{"start":{"line":419,
[...]
:null}}],"line":294},"17":{"loc":{"start":{"line":303,"column":21},"end":{"line":325,"column":null}},"type":"binary-expr","locations":[{"start":{"line":303,"column":21},"end":{"line":303,"column":36}},{"start":{"line":303,"column":36},"end":{"line":303,"column":null}},{"start":{"line":304,"column":22},"end":{"line":325,"column":null}}],"line":303},"18":{"loc":{"start":{"line":316,"column":29},"end":{"line":316,"column":null}},"type":"cond-expr","locations":[{"start":{"line":316,"column":51},"end":{"line":316,"column":69}},{"start":{"line":316,"column":69},"end":{"line":316,"column":null}}],"line":316},"19":{"loc":{"start":{"line":328,"column":20},"end":{"line":396,"column":null}},"type":"cond-expr","locations":[{"start":{"line":329,"column":18},"end":{"line":331,"column":null}},{"start":{"line":332,"column":20},"end":{"line":396,"column":null}}],"line":328},"20":{"loc":{"start":{"line":332,"column":20},"end":{"line":396,"column":null}},"type":"cond-expr","locations":[{"start":{"line":333,"column":18},"end":{"line":335,"column":null}},{"start":{"line":336,"column":20},"end":{"line":396,"column":null}}],"line":332},"21":{"loc":{"start":{"line":336,"column":20},"end":{"line":396,"column":null}},"type":"cond-expr","locations":[{"start":{"line":337,"column":18},"end":{"line":370,"column":null}},{"start":{"line":373,"column":18},"end":{"line":396,"column":null}}],"line":336},"22":{"loc":{"start":{"line":337,"column":18},"end":{"line":370,"column":null}},"type":"cond-expr","locations":[{"start":{"line":338,"column":20},"end":{"line":346,"column":null}},{"start":{"line":346,"column":20},"end":{"line":370,"column":null}}],"line":337},"23":{"loc":{"start":{"line":353,"column":28},"end":{"line":355,"column":null}},"type":"cond-expr","locations":[{"start":{"line":354,"column":32},"end":{"line":354,"column":null}},{"start":{"line":355,"column":32},"end":{"line":355,"column":null}}],"line":353},"24":{"loc":{"start":{"line":358,"column":31},"end":{"line":358,"column":null}},"type":"cond-expr","locations":[{"start":{"line":358,"column":44},"end":{"line":358,"column":61}},{"start":{"line":358,"column":61},"end":{"line":358,"column":null}}],"line":358},"25":{"loc":{"start":{"line":360,"column":29},"end":{"line":360,"column":null}},"type":"cond-expr","locations":[{"start":{"line":360,"column":42},"end":{"line":360,"column":65}},{"start":{"line":360,"column":65},"end":{"line":360,"column":null}}],"line":360},"26":{"loc":{"start":{"line":382,"column":21},"end":{"line":383,"column":null}},"type":"binary-expr","locations":[{"start":{"line":382,"column":21},"end":{"line":382,"column":null}},{"start":{"line":383,"column":22},"end":{"line":383,"column":null}}],"line":382},"27":{"loc":{"start":{"line":411,"column":19},"end":{"line":415,"column":null}},"type":"binary-expr","locations":[{"start":{"line":411,"column":19},"end":{"line":411,"column":null}},{"start":{"line":412,"column":20},"end":{"line":415,"column":null}}],"line":411},"28":{"loc":{"start":{"line":444,"column":15},"end":{"line":451,"column":null}},"type":"binary-expr","locations":[{"start":{"line":444,"column":15},"end":{"line":444,"column":null}},{"start":{"line":445,"column":16},"end":{"line":451,"column":null}}],"line":444},"29":{"loc":{"start":{"line":494,"column":5},"end":{"line":564,"column":null}},"type":"binary-expr","locations":[{"start":{"line":494,"column":5},"end":{"line":494,"column":24}},{"start":{"line":494,"column":24},"end":{"line":494,"column":null}},{"start":{"line":495,"column":6},"end":{"line":564,"column":null}}],"line":494},"30":{"loc":{"start":{"line":497,"column":26},"end":{"line":497,"column":86}},"type":"if","locations":[{"start":{"line":497,"column":26},"end":{"line":497,"column":86}},{"start":{},"end":{}}],"line":497},"31":{"loc":{"start":{"line":525,"column":13},"end":{"line":529,"column":null}},"type":"binary-expr","locations":[{"start":{"line":525,"column":13},"end":{"line":525,"column":null}},{"start":{"line":526,"column":14},"end":{"line":529,"column":null}}],"line":525},"32":{"loc":{"start":{"line":546,"column":59},"end":{"line":546,"column":79}},"type":"binary-expr","locations":[{"start":{"line":546,"column":59},"end":{"line":546,"column":70}},{"start":{"line":546,"column":70},"end":{"line":546,"column":79}}],"line":546},"33":{"loc":{"start":{"line":551,"column":31},"end":{"line":551,"column":null}},"type":"binary-expr","locations":[{"start":{"line":551,"column":31},"end":{"line":551,"column":129}},{"start":{"line":551,"column":129},"end":{"line":551,"column":169}},{"start":{"line":551,"column":169},"end":{"line":551,"column":null}}],"line":551},"34":{"loc":{"start":{"line":560,"column":15},"end":{"line":560,"column":null}},"type":"cond-expr","locations":[{"start":{"line":560,"column":32},"end":{"line":560,"column":48}},{"start":{"line":560,"column":48},"end":{"line":560,"column":null}}],"line":560}},"s":{"0":1,"1":1,"2":13,"3":13,"4":13,"5":13,"6":13,"7":13,"8":13,"9":13,"10":13,"11":13,"12":13,"13":13,"14":7,"15":5,"16":13,"17":7,"18":7,"19":13,"20":0,"21":13,"22":13,"23":0,"24":0,"25":0,"26":13,"27":7,"28":6,"29":1,"30":5,"31":5,"32":5,"33":5,"34":13,"35":13,"36":13,"37":10,"38":13,"39":25,"40":0,"41":0,"42":0,"43":0,"44":0,"45":0,"46":0,"47":0,"48":0,"49":0,"50":0,"51":0,"52":0,"53":0,"54":0,"55":0,"56":0,"57":0,"58":0,"59":0,"60":0,"61":0,"62":0,"63":0,"64":0,"65":0,"66":0,"67":0,"68":0},"f":{"0":1,"1":13,"2":13,"3":7,"4":5,"5":7,"6":7,"7":0,"8":0,"9":0,"10":10,"11":25,"12":0,"13":0,"14":0,"15":0,"16":0,"17":0,"18":0,"19":0,"20":0,"21":0,"22":0,"23":0,"24":0,"25":0,"26":0,"27":0},"b":{"0":[13,13],"1":[13,13],"2":[13,0],"3":[7,6],"4":[1,5],"5":[6,5],"6":[25,0],"7":[13,0],"8":[13,0],"9":[13,0],"10":[13,5,0],"11":[0,0],"12":[0,0],"13":[1,4],"14":[1,3],"15":[1,1],"16":[1,1,1],"17":[1,1,0],"18":[0,0],"19":[1,2],"20":[0,2],"21":[0,2],"22":[0,0],"23":[0,0],"24":[0,0],"25":[0,0],"26":[2,0],"27":[13,1],"28":[13,4],"29":[13,0,0],"30":[0,0],"31":[0,0],"32":[0,0],"33":[0,0,0],"34":[0,0]},"meta":{"lastBranch":35,"lastFunction":28,"lastStatement":69,"seen":{"s:9:6:9:Infinity":0,"f:9:22:9:28":0,"s:9:28:9:Infinity":1,"f:11:24:11:37":1,"s:12:13:12:Infinity":2,"s:13:8:13:Infinity":3,"s:14:8:14:Infinity":4,"f:14:28:14:29":2,"s:14:35:14:41":5,"s:15:8:15:Infinity":6,"s:16:28:16:Infinity":7,"s:17:38:17:Infinity":8,"s:18:36:18:Infinity":9,"s:19:40:19:Infinity":10,"s:20:44:20:Infinity":11,"s:21:42:21:Infinity":12,"s:23:35:27:Infinity":13,"f:25:13:25:19":3,"s:25:19:25:Infinity":14,"f:25:50:25:51":4,"s:25:57:25:68":15,"s:30:27:34:Infinity":16,"f:32:13:32:19":5,"s:32:19:32:Infinity":17,"f:32:52:32:53":6,"s:32:59:32:74":18,"b:33:13:33:21:33:21:33:Infinity":0,"s:35:24:35:Infinity":19,"b:35:24:35:68:35:68:35:Infinity":1,"f:35:41:35:42":7,"s:35:48:35:63":20,"s:36:27:36:Infinity":21,"b:36:27:36:46:36:46:36:Infinity":2,"s:38:8:44:Infinity":22,"f:39:16:39:17":8,"s:39:36:39:Infinity":23,"f:40:15:40:21":9,"s:41:6:41:Infinity":24,"s:42:6:42:Infinity":25,"b:46:2:52:Infinity:undefined:undefined:undefined:undefined":3,"s:46:2:52:Infinity":26,"s:47:4:50:Infinity":27,"b:54:2:62:Infinity:undefined:undefined:undefined:undefined":4,"s:54:2:62:Infinity":28,"b:54:6:54:17:54:17:54:24":5,"s:55:4:60:Infinity":29,"s:64:15:64:Infinity":30,"s:65:18:65:Infinity":31,"s:66:18:66:Infinity":32,"s:67:19:67:Infinity":33,"s:68:23:68:Infinity":34,"s:69:22:69:Infinity":35,"s:71:25:75:Infinity":36,"f:74:9:74:10":10,"s:74:16:74:20":37,"s:77:2:566:Infinity":38,"f:111:43:111:44":11,"s:112:24:119:Infinity":39,"b:115:78:115:106:115:106:115:Infinity":6,"b:123:24:123:50:123:50:123:52":7,"b:128:21:128:Infinity:129:22:134:Infinity":8,"b:140:21:140:Infinity:141:22:144:Infinity":9,"b:194:14:194:28:194:28:194:Infinity:195:14:221:Infinity":10,"b:203:17:203:Infinity:204:18:211:Infinity":11,"f:205:64:205:65":12,"s:206:22:209:Infinity":40,"b:214:17:214:Infinity:215:18:219:Infinity":12,"b:265:18:273:Infinity:274:20:396:Infinity":13,"f:266:29:266:35":13,"s:266:35:266:Infinity":41,"b:275:18:327:Infinity:328:20:396:Infinity":14,"f:277:31:277:37":14,"s:277:37:277:Infinity":42,"b:285:21:285:Infinity:286:22:292:Infinity":15,"f:287:33:287:39":15,"s:287:39:287:Infinity":43,"b:294:21:294:36:294:36:294:Infinity:295:22:301:Infinity":16,"f:296:33:296:39":16,"s:296:39:296:Infinity":44,"b:303:21:303:36:303:36:303:Infinity:304:22:325:Infinity":17,"f:311:37:311:43":17,"s:311:43:311:Infinity":45,"b:316:51:316:69:316:69:316:Infinity":18,"f:319:37:319:43":18,"s:319:43:319:Infinity":46,"b:329:18:331:Infinity:332:20:396:Infinity":19,"b:333:18:335:Infinity:336:20:396:Infinity":20,"b:337:18:370:Infinity:373:18:396:Infinity":21,"b:338:20:346:Infinity:346:20:370:Infinity":22,"f:348:21:348:27":19,"s:349:41:349:Infinity":47,"s:350:22:368:Infinity":48,"b:354:32:354:Infinity:355:32:355:Infinity":23,"b:358:44:358:61:358:61:358:Infinity":24,"b:360:42:360:65:360:65:360:Infinity":25,"f:363:37:363:43":20,"s:363:43:363:Infinity":49,"f:376:32:376:33":21,"s:376:39:376:Infinity":50,"b:382:21:382:Infinity:383:22:383:Infinity":26,"f:386:31:386:37":22,"s:386:39:386:60":51,"s:386:60:386:85":52,"b:411:19:411:Infinity:412:20:415:Infinity":27,"b:444:15:444:Infinity:445:16:451:Infinity":28,"f:446:27:446:33":23,"s:446:33:446:Infinity":53,"b:494:5:494:24:494:24:494:Infinity:495:6:564:Infinity":29,"f:497:17:497:18":24,"b:497:26:497:86:undefined:undefined:undefined:undefined":30,"s:497:26:497:86":54,"s:497:60:497:86":55,"f:518:18:518:19":25,"s:519:14:522:Infinity":56,"b:525:13:525:Infinity:526:14:529:Infinity":31,"f:535:23:535:29":26,"s:535:29:535:Infinity":57,"f:542:23:542:35":27,"s:543:16:543:Infinity":58,"s:544:16:556:Infinity":59,"s:545:18:545:Infinity":60,"s:546:18:546:Infinity":61,"b:546:59:546:70:546:70:546:79":32,"s:547:18:547:Infinity":62,"s:548:18:548:Infinity":63,"s:549:18:549:Infinity":64,"s:551:31:551:Infinity":65,"b:551:31:551:129:551:129:551:169:551:169:551:Infinity":33,"s:552:18:552:Infinity":66,"s:553:18:553:Infinity":67,"s:555:18:555:Infinity":68,"b:560:32:560:48:560:48:560:Infinity":34},"fnNames":{}}}
,"C:\\Users\\HOME\\Desktop\\UTAxi\\client\\src\\pages\\trips\\TripList.tsx": {"path":"C:\\Users\\HOME\\Desktop\\UTAxi\\client\\src\\pages\\trips\\TripList.tsx","statementMap":{"0":{"start":{"line":9,"column":36},"end":{"line":9,"column":null}},"1":{"start":{"line":10,"column":26},"end":{"line":10,"column":null}},"2":{"start":{"line":11,"column":22},"end":{"line":11,"column":null}},"3":{"start":{"line":12,"column":22},"end":{"line":12,"column":null}},"4":{"start":{"line":14,"column":40},"end":{"line":14,"column":null}},"5":{"start":{"line":16,"column":26},"end":{"line":23,"column":null}},"6":{"start":{"line":19,"column":6},"end":{"line":22,"column":null}},"7":{"start":{"line":22,"column":21},"end":{"line":22,"column":27}},"8":{"start":{"line":25,"column":16},"end":{"line":25,"column":null}},"9":{"start":{"line":27,"column":17},"end":{"line":30,"column":null}},"10":{"start":{"line":28,"column":4},"end":{"line":28,"column":null}},"11":{"start":{"line":28,"column":27},"end":{"line":28,"column":null}},"12":{"start":{"line":29,"column":4},"end":{"line":29,"column":null}},"13":{"start":{"line":32,"column":23},"end":{"line":34,"column":null}},"14":{"start":{"line":33,"column":4},"end":{"line":33,"column":null}},"15":{"start":{"line":36,"column":2},"end":{"line":207,"column":null}},"16":{"start":{"line":62,"column":37},"end":{"line":62,"column":null}},"17":{"start":{"line":78,"column":37},"end":{"line":78,"column":null}},"18":{"start":{"line":94,"column":37},"end":{"line":94,"column":null}},"19":{"start":{"line":121,"column":29},"end":{"line":121,"column":null}},"20":{"start":{"line":131,"column":29},"end":{"line":131,"column":null}},"21":{"start":{"line":147,"column":14},"end":{"line":147,"column":null}},"22":{"start":{"line":155,"column":31},"end":{"line":155,"column":51}},"23":{"start":{"line":155,"column":51},"end":{"line":155,"column":66}},"24":{"start":{"line":155,"column":66},"end":{"line":155,"column":116}},"25":{"start":{"line":164,"column":14},"end":{"line":164,"column":null}}},"fnMap":{"0":{"name":"TripList","decl":{"start":{"line":8,"column":24},"end":{"line":8,"column":35}},"loc":{"start":{"line":8,"column":35},"end":{"line":209,"column":null}},"line":8},"1":{"name":"(anonymous_1)","decl":{"start":{"line":18,"column":13},"end":{"line":18,"column":null}},"loc":{"start":{"line":19,"column":6},"end":{"line":22,"column":null}},"line":19},"2":{"name":"(anonymous_2)","decl":{"start":{"line":22,"column":14},"end":{"line":22,"column":15}},"loc":{"start":{"line":22,"column":21},"end":{"line":22,"column":27}},"line":22},"3":{"name":"(anonymous_3)","decl":{"start":{"line":27,"column":33},"end":{"line":27,"column":34}},"loc":{"start":{"line":27,"column":43},"end":{"line":30,"column":3}},"line":27},"4":{"name":"(anonymous_4)","decl":{"start":{"line":32,"column":23},"end":{"line":32,"column":29}},"loc":{"start":{"line":32,"column":29},"end":{"line":34,"column":null}},"line":32},"5":{"name":"(anonymous_5)","decl":{"start":{"line":62,"column":30},"end":{"line":62,"column":31}},"loc":{"start":{"line":62,"column":37},"end":{"line":62,"column":null}},"line":62},"6":{"name":"(anonymous_6)","decl":{"start":{"line":78,"column":30},"end":{"line":78,"column":31}},"loc":{"start":{"line":78,"column":37},"end":{"line":78,"column":null}},"line":78},"7":{"name":"(anonymous_7)","decl":{"start":{"line":94,"column":30},"end":{"line":94,"column":31}},"loc":{"start":{"line":94,"column":37},"end":{"line":94,"column":null}},"line":94},"8":{"name":"(anonymous_8)","decl":{"start":{"line":121,"column":23},"end":{"line":121,"column":29}},"loc":{"start":{"line":121,"column":29},"end":{"line":121,"column":null}},"line":121},"9":{"name":"(anonymous_9)","decl":{"start":{"line":131,"column":23},"end":{"line":131,"column":29}},"loc":{"start":{"line":131,"column":29},"end":{"line":131,"column":null}},"line":131},"10":{"name":"(anonymous_10)","decl":{"start":{"line":146,"column":31},"end":{"line":146,"column":32}},"loc":{"start":{"line":147,"column":14},"end":{"line":147,"column":null}},"line":147},"11":{"name":"(anonymous_11)","decl":{"start":{"line":155,"column":23},"end":{"line":155,"column":29}},"loc":{"start":{"line":155,"column":29},"end":{"line":155,"column":null}},"line":155},"12":{"name":"(anonymous_12)","decl":{"start":{"line":163,"column":24},"end":{"line":163,"column":25}},"loc":{"start":{"line":164,"column":14},"end":{"line":164,"column":null}},"line":164}},"branchMap":{"0":{"loc":{"start":{"line":20,"column":25},"end":{"line":20,"column":null}},"type":"binary-expr","locations":[{"start":{"line":20,"column":25},"end":{"line":20,"column":54}},{"start":{"line":20,"column":54},"end":{"line":20,"column":null}}],"line":20},"1":{"loc":{"start":{"line":25,"column":16},"end":{"line":25,"column":null}},"type":"binary-expr","locations":[{"start":{"line":25,"column":16},"end":{"line":25,"column":31}},{"start":{"line":25,"column":31},"end":{"line":25,"column":null}}],"line":25},"2":{"loc":{"start":{"line":28,"column":4},"end":{"line":28,"column":null}},"type":"if","locations":[{"start":{"line":28,"column":4},"end":{"line":28,"column":null}},{"start":{},"end":{}}],"line":28},"3":{"loc":{"start":{"line":116,"column":15},"end":{"line":116,"column":null}},"type":"cond-expr","locations":[{"start":{"line":116,"column":27},"end":{"line":116,"column":43}},{"start":{"line":116,"column":43},"end":{"line":116,"column":null}}],"line":116},"4":{"loc":{"start":{"line":123,"column":16},"end":{"line":125,"column":null}},"type":"cond-expr","locations":[{"start":{"line":124,"column":20},"end":{"line":124,"column":null}},{"start":{"line":125,"column":20},"end":{"line":125,"column":null}}],"line":123},"5":{"loc":{"start":{"line":133,"column":16},"end":{"line":135,"column":null}},"type":"cond-expr","locations":[{"start":{"line":134,"column":20},"end":{"line":134,"column":null}},{"start":{"line":135,"column":20},"end":{"line":135,"column":null}}],"line":133},"6":{"loc":{"start":{"line":144,"column":9},"end":{"line":166,"column":null}},"type":"cond-expr","locations":[{"start":{"line":145,"column":10},"end":{"line":149,"column":null}},{"start":{"line":150,"column":12},"end":{"line":166,"column":null}}],"line":144},"7":{"loc":{"start":{"line":150,"column":12},"end":{"line":166,"column":null}},"type":"cond-expr","locations":[{"start":{"line":151,"column":10},"end":{"line":160,"column":null}},{"start":{"line":162,"column":10},"end":{"line":166,"column":null}}],"line":150}},"s":{"0":19,"1":19,"2":19,"3":19,"4":19,"5":19,"6":8,"7":7,"8":19,"9":19,"10":9,"11":0,"12":9,"13":19,"14":1,"15":19,"16":0,"17":6,"18":0,"19":0,"20":0,"21":48,"22":0,"23":0,"24":0,"25":18},"f":{"0":19,"1":8,"2":7,"3":9,"4":1,"5":0,"6":6,"7":0,"8":0,"9":0,"10":48,"11":0,"12":18},"b":{"0":[8,7],"1":[19,8],"2":[0,9],"3":[8,11],"4":[19,0],"5":[0,19],"6":[8,11],"7":[2,9]},"meta":{"lastBranch":8,"lastFunction":13,"lastStatement":26,"seen":{"f:8:24:8:35":0,"s:9:36:9:Infinity":0,"s:10:26:10:Infinity":1,"s:11:22:11:Infinity":2,"s:12:22:12:Infinity":3,"s:14:40:14:Infinity":4,"s:16:26:23:Infinity":5,"f:18:13:18:Infinity":1,"s:19:6:22:Infinity":6,"b:20:25:20:54:20:54:20:Infinity":0,"f:22:14:22:15":2,"s:22:21:22:27":7,"s:25:16:25:Infinity":8,"b:25:16:25:31:25:31:25:Infinity":1,"s:27:17:30:Infinity":9,"f:27:33:27:34":3,"b:28:4:28:Infinity:undefined:undefined:undefined:undefined":2,"s:28:4:28:Infinity":10,"s:28:27:28:Infinity":11,"s:29:4:29:Infinity":12,"s:32:23:34:Infinity":13,"f:32:23:32:29":4,"s:33:4:33:Infinity":14,"s:36:2:207:Infinity":15,"f:62:30:62:31":5,"s:62:37:62:Infinity":16,"f:78:30:78:31":6,"s:78:37:78:Infinity":17,"f:94:30:94:31":7,"s:94:37:94:Infinity":18,"b:116:27:116:43:116:43:116:Infinity":3,"f:121:23:121:29":8,"s:121:29:121:Infinity":19,"b:124:20:124:Infinity:125:20:125:Infinity":4,"f:131:23:131:29":9,"s:131:29:131:Infinity":20,"b:134:20:134:Infinity:135:20:135:Infinity":5,"b:145:10:149:Infinity:150:12:166:Infinity":6,"f:146:31:146:32":10,"s:147:14:147:Infinity":21,"b:151:10:160:Infinity:162:10:166:Infinity":7,"f:155:23:155:29":11,"s:155:31:155:51":22,"s:155:51:155:66":23,"s:155:66:155:116":24,"f:163:24:163:25":12,"s:164:14:164:Infinity":25},"fnNames":{}}}
,"C:\\Users\\HOME\\Desktop\\UTAxi\\client\\src\\store\\authStore.ts": {"path":"C:\\Users\\HOME\\Desktop\\UTAxi\\client\\src\\store\\authStore.ts","statementMap":{"0":{"start":{"line":26,"column":13},"end":{"line":41,"column":null}},"1":{"start":{"line":28,"column":14},"end":{"line":34,"column":null}},"2":{"start":{"line":31,"column":38},"end":{"line":31,"column":null}},"3":{"start":{"line":32,"column":33},"end":{"line":32,"column":null}},"4":{"start":{"line":33,"column":23},"end":{"line":33,"column":null}},"5":{"start":{"line":38,"column":30},"end":{"line":38,"column":null}}},"fnMap":{"0":{"name":"(anonymous_0)","decl":{"start":{"line":28,"column":4},"end":{"line":28,"column":5}},"loc":{"start":{"line":28,"column":14},"end":{"line":34,"column":null}},"line":28},"1":{"name":"(anonymous_1)","decl":{"start":{"line":31,"column":15},"end":{"line":31,"column":16}},"loc":{"start":{"line":31,"column":38},"end":{"line":31,"column":null}},"line":31},"2":{"name":"(anonymous_2)","decl":{"start":{"line":32,"column":22},"end":{"line":32,"column":23}},"loc":{"start":{"line":32,"column":33},"end":{"line":32,"column":null}},"line":32},"3":{"name":"(anonymous_3)","decl":{"start":{"line":33,"column":17},"end":{"line":33,"column":23}},"loc":{"start":{"line":33,"column":23},"end":{"line":33,"column":null}},"line":33},"4":{"name":"(anonymous_4)","decl":{"start":{"line":38,"column":18},"end":{"line":38,"column":19}},"loc":{"start":{"line":38,"column":30},"end":{"line":38,"column":null}},"line":38}},"branchMap":{},"s":{"0":11,"1":11,"2":11,"3":2,"4":7,"5":160},"f":{"0":11,"1":11,"2":2,"3":7,"4":160},"b":{},"meta":{"lastBranch":0,"lastFunction":5,"lastStatement":6,"seen":{"s:26:13:41:Infinity":0,"f:28:4:28:5":0,"s:28:14:34:Infinity":1,"f:31:15:31:16":1,"s:31:38:31:Infinity":2,"f:32:22:32:23":2,"s:32:33:32:Infinity":3,"f:33:17:33:23":3,"s:33:23:33:Infinity":4,"f:38:18:38:19":4,"s:38:30:38:Infinity":5},"fnNames":{}}}
}
